resync\core\langfuse\prompt_manager.py:397: note:         def read(self, int | None = ..., /) -> Coroutine[Any, Any, str]
resync\core\langfuse\prompt_manager.py:397: note:         def read(self, int | None = ..., /) -> Coroutine[Any, Any, str]
resync\core\langfuse\prompt_manager.py:397: note:     Expected:
resync\core\langfuse\prompt_manager.py:397: note:     Expected:
resync\core\langfuse\prompt_manager.py:397: note:     Got:
resync\core\langfuse\prompt_manager.py:397: note:     Got:
resync\core\langfuse\prompt_manager.py:397: note: Following member(s) of "AsyncTextIOWrapper" have conflicts:
resync\core\langfuse\prompt_manager.py:397: note: Following member(s) of "AsyncTextIOWrapper" have conflicts:
resync\core\langfuse\prompt_manager.py:669: error: Incompatible types in assignment (expression has type "float", variable has type "int")  [assignment]
resync\core\langgraph\agent_graph.py:1048: error: Argument "tws_client" to "ServiceOrchestrator" has incompatible type "OptimizedTWSClient"; expected "ITWSClient"  [arg-type]
resync\core\langgraph\agent_graph.py:1054: error: Argument "job_name" to "investigate_job_failure" of "ServiceOrchestrator" has incompatible type "Any | None"; expected "str"  [arg-type]
resync\core\langgraph\agent_graph.py:1073: error: "OptimizedTWSClient" has no attribute "get_job_status"; maybe "get_job_status_cached"?  [attr-defined]
resync\core\langgraph\agent_graph.py:1114: error: Argument "tws_client" to "ServiceOrchestrator" has incompatible type "OptimizedTWSClient"; expected "ITWSClient"  [arg-type]
resync\core\langgraph\agent_graph.py:1244: error: "Coroutine[Any, Any, dict[str, Any]]" has no attribute "get"  [attr-defined]
resync\core\langgraph\agent_graph.py:1244: note: Maybe you forgot to use "await"?
resync\core\langgraph\agent_graph.py:1265: error: "Coroutine[Any, Any, dict[str, Any]]" has no attribute "get"  [attr-defined]
resync\core\langgraph\agent_graph.py:1265: note: Maybe you forgot to use "await"?
resync\core\langgraph\agent_graph.py:1311: error: "OptimizedTWSClient" has no attribute "execute_action"  [attr-defined]
resync\core\langgraph\agent_graph.py:1855: error: Function "builtins.callable" is not valid as a type  [valid-type]
resync\core\langgraph\agent_graph.py:1855: note: Perhaps you meant "typing.Callable" instead of "callable"?
resync\core\langgraph\agent_graph.py:1856: error: Function "builtins.callable" is not valid as a type  [valid-type]
resync\core\langgraph\agent_graph.py:1856: note: Perhaps you meant "typing.Callable" instead of "callable"?
resync\core\langgraph\agent_graph.py:1857: error: Function "builtins.callable" is not valid as a type  [valid-type]
resync\core\langgraph\agent_graph.py:1857: note: Perhaps you meant "typing.Callable" instead of "callable"?
resync\core\langgraph\agent_graph.py:1877: error: callable? not callable  [misc]
resync\core\langgraph\agent_graph.py:1880: error: callable? not callable  [misc]
resync\core\langgraph\agent_graph.py:1884: error: callable? not callable  [misc]
resync\core\langgraph\agent_graph.py:373: error: TypedDict key must be a string literal; expected one of ("message", "user_id", "session_id", "tws_instance_id", "conversation_history", ...)  [literal-required]
resync\core\langgraph\agent_graph.py:373: note: Error code "literal-required" not covered by "type: ignore" comment
resync\core\langgraph\agent_graph.py:443: error: Value of "intent" has incompatible type "Any | None"; expected "Intent"  [typeddict-item]
resync\core\langgraph\agent_graph.py:556: error: Argument "state" to "build_context" of "DocumentGraphRAG" has incompatible type "AgentState"; expected "dict[str, Any]"  [arg-type]
resync\core\langgraph\agent_graph.py:641: error: Value of type "dict[str, Any] | None" is not indexable  [index]
resync\core\langgraph\agent_graph.py:70: error: Cannot assign to a type  [misc]
resync\core\langgraph\agent_graph.py:70: error: Incompatible types in assignment (expression has type "None", variable has type "type[SemanticCache]")  [assignment]
resync\core\langgraph\agent_graph.py:74: error: Cannot find implementation or library stub for module named "langgraph.graph"  [import-not-found]
resync\core\langgraph\agent_graph.py:75: error: Cannot find implementation or library stub for module named "langgraph.types"  [import-not-found]
resync\core\langgraph\agent_graph.py:762: error: Argument "tws_client" to "ServiceOrchestrator" has incompatible type "OptimizedTWSClient"; expected "ITWSClient"  [arg-type]
resync\core\langgraph\agent_graph.py:836: error: "OptimizedTWSClient" has no attribute "get_job_status"; maybe "get_job_status_cached"?  [attr-defined]
resync\core\langgraph\agent_graph.py:892: error: "OptimizedTWSClient" has no attribute "execute_action"  [attr-defined]
resync\core\langgraph\agent_graph.py:922: error: "OptimizedTWSClient" has no attribute "get_job_status"; maybe "get_job_status_cached"?  [attr-defined]
resync\core\langgraph\checkpointer.py:189: error: Cannot find implementation or library stub for module named "langgraph.store.memory"  [import-not-found]
resync\core\langgraph\checkpointer.py:39: error: Cannot find implementation or library stub for module named "langgraph.checkpoint.postgres.aio"  [import-not-found]
resync\core\langgraph\checkpointer.py:49: error: Cannot find implementation or library stub for module named "langgraph_checkpoint_postgres"  [import-not-found]
resync\core\langgraph\diagnostic_graph.py:788: note: "diagnose_problem" defined here
resync\core\langgraph\diagnostic_graph.py:788: note: "diagnose_problem" defined here
resync\core\langgraph\incident_response.py:231: error: Incompatible types in assignment (expression has type "dict[str, Any]", variable has type "list[dict[str, Any]]")  [assignment]
resync\core\langgraph\incident_response.py:235: error: "list[dict[str, Any]]" has no attribute "get"  [attr-defined]
resync\core\langgraph\incident_response.py:248: error: Module "resync.api.v1.workstation_metrics_api" has no attribute "get_current_metrics"  [attr-defined]
resync\core\langgraph\incident_response.py:529: error: Module "resync.core.teams_webhook_handler" has no attribute "send_teams_message"  [attr-defined]
resync\core\langgraph\incident_response.py:53: error: Cannot find implementation or library stub for module named "langgraph.graph"  [import-not-found]
resync\core\langgraph\incident_response.py:714: error: Incompatible return value type (got "IncidentState", expected "dict[Any, Any]")  [return-value]
resync\core\langgraph\nodes.py:202: error: Incompatible types in assignment (expression has type "None", variable has type "dict[str, str]")  [assignment]
resync\core\langgraph\nodes.py:421: error: Incompatible types in assignment (expression has type "None", variable has type "list[str]")  [assignment]
resync\core\langgraph\nodes.py:85: error: Incompatible types in assignment (expression has type "None", variable has type "dict[str, list[str]]")  [assignment]
resync\core\langgraph\roma_graph.py:20: error: Cannot find implementation or library stub for module named "langgraph.graph"  [import-not-found]
resync\core\langgraph\roma_graph.py:65: error: Argument 1 to "atomizer_node" has incompatible type "dict[str, Any]"; expected "RomaState"  [arg-type]
resync\core\langgraph\roma_graph.py:69: error: Argument 1 to "planner_node" has incompatible type "dict[str, Any]"; expected "RomaState"  [arg-type]
resync\core\langgraph\roma_graph.py:71: error: Argument 1 to "executor_node" has incompatible type "dict[str, Any]"; expected "RomaState"  [arg-type]
resync\core\langgraph\roma_graph.py:74: error: Argument 1 to "aggregator_node" has incompatible type "dict[str, Any]"; expected "RomaState"  [arg-type]
resync\core\langgraph\roma_graph.py:77: error: Argument 1 to "verifier_node" has incompatible type "dict[str, Any]"; expected "RomaState"  [arg-type]
resync\core\langgraph\subgraphs.py:164: error: Module "resync.services.llm_service" has no attribute "get_llm_completion"  [attr-defined]
resync\core\langgraph\subgraphs.py:272: error: Module "resync.services.tws_service" has no attribute "get_tws_service"  [attr-defined]
resync\core\langgraph\subgraphs.py:317: error: Argument "query" to "search" of "RAGClient" has incompatible type "str | None"; expected "str"  [arg-type]
resync\core\langgraph\subgraphs.py:351: error: Need type annotation for "logs"  [var-annotated]
resync\core\langgraph\subgraphs.py:36: error: Cannot find implementation or library stub for module named "langgraph.graph"  [import-not-found]
resync\core\langgraph\subgraphs.py:37: error: Cannot find implementation or library stub for module named "langgraph.types"  [import-not-found]
resync\core\langgraph\subgraphs.py:388: error: Incompatible types in assignment (expression has type "float | int", variable has type "int")  [assignment]
resync\core\langgraph\subgraphs.py:407: error: Incompatible return value type (got "str", expected "list[Any]")  [return-value]
resync\core\langgraph\subgraphs.py:503: error: Module "resync.services.tws_service" has no attribute "get_tws_service"  [attr-defined]
resync\core\litellm_init.py:183: error: Incompatible types in assignment (expression has type "LiteLLMManager", variable has type "None")  [assignment]
resync\core\litellm_init.py:184: error: Incompatible return value type (got "None", expected "LiteLLMManager")  [return-value]
resync\core\litellm_init.py:243: error: Item "None" of "Any | None" has no attribute "get_secret_value"  [union-attr]
resync\core\llm_monitor.py:271: error: Incompatible types in assignment (expression has type "LLMCostMonitor", variable has type "None")  [assignment]
resync\core\llm_monitor.py:272: error: Incompatible return value type (got "None", expected "LLMCostMonitor")  [return-value]
resync\core\llm_monitor.py:57: note: By default the bodies of untyped functions are not checked, consider using --check-untyped-defs  [annotation-unchecked]
resync\core\llm_optimizer.py:125: error: Module "litellm" has no attribute "get_available_models"  [attr-defined]
resync\core\llm_optimizer.py:223: error: "CircuitBreaker" has no attribute "async_call"  [attr-defined]
resync\core\llm_optimizer.py:325: error: Unexpected keyword argument "error" for "error" of "Logger"  [call-arg]
resync\core\log_aggregator.py:1051: error: Incompatible types in assignment (expression has type "LogAggregator", variable has type "None")  [assignment]
resync\core\log_aggregator.py:1052: error: Incompatible return value type (got "None", expected "LogAggregator")  [return-value]
resync\core\log_aggregator.py:470: error: Module "resync.core.distributed_tracing" has no attribute "get_current_span_id"; maybe "current_span_id" or "get_current_trace_id"?  [attr-defined]
resync\core\log_aggregator.py:521: error: Need type annotation for "range_filter"  [var-annotated]
resync\core\log_aggregator.py:531: error: Value of type "object" is not indexable  [index]
resync\core\logger.py:156: error: "AuditLog" has no attribute "log_audit_event"  [attr-defined]
resync\core\logging_utils.py:111: error: Argument 1 to "append" of "list" has incompatible type "dict[str, Any]"; expected "str"  [arg-type]
resync\core\logging_utils.py:139: error: Incompatible types in assignment (expression has type "dict[str, Any]", target has type "str")  [assignment]
resync\core\logging_utils.py:141: error: Incompatible types in assignment (expression has type "list[dict[str, Any] | str | Any]", target has type "str")  [assignment]
resync\core\logging_utils.py:188: error: Unexpected keyword argument "error" for "debug" of "Logger"  [call-arg]
resync\core\memory\integration.py:314: error: Incompatible types in "await" (actual type "LongTermMemoryStore", expected type "Awaitable[Any]")  [misc]
resync\core\memory\long_term_memory.py:1053: error: Incompatible types in "await" (actual type "None", expected type "Awaitable[Any]")  [misc]
resync\core\memory\long_term_memory.py:1076: error: Incompatible types in "await" (actual type "list[DeclarativeMemory | ProceduralMemory]", expected type "Awaitable[Any]")  [misc]
resync\core\memory\long_term_memory.py:1149: error: Incompatible types in "await" (actual type "None", expected type "Awaitable[Any]")  [misc]
resync\core\memory\long_term_memory.py:1180: error: Incompatible types in "await" (actual type "list[DeclarativeMemory | ProceduralMemory]", expected type "Awaitable[Any]")  [misc]
resync\core\memory\long_term_memory.py:1187: error: Incompatible types in "await" (actual type "list[DeclarativeMemory | ProceduralMemory]", expected type "Awaitable[Any]")  [misc]
resync\core\memory\long_term_memory.py:1198: error: Incompatible types in "await" (actual type "None", expected type "Awaitable[Any]")  [misc]
resync\core\memory\long_term_memory.py:1224: error: Incompatible types in assignment (expression has type "ProceduralMemory", variable has type "DeclarativeMemory")  [assignment]
resync\core\memory\long_term_memory.py:1268: error: Incompatible types in assignment (expression has type "ProceduralMemory", variable has type "DeclarativeMemory")  [assignment]
resync\core\memory\long_term_memory.py:1277: error: Incompatible types in "await" (actual type "None", expected type "Awaitable[Any]")  [misc]
resync\core\memory\long_term_memory.py:1283: error: Incompatible types in "await" (actual type "DeclarativeMemory | ProceduralMemory | None", expected type "Awaitable[Any]")  [misc]
resync\core\memory\long_term_memory.py:1299: error: Incompatible types in "await" (actual type "None", expected type "Awaitable[Any]")  [misc]
resync\core\memory\long_term_memory.py:1305: error: Incompatible types in "await" (actual type "DeclarativeMemory | ProceduralMemory | None", expected type "Awaitable[Any]")  [misc]
resync\core\memory\long_term_memory.py:1319: error: Incompatible types in "await" (actual type "None", expected type "Awaitable[Any]")  [misc]
resync\core\memory\long_term_memory.py:1325: error: Incompatible types in "await" (actual type "list[DeclarativeMemory | ProceduralMemory]", expected type "Awaitable[Any]")  [misc]
resync\core\memory\long_term_memory.py:1329: error: Incompatible types in "await" (actual type "bool", expected type "Awaitable[Any]")  [misc]
resync\core\memory\long_term_memory.py:1338: error: Incompatible types in "await" (actual type "list[DeclarativeMemory | ProceduralMemory]", expected type "Awaitable[Any]")  [misc]
resync\core\memory\long_term_memory.py:484: note: By default the bodies of untyped functions are not checked, consider using --check-untyped-defs  [annotation-unchecked]
resync\core\memory\long_term_memory.py:485: note: By default the bodies of untyped functions are not checked, consider using --check-untyped-defs  [annotation-unchecked]
resync\core\memory\long_term_memory.py:557: error: Return type "Coroutine[Any, Any, list[DeclarativeMemory | ProceduralMemory]]" of "search_memories" incompatible with return type "list[DeclarativeMemory | ProceduralMemory]" in supertype "LongTermMemoryStore"  [override]
resync\core\memory\long_term_memory.py:565: error: Incompatible types in "await" (actual type "list[DeclarativeMemory | ProceduralMemory]", expected type "Awaitable[Any]")  [misc]
resync\core\memory\long_term_memory.py:587: error: Return type "Coroutine[Any, Any, list[DeclarativeMemory | ProceduralMemory]]" of "get_proactive_memories" incompatible with return type "list[DeclarativeMemory | ProceduralMemory]" in supertype "LongTermMemoryStore"  [override]
resync\core\memory\long_term_memory.py:589: error: Incompatible types in "await" (actual type "list[DeclarativeMemory | ProceduralMemory]", expected type "Awaitable[Any]")  [misc]
resync\core\memory\long_term_memory.py:648: error: Return type "Coroutine[Any, Any, None]" of "save_memory" incompatible with return type "None" in supertype "LongTermMemoryStore"  [override]
resync\core\memory\long_term_memory.py:657: error: Return type "Coroutine[Any, Any, DeclarativeMemory | ProceduralMemory | None]" of "get_memory" incompatible with return type "DeclarativeMemory | ProceduralMemory | None" in supertype "LongTermMemoryStore"  [override]
resync\core\memory\long_term_memory.py:673: error: Return type "Coroutine[Any, Any, bool]" of "delete_memory" incompatible with return type "bool" in supertype "LongTermMemoryStore"  [override]
resync\core\memory\long_term_memory.py:685: error: Return type "Coroutine[Any, Any, list[DeclarativeMemory | ProceduralMemory]]" of "get_user_memories" incompatible with return type "list[DeclarativeMemory | ProceduralMemory]" in supertype "LongTermMemoryStore"  [override]
resync\core\memory\long_term_memory.py:729: error: Return type "Coroutine[Any, Any, list[DeclarativeMemory | ProceduralMemory]]" of "search_memories" incompatible with return type "list[DeclarativeMemory | ProceduralMemory]" in supertype "LongTermMemoryStore"  [override]
resync\core\memory\long_term_memory.py:755: error: Return type "Coroutine[Any, Any, list[DeclarativeMemory | ProceduralMemory]]" of "get_proactive_memories" incompatible with return type "list[DeclarativeMemory | ProceduralMemory]" in supertype "LongTermMemoryStore"  [override]
resync\core\memory\long_term_memory.py:925: error: Incompatible types in assignment (expression has type "ProceduralMemory", variable has type "DeclarativeMemory")  [assignment]
resync\core\metrics\continual_learning_metrics.py:158: error: "LightweightMetricsStore" has no attribute "increment"  [attr-defined]
resync\core\metrics\continual_learning_metrics.py:167: error: "LightweightMetricsStore" has no attribute "increment"  [attr-defined]
resync\core\metrics\continual_learning_metrics.py:184: error: "LightweightMetricsStore" has no attribute "increment"  [attr-defined]
resync\core\metrics\continual_learning_metrics.py:187: error: "LightweightMetricsStore" has no attribute "increment"  [attr-defined]
resync\core\metrics\continual_learning_metrics.py:189: error: "LightweightMetricsStore" has no attribute "increment"  [attr-defined]
resync\core\metrics\continual_learning_metrics.py:206: error: "LightweightMetricsStore" has no attribute "set_gauge"  [attr-defined]
resync\core\metrics\continual_learning_metrics.py:207: error: "LightweightMetricsStore" has no attribute "set_gauge"  [attr-defined]
resync\core\metrics\continual_learning_metrics.py:208: error: "LightweightMetricsStore" has no attribute "set_gauge"  [attr-defined]
resync\core\metrics\continual_learning_metrics.py:209: error: "LightweightMetricsStore" has no attribute "set_gauge"  [attr-defined]
resync\core\metrics\continual_learning_metrics.py:227: error: "LightweightMetricsStore" has no attribute "increment"  [attr-defined]
resync\core\metrics\continual_learning_metrics.py:237: error: "LightweightMetricsStore" has no attribute "increment"  [attr-defined]
resync\core\metrics\continual_learning_metrics.py:240: error: "LightweightMetricsStore" has no attribute "increment"  [attr-defined]
resync\core\metrics\continual_learning_metrics.py:242: error: "LightweightMetricsStore" has no attribute "increment"  [attr-defined]
resync\core\metrics\continual_learning_metrics.py:244: error: "LightweightMetricsStore" has no attribute "increment"  [attr-defined]
resync\core\metrics\continual_learning_metrics.py:248: error: "LightweightMetricsStore" has no attribute "set_gauge"  [attr-defined]
resync\core\metrics\continual_learning_metrics.py:263: error: "LightweightMetricsStore" has no attribute "increment"  [attr-defined]
resync\core\metrics\continual_learning_metrics.py:266: error: "LightweightMetricsStore" has no attribute "increment"  [attr-defined]
resync\core\metrics\continual_learning_metrics.py:274: error: "LightweightMetricsStore" has no attribute "increment"  [attr-defined]
resync\core\metrics\continual_learning_metrics.py:297: error: "LightweightMetricsStore" has no attribute "increment"  [attr-defined]
resync\core\metrics\continual_learning_metrics.py:335: error: "LightweightMetricsStore" has no attribute "increment"  [attr-defined]
resync\core\metrics\continual_learning_metrics.py:344: error: "LightweightMetricsStore" has no attribute "increment"  [attr-defined]
resync\core\metrics\continual_learning_metrics.py:364: error: "LightweightMetricsStore" has no attribute "set_gauge"  [attr-defined]
resync\core\metrics\continual_learning_metrics.py:365: error: "LightweightMetricsStore" has no attribute "set_gauge"  [attr-defined]
resync\core\metrics\continual_learning_metrics.py:366: error: "LightweightMetricsStore" has no attribute "set_gauge"  [attr-defined]
resync\core\metrics\continual_learning_metrics.py:379: error: "initialize" of "LightweightMetricsStore" does not return a value (it only ever returns None)  [func-returns-value]
resync\core\metrics\continual_learning_metrics.py:382: error: "LightweightMetricsStore" has no attribute "get_summary"  [attr-defined]
resync\core\metrics\continual_learning_metrics.py:385: error: "LightweightMetricsStore" has no attribute "get_aggregated"  [attr-defined]
resync\core\metrics\continual_learning_metrics.py:391: error: "LightweightMetricsStore" has no attribute "get_aggregated"  [attr-defined]
resync\core\metrics\continual_learning_metrics.py:397: error: "LightweightMetricsStore" has no attribute "get_aggregated"  [attr-defined]
resync\core\metrics\continual_learning_metrics.py:421: error: "LightweightMetricsStore" has no attribute "get_gauge"  [attr-defined]
resync\core\metrics\continual_learning_metrics.py:423: error: "LightweightMetricsStore" has no attribute "get_counter"  [attr-defined]
resync\core\metrics\continual_learning_metrics.py:431: error: "LightweightMetricsStore" has no attribute "get_counter"  [attr-defined]
resync\core\metrics\continual_learning_metrics.py:432: error: "LightweightMetricsStore" has no attribute "get_counter"  [attr-defined]
resync\core\metrics\runtime_metrics.py:205: note: By default the bodies of untyped functions are not checked, consider using --check-untyped-defs  [annotation-unchecked]
resync\core\metrics\runtime_metrics.py:208: note: By default the bodies of untyped functions are not checked, consider using --check-untyped-defs  [annotation-unchecked]
resync\core\metrics\runtime_metrics.py:209: note: By default the bodies of untyped functions are not checked, consider using --check-untyped-defs  [annotation-unchecked]
resync\core\metrics\runtime_metrics.py:210: note: By default the bodies of untyped functions are not checked, consider using --check-untyped-defs  [annotation-unchecked]
resync\core\metrics_internal.py:271: note: By default the bodies of untyped functions are not checked, consider using --check-untyped-defs  [annotation-unchecked]
resync\core\monitoring\evidently_monitor.py:26: error: Incompatible types in assignment (expression has type "None", variable has type Module)  [assignment]
resync\core\monitoring\evidently_monitor.py:46: error: Library stubs not installed for "pandas"  [import-untyped]
resync\core\monitoring\evidently_monitor.py:46: note: Hint: "python3 -m pip install pandas-stubs"
resync\core\monitoring\evidently_monitor.py:47: error: Cannot find implementation or library stub for module named "evidently.metrics"  [import-not-found]
resync\core\monitoring\evidently_monitor.py:51: error: Cannot find implementation or library stub for module named "evidently.report"  [import-not-found]
resync\core\monitoring\evidently_monitor.py:807: error: Need type annotation for "results"  [var-annotated]
resync\core\monitoring\evidently_monitor.py:836: error: Incompatible types in assignment (expression has type "dict[str, float]", target has type "int | list[Any] | str | None")  [assignment]
resync\core\monitoring\evidently_monitor.py:858: error: Incompatible types in assignment (expression has type "dict[str, float]", target has type "int | list[Any] | str | None")  [assignment]
resync\core\monitoring\evidently_monitor.py:882: error: Incompatible types in assignment (expression has type "dict[str, float]", target has type "int | list[Any] | str | None")  [assignment]
resync\core\monitoring\evidently_monitor.py:904: error: Incompatible types in assignment (expression has type "float", target has type "int | list[Any] | str | None")  [assignment]
resync\core\monitoring\evidently_monitor.py:910: error: Argument 1 to "len" has incompatible type "int | list[Any] | str | None"; expected "Sized"  [arg-type]
resync\core\monitoring\evidently_monitor.py:921: error: Module has no attribute "nice"  [attr-defined]
resync\core\monitoring\evidently_monitor.py:931: error: Module has no attribute "RLIMIT_AS"  [attr-defined]
resync\core\monitoring\evidently_monitor.py:931: error: Module has no attribute "setrlimit"  [attr-defined]
resync\core\observability\config.py:150: error: Cannot find implementation or library stub for module named "langfuse"  [import-not-found]
resync\core\observability\config.py:229: error: Cannot find implementation or library stub for module named "evidently"  [import-not-found]
resync\core\observability\config.py:230: error: Cannot find implementation or library stub for module named "evidently.metric_preset"  [import-not-found]
resync\core\observability\config.py:231: error: Cannot find implementation or library stub for module named "evidently.report"  [import-not-found]
resync\core\observability\config.py:326: error: Library stubs not installed for "pandas"  [import-untyped]
resync\core\observability\telemetry.py:188: error: Cannot find implementation or library stub for module named "opentelemetry.instrumentation.fastapi"  [import-not-found]
resync\core\observability\telemetry.py:199: error: Cannot find implementation or library stub for module named "opentelemetry.instrumentation.sqlalchemy"  [import-not-found]
resync\core\observability\telemetry.py:210: error: Cannot find implementation or library stub for module named "opentelemetry.instrumentation.redis"  [import-not-found]
resync\core\observability\telemetry.py:221: error: Cannot find implementation or library stub for module named "opentelemetry.instrumentation.httpx"  [import-not-found]
resync\core\observability\telemetry.py:376: error: Cannot find implementation or library stub for module named "prometheus_fastapi_instrumentator"  [import-not-found]
resync\core\orchestration\events.py:73: note: By default the bodies of untyped functions are not checked, consider using --check-untyped-defs  [annotation-unchecked]
resync\core\orchestration\events.py:74: note: By default the bodies of untyped functions are not checked, consider using --check-untyped-defs  [annotation-unchecked]
resync\core\orchestration\runner.py:149: error: Unsupported target for indexed assignment ("dict[Any, Any] | str | None")  [index]
resync\core\orchestration\runner.py:179: error: Need type annotation for "step_run_objects" (hint: "step_run_objects: list[<type>] = ...")  [var-annotated]
resync\core\orchestration\runner.py:208: error: Item "BaseException" of "dict[str, Any] | BaseException" has no attribute "get"  [union-attr]
resync\core\orchestration\runner.py:235: error: Argument "output" to "update_status" of "OrchestrationExecutionRepository" has incompatible type "dict[Any, Any] | str | None"; expected "dict[Any, Any] | None"  [arg-type]
resync\core\orchestration\runner.py:244: error: Item "None" of "dict[Any, Any] | str | None" has no attribute "keys"  [union-attr]
resync\core\orchestration\runner.py:244: error: Item "str" of "dict[Any, Any] | str | None" has no attribute "keys"  [union-attr]
resync\core\orchestrator.py:236: error: "ITWSClient" has no attribute "get_job_status"; maybe "get_jobs_status" or "get_job_status_batch"?  [attr-defined]
resync\core\orchestrator.py:236: error: Cannot infer type of lambda  [misc]
resync\core\orchestrator.py:240: error: Argument 2 to "_call_with_retry" of "ServiceOrchestrator" has incompatible type "Callable[[Any], str]"; expected "Callable[[], Coroutine[Any, Any, Any]]"  [arg-type]
resync\core\orchestrator.py:240: error: Cannot infer type of lambda  [misc]
resync\core\orchestrator.py:244: error: Cannot infer type of lambda  [misc]
resync\core\orchestrator.py:251: error: "ITWSClient" has no attribute "get_job_logs"  [attr-defined]
resync\core\orchestrator.py:251: error: Cannot infer type of lambda  [misc]
resync\core\orchestrator.py:257: error: "ITWSClient" has no attribute "get_job_dependencies"  [attr-defined]
resync\core\orchestrator.py:257: error: Cannot infer type of lambda  [misc]
resync\core\orchestrator.py:303: error: "ITWSClient" has no attribute "get_engine_info"  [attr-defined]
resync\core\orchestrator.py:307: error: Argument 2 to "_call_with_retry" of "ServiceOrchestrator" has incompatible type "Callable[[], list[dict[str, Any]]]"; expected "Callable[[], Coroutine[Any, Any, Any]]"  [arg-type]
resync\core\orchestrator.py:307: error: Incompatible return value type (got "list[dict[str, Any]]", expected "Coroutine[Any, Any, Any]")  [return-value]
resync\core\orchestrator.py:312: error: "ITWSClient" has no attribute "query_jobs"  [attr-defined]
resync\core\orchestrator.py:392: error: Incompatible types in "await" (actual type "str", expected type "Awaitable[Any]")  [misc]
resync\core\performance_optimizer.py:153: error: "RuntimeMetricsCollector" has no attribute "cache_sets"; maybe "cache_misses", "cache_hits", or "cache_size"?  [attr-defined]
resync\core\performance_optimizer.py:225: error: Too many arguments for "record_histogram" of "RuntimeMetricsCollector"  [call-arg]
resync\core\performance_optimizer.py:353: note: By default the bodies of untyped functions are not checked, consider using --check-untyped-defs  [annotation-unchecked]
resync\core\performance_optimizer.py:355: note: By default the bodies of untyped functions are not checked, consider using --check-untyped-defs  [annotation-unchecked]
resync\core\performance_optimizer.py:453: note: By default the bodies of untyped functions are not checked, consider using --check-untyped-defs  [annotation-unchecked]
resync\core\performance_optimizer.py:454: note: By default the bodies of untyped functions are not checked, consider using --check-untyped-defs  [annotation-unchecked]
resync\core\performance_optimizer.py:495: error: Unsupported target for indexed assignment ("Collection[str]")  [index]
resync\core\performance_optimizer.py:508: error: Generator has incompatible item type "int"; expected "bool"  [misc]
resync\core\performance_optimizer.py:509: error: "Collection[str]" has no attribute "values"  [attr-defined]
resync\core\performance_optimizer.py:513: error: Value of type "Collection[str]" is not indexable  [index]
resync\core\pools\base_pool.py:144: error: Argument 2 to "replace" of "ConnectionPoolStats" has incompatible type "**dict[str, Any | int]"; expected "datetime | None"  [arg-type]
resync\core\pools\base_pool.py:144: error: Argument 2 to "replace" of "ConnectionPoolStats" has incompatible type "**dict[str, Any | int]"; expected "str"  [arg-type]
resync\core\pools\http_pool.py:102: error: Return type "Coroutine[Any, Any, None]" of "_close_pool" incompatible with return type "None" in supertype "resync.core.pools.base_pool.ConnectionPool"  [override]
resync\core\pools\pool_manager.py:31: note: By default the bodies of untyped functions are not checked, consider using --check-untyped-defs  [annotation-unchecked]
resync\core\pools\pool_manager.py:37: error: "initialize" of "DatabasePool" does not return a value (it only ever returns None)  [func-returns-value]
resync\core\pools\redis_pool.py:15: error: Incompatible types in assignment (expression has type "None", variable has type Module)  [assignment]
resync\core\pools\redis_pool.py:16: error: Cannot assign to a type  [misc]
resync\core\pools\redis_pool.py:16: error: Incompatible types in assignment (expression has type "None", variable has type "type[Redis[str]]")  [assignment]
resync\core\pools\redis_pool.py:17: error: Cannot assign to a type  [misc]
resync\core\pools\redis_pool.py:17: error: Incompatible types in assignment (expression has type "None", variable has type "type[ConnectionError]")  [assignment]
resync\core\pools\redis_pool.py:18: error: Cannot assign to a type  [misc]
resync\core\pools\redis_pool.py:18: error: Incompatible types in assignment (expression has type "None", variable has type "type[RedisError]")  [assignment]
resync\core\postgres_subgraph_retriever.py:30: error: Unexpected keyword argument "limit_edges" for "get_subgraph" of "PostgresGraphStore"  [call-arg]
resync\core\proactive_monitoring.py:108: error: Unsupported target for indexed assignment ("object")  [index]
resync\core\proactive_monitoring.py:113: error: Argument 1 to "len" has incompatible type "object"; expected "Sized"  [arg-type]
resync\core\proactive_monitoring.py:114: error: Argument 1 to "len" has incompatible type "object"; expected "Sized"  [arg-type]
resync\core\proactive_monitoring.py:128: error: Incompatible types in "await" (actual type "dict[str, Any]", expected type "Awaitable[Any]")  [misc]
resync\core\proactive_monitoring.py:153: error: "PoolManager" has no attribute "pools"  [attr-defined]
resync\core\proactive_monitoring.py:191: error: "CircuitBreaker" has no attribute "get_enhanced_stats"  [attr-defined]
resync\core\proactive_monitoring.py:64: error: "object" has no attribute "append"  [attr-defined]
resync\core\proactive_monitoring.py:65: error: Unsupported target for indexed assignment ("object")  [index]
resync\core\proactive_monitoring.py:69: error: "object" has no attribute "append"  [attr-defined]
resync\core\proactive_monitoring.py:79: error: "object" has no attribute "append"  [attr-defined]
resync\core\proactive_monitoring.py:90: error: "object" has no attribute "append"  [attr-defined]
resync\core\proactive_monitoring.py:91: error: Unsupported target for indexed assignment ("object")  [index]
resync\core\proactive_monitoring.py:96: error: "object" has no attribute "append"  [attr-defined]
resync\core\proactive_monitoring_manager.py:212: error: Module "resync.core.database.session" has no attribute "SessionLocal"  [attr-defined]
resync\core\proactive_monitoring_manager.py:49: note: By default the bodies of untyped functions are not checked, consider using --check-untyped-defs  [annotation-unchecked]
resync\core\proactive_monitoring_manager.py:50: note: By default the bodies of untyped functions are not checked, consider using --check-untyped-defs  [annotation-unchecked]
resync\core\proactive_monitoring_manager.py:97: error: Module "resync.core.tws_status_store" has no attribute "init_status_store"; maybe "initialize_tws_status_store" or "get_tws_status_store"?  [attr-defined]
resync\core\query_processor.py:248: error: Argument "key" to "sort" of "list" has incompatible type "Callable[[dict[str, object]], object]"; expected "Callable[[dict[str, object]], SupportsDunderLT[Any] | SupportsDunderGT[Any]]"  [arg-type]
resync\core\query_processor.py:248: error: Incompatible return value type (got "object", expected "SupportsDunderLT[Any] | SupportsDunderGT[Any]")  [return-value]
resync\core\redis_init.py:116: error: Item "None" of "Any | None" has no attribute "get_secret_value"  [union-attr]
resync\core\redis_init.py:173: note: By default the bodies of untyped functions are not checked, consider using --check-untyped-defs  [annotation-unchecked]
resync\core\redis_init.py:176: note: By default the bodies of untyped functions are not checked, consider using --check-untyped-defs  [annotation-unchecked]
resync\core\redis_init.py:330: error: Item "None" of "str | Any | None" has no attribute "get_secret_value"  [union-attr]
resync\core\resilience.py:305: error: Missing return statement  [return]
resync\core\resilience.py:428: error: Incompatible default for argument "name" (default has type "None", argument has type "str")  [assignment]
resync\core\resilience.py:428: note: PEP 484 prohibits implicit Optional. Accordingly, mypy has changed its default to no_implicit_optional=True
resync\core\resilience.py:428: note: Use https://github.com/hauntsaninja/no_implicit_optional to automatically upgrade your codebase
resync\core\resilience.py:455: error: "_Wrapped[[VarArg(Any), KwArg(Any)], Awaitable[T], [VarArg(Any), KwArg(Any)], Coroutine[Any, Any, T]]" has no attribute "circuit_breaker"  [attr-defined]
resync\core\resilience.py:497: error: "_Wrapped[[VarArg(Any), KwArg(Any)], Awaitable[T], [VarArg(Any), KwArg(Any)], Coroutine[Any, Any, T]]" has no attribute "retry_handler"  [attr-defined]
resync\core\resource_manager.py:117: error: Return type "Coroutine[Any, Any, None]" of "_cleanup" incompatible with return type "None" in supertype "ManagedResource"  [override]
resync\core\resource_manager.py:133: error: Return type "Coroutine[Any, Any, None]" of "_cleanup" incompatible with return type "None" in supertype "ManagedResource"  [override]
resync\core\resource_manager.py:154: error: Return type "Coroutine[Any, Any, None]" of "_cleanup" incompatible with return type "None" in supertype "ManagedResource"  [override]
resync\core\resource_manager.py:205: error: No overload variant of "open" matches argument types "str", "str"  [call-overload]
resync\core\resource_manager.py:205: note:     def open(file: int | str | bytes | PathLike[str] | PathLike[bytes], mode: Literal['r+', '+r', 'rt+', 'r+t', '+rt', 'tr+', 't+r', '+tr', 'w+', '+w', 'wt+', 'w+t', '+wt', 'tw+', 't+w', '+tw', 'a+', '+a', 'at+', 'a+t', '+at', 'ta+', 't+a', '+ta', 'x+', '+x', 'xt+', 'x+t', '+xt', 'tx+', 't+x', '+tx'] | Literal['w', 'wt', 'tw', 'a', 'at', 'ta', 'x', 'xt', 'tx'] | Literal['r', 'rt', 'tr', 'U', 'rU', 'Ur', 'rtU', 'rUt', 'Urt', 'trU', 'tUr', 'Utr'] = ..., buffering: int = ..., encoding: str | None = ..., errors: str | None = ..., newline: str | None = ..., closefd: bool = ..., opener: Callable[[str, int], int] | None = ..., *, loop: AbstractEventLoop | None = ..., executor: Executor | None = ...) -> AiofilesContextManager[AsyncTextIOWrapper]
resync\core\resource_manager.py:205: note:     def open(file: int | str | bytes | PathLike[str] | PathLike[bytes], mode: Literal['rb', 'br', 'rbU', 'rUb', 'Urb', 'brU', 'bUr', 'Ubr'] | Literal['rb+', 'r+b', '+rb', 'br+', 'b+r', '+br', 'wb+', 'w+b', '+wb', 'bw+', 'b+w', '+bw', 'ab+', 'a+b', '+ab', 'ba+', 'b+a', '+ba', 'xb+', 'x+b', '+xb', 'bx+', 'b+x', '+bx'], buffering: Literal[-1, 1] = ..., encoding: None = ..., errors: None = ..., newline: None = ..., closefd: bool = ..., opener: Callable[[str, int], int] | None = ..., *, loop: AbstractEventLoop | None = ..., executor: Executor | None = ...) -> AiofilesContextManager[AsyncBufferedReader]
resync\core\resource_manager.py:205: note:     def open(file: int | str | bytes | PathLike[str] | PathLike[bytes], mode: Literal['rb+', 'r+b', '+rb', 'br+', 'b+r', '+br', 'wb+', 'w+b', '+wb', 'bw+', 'b+w', '+bw', 'ab+', 'a+b', '+ab', 'ba+', 'b+a', '+ba', 'xb+', 'x+b', '+xb', 'bx+', 'b+x', '+bx'] | Literal['rb', 'br', 'rbU', 'rUb', 'Urb', 'brU', 'bUr', 'Ubr'] | Literal['wb', 'bw', 'ab', 'ba', 'xb', 'bx'], buffering: Literal[0], encoding: None = ..., errors: None = ..., newline: None = ..., closefd: bool = ..., opener: Callable[[str, int], int] | None = ..., *, loop: AbstractEventLoop | None = ..., executor: Executor | None = ...) -> AiofilesContextManager[AsyncFileIO]
resync\core\resource_manager.py:205: note:     def open(file: int | str | bytes | PathLike[str] | PathLike[bytes], mode: Literal['rb+', 'r+b', '+rb', 'br+', 'b+r', '+br', 'wb+', 'w+b', '+wb', 'bw+', 'b+w', '+bw', 'ab+', 'a+b', '+ab', 'ba+', 'b+a', '+ba', 'xb+', 'x+b', '+xb', 'bx+', 'b+x', '+bx'] | Literal['rb', 'br', 'rbU', 'rUb', 'Urb', 'brU', 'bUr', 'Ubr'] | Literal['wb', 'bw', 'ab', 'ba', 'xb', 'bx'], buffering: int = ..., encoding: None = ..., errors: None = ..., newline: None = ..., closefd: bool = ..., opener: Callable[[str, int], int] | None = ..., *, loop: AbstractEventLoop | None = ..., executor: Executor | None = ...) -> AiofilesContextManager[_UnknownAsyncBinaryIO]
resync\core\resource_manager.py:205: note:     def open(file: int | str | bytes | PathLike[str] | PathLike[bytes], mode: Literal['wb', 'bw', 'ab', 'ba', 'xb', 'bx'], buffering: Literal[-1, 1] = ..., encoding: None = ..., errors: None = ..., newline: None = ..., closefd: bool = ..., opener: Callable[[str, int], int] | None = ..., *, loop: AbstractEventLoop | None = ..., executor: Executor | None = ...) -> AiofilesContextManager[AsyncBufferedIOBase]
resync\core\resource_manager.py:205: note: Possible overload variants:
resync\core\resource_manager.py:405: note: By default the bodies of untyped functions are not checked, consider using --check-untyped-defs  [annotation-unchecked]
resync\core\resource_manager.py:411: error: Argument 1 to "append" of "list" has incompatible type "tuple[str, Any, Callable[..., Any] | None]"; expected "tuple[str, Any, Callable[..., Any]]"  [arg-type]
resync\core\resource_manager.py:418: error: Function "cleanup_fn" could always be true in boolean context  [truthy-function]
resync\core\resource_manager.py:77: error: "_cleanup" of "ManagedResource" does not return a value (it only ever returns None)  [func-returns-value]
resync\core\runbooks.py:368: note: By default the bodies of untyped functions are not checked, consider using --check-untyped-defs  [annotation-unchecked]
resync\core\security\__init__.py:77: error: Missing positional argument "secret_key" in call to "decode_token"  [call-arg]
resync\core\security\rate_limiter_v2.py:231: error: Function "SafeMemoryStorage" could always be true in boolean context  [truthy-function]
resync\core\security\rate_limiter_v2.py:243: error: Cannot assign to a type  [misc]
resync\core\security\rate_limiter_v2.py:243: error: Incompatible types in assignment (expression has type "None", variable has type "type[SafeMemoryStorage]")  [assignment]
resync\core\security\rate_limiter_v2.py:245: error: Function "SafeMemoryStorage" could always be true in boolean context  [truthy-function]
resync\core\security\rate_limiter_v2.py:290: error: Incompatible types in assignment (expression has type "None", variable has type "Limiter")  [assignment]
resync\core\security\rate_limiter_v2.py:452: error: Argument 2 to "add_exception_handler" of "Starlette" has incompatible type "Callable[[Request, RateLimitExceeded], Response]"; expected "Callable[[Request, Exception], Response | Awaitable[Response]] | Callable[[WebSocket, Exception], Awaitable[None]]"  [arg-type]
resync\core\security\storage.py:28: error: Incompatible types in assignment (expression has type "None", variable has type "Timer")  [assignment]
resync\core\security\storage.py:35: error: Cannot assign to a type  [misc]
resync\core\security\storage.py:35: error: Incompatible types in assignment (expression has type "None", variable has type "type[SafeMemoryStorage]")  [assignment]
resync\core\security_dashboard.py:1140: error: Incompatible types in assignment (expression has type "SecurityDashboard", variable has type "None")  [assignment]
resync\core\security_dashboard.py:1141: error: Incompatible return value type (got "None", expected "SecurityDashboard")  [return-value]
resync\core\security_dashboard.py:496: error: Unsupported target for indexed assignment ("object")  [index]
resync\core\security_dashboard.py:496: error: Value of type "object" is not indexable  [index]
resync\core\security_dashboard.py:497: error: Unsupported target for indexed assignment ("object")  [index]
resync\core\security_dashboard.py:497: error: Value of type "object" is not indexable  [index]
resync\core\security_dashboard.py:498: error: No overload variant of "max" matches argument types "object", "float"  [call-overload]
resync\core\security_dashboard.py:498: note:     def [SupportsRichComparisonT: SupportsDunderLT[Any] | SupportsDunderGT[Any], _T] max(Iterable[SupportsRichComparisonT], /, *, key: None = ..., default: _T) -> SupportsRichComparisonT | _T
resync\core\security_dashboard.py:498: note:     def [SupportsRichComparisonT: SupportsDunderLT[Any] | SupportsDunderGT[Any]] max(Iterable[SupportsRichComparisonT], /, *, key: None = ...) -> SupportsRichComparisonT
resync\core\security_dashboard.py:498: note:     def [SupportsRichComparisonT: SupportsDunderLT[Any] | SupportsDunderGT[Any]] max(SupportsRichComparisonT, SupportsRichComparisonT, /, *_args: SupportsRichComparisonT, key: None = ...) -> SupportsRichComparisonT
resync\core\security_dashboard.py:498: note:     def [_T1, _T2] max(Iterable[_T1], /, *, key: Callable[[_T1], SupportsDunderLT[Any] | SupportsDunderGT[Any]], default: _T2) -> _T1 | _T2
resync\core\security_dashboard.py:498: note:     def [_T] max(Iterable[_T], /, *, key: Callable[[_T], SupportsDunderLT[Any] | SupportsDunderGT[Any]]) -> _T
resync\core\security_dashboard.py:498: note:     def [_T] max(_T, _T, /, *_args: _T, key: Callable[[_T], SupportsDunderLT[Any] | SupportsDunderGT[Any]]) -> _T
resync\core\security_dashboard.py:498: note: Possible overload variants:
resync\core\security_dashboard.py:501: error: Unsupported operand types for + ("object" and "int")  [operator]
resync\core\security_dashboard.py:596: error: Invalid index type "object" for "dict[str, dict[str, Any]]"; expected type "str"  [index]
resync\core\security_dashboard.py:912: error: Unsupported target for indexed assignment ("Collection[str]")  [index]
resync\core\security_dashboard.py:916: error: Unsupported target for indexed assignment ("Collection[str]")  [index]
resync\core\security_dashboard.py:922: error: "Sequence[str]" has no attribute "append"  [attr-defined]
resync\core\security_dashboard.py:937: error: Incompatible types in assignment (expression has type "list[SecurityMetric]", variable has type "list[SecurityMetric | None]")  [assignment]
resync\core\security_dashboard.py:937: note: "list" is invariant -- see https://mypy.readthedocs.io/en/stable/common_issues.html#variance
resync\core\security_dashboard.py:937: note: Consider using "Sequence" instead, which is covariant
resync\core\security_dashboard.py:939: error: Incompatible types in assignment (expression has type "list[SecurityMetric]", variable has type "list[SecurityMetric | None]")  [assignment]
resync\core\security_dashboard.py:939: note: "list" is invariant -- see https://mypy.readthedocs.io/en/stable/common_issues.html#variance
resync\core\security_dashboard.py:939: note: Consider using "Sequence" instead, which is covariant
resync\core\security_dashboard.py:942: error: Item "None" of "SecurityMetric | None" has no attribute "get_summary"  [union-attr]
resync\core\security_main.py:317: error: Incompatible types in assignment (expression has type "dict[Any, Any]", target has type "str")  [assignment]
resync\core\security_main.py:321: error: Incompatible types in assignment (expression has type "list[Any]", target has type "str")  [assignment]
resync\core\security_main.py:325: error: Incompatible types in assignment (expression has type "int | float", target has type "str")  [assignment]
resync\core\security_main.py:354: error: Argument 1 to "append" of "list" has incompatible type "dict[Any, Any]"; expected "str"  [arg-type]
resync\core\security_main.py:358: error: Argument 1 to "append" of "list" has incompatible type "list[Any]"; expected "str"  [arg-type]
resync\core\security_main.py:361: error: Argument 1 to "append" of "list" has incompatible type "int | float"; expected "str"  [arg-type]
resync\core\service_discovery.py:175: error: Function "builtins.callable" is not valid as a type  [valid-type]
resync\core\service_discovery.py:175: note: Perhaps you meant "typing.Callable" instead of "callable"?
resync\core\service_discovery.py:208: error: Return type "Coroutine[Any, Any, bool]" of "register_service" incompatible with return type "bool" in supertype "DiscoveryBackendInterface"  [override]
resync\core\service_discovery.py:230: error: Item "None" of "ClientSession | None" has no attribute "put"  [union-attr]
resync\core\service_discovery.py:241: error: Return type "Coroutine[Any, Any, bool]" of "deregister_service" incompatible with return type "bool" in supertype "DiscoveryBackendInterface"  [override]
resync\core\service_discovery.py:246: error: Item "None" of "ClientSession | None" has no attribute "put"  [union-attr]
resync\core\service_discovery.py:257: error: Return type "Coroutine[Any, Any, list[ServiceInstance]]" of "discover_services" incompatible with return type "list[ServiceInstance]" in supertype "DiscoveryBackendInterface"  [override]
resync\core\service_discovery.py:262: error: Item "None" of "ClientSession | None" has no attribute "get"  [union-attr]
resync\core\service_discovery.py:302: error: Function "builtins.callable" is not valid as a type  [valid-type]
resync\core\service_discovery.py:302: note: Perhaps you meant "typing.Callable" instead of "callable"?
resync\core\service_discovery.py:307: error: Return type "Coroutine[Any, Any, bool]" of "health_check" incompatible with return type "bool" in supertype "DiscoveryBackendInterface"  [override]
resync\core\service_discovery.py:312: error: Item "None" of "ClientSession | None" has no attribute "get"  [union-attr]
resync\core\service_discovery.py:369: error: Return type "Coroutine[Any, Any, list[ServiceInstance]]" of "discover_services" incompatible with return type "list[ServiceInstance]" in supertype "DiscoveryBackendInterface"  [override]
resync\core\service_discovery.py:377: error: Item "None" of "ClientSession | None" has no attribute "get"  [union-attr]
resync\core\service_discovery.py:406: error: Function "builtins.callable" is not valid as a type  [valid-type]
resync\core\service_discovery.py:406: note: Perhaps you meant "typing.Callable" instead of "callable"?
resync\core\service_discovery.py:410: error: Return type "Coroutine[Any, Any, bool]" of "health_check" incompatible with return type "bool" in supertype "DiscoveryBackendInterface"  [override]
resync\core\service_discovery.py:415: error: Item "None" of "ClientSession | None" has no attribute "get"  [union-attr]
resync\core\service_discovery.py:494: error: Incompatible types in assignment (expression has type "str", variable has type "DiscoveryBackend | None")  [assignment]
resync\core\service_discovery.py:560: error: No overload variant of "get" of "dict" matches argument type "DiscoveryBackend | None"  [call-overload]
resync\core\service_discovery.py:560: note:     def [_T] get(self, str, _T, /) -> DiscoveryBackendInterface | _T
resync\core\service_discovery.py:560: note:     def get(self, str, DiscoveryBackendInterface, /) -> DiscoveryBackendInterface
resync\core\service_discovery.py:560: note:     def get(self, str, None = ..., /) -> DiscoveryBackendInterface | None
resync\core\service_discovery.py:560: note: Possible overload variants:
resync\core\service_discovery.py:581: error: No overload variant of "get" of "dict" matches argument type "DiscoveryBackend | None"  [call-overload]
resync\core\service_discovery.py:581: note:     def [_T] get(self, str, _T, /) -> DiscoveryBackendInterface | _T
resync\core\service_discovery.py:581: note:     def get(self, str, DiscoveryBackendInterface, /) -> DiscoveryBackendInterface
resync\core\service_discovery.py:581: note:     def get(self, str, None = ..., /) -> DiscoveryBackendInterface | None
resync\core\service_discovery.py:581: note: Possible overload variants:
resync\core\service_discovery.py:641: error: No overload variant of "get" of "dict" matches argument type "DiscoveryBackend | None"  [call-overload]
resync\core\service_discovery.py:641: note:     def [_T] get(self, str, _T, /) -> DiscoveryBackendInterface | _T
resync\core\service_discovery.py:641: note:     def get(self, str, DiscoveryBackendInterface, /) -> DiscoveryBackendInterface
resync\core\service_discovery.py:641: note:     def get(self, str, None = ..., /) -> DiscoveryBackendInterface | None
resync\core\service_discovery.py:641: note: Possible overload variants:
resync\core\siem_integrator.py:1018: error: Incompatible return value type (got "_LazySIEMIntegratorProxy", expected "SIEMIntegrator")  [return-value]
resync\core\siem_integrator.py:267: error: Return type "Coroutine[Any, Any, bool]" of "connect" incompatible with return type "bool" in supertype "SIEMConnector"  [override]
resync\core\siem_integrator.py:282: error: Incompatible types in assignment (expression has type "float", variable has type "int")  [assignment]
resync\core\siem_integrator.py:316: error: Return type "Coroutine[Any, Any, None]" of "disconnect" incompatible with return type "None" in supertype "SIEMConnector"  [override]
resync\core\siem_integrator.py:323: error: Return type "Coroutine[Any, Any, bool]" of "send_event" incompatible with return type "bool" in supertype "SIEMConnector"  [override]
resync\core\siem_integrator.py:327: error: Return type "Coroutine[Any, Any, int]" of "send_events_batch" incompatible with return type "int" in supertype "SIEMConnector"  [override]
resync\core\siem_integrator.py:353: error: Incompatible types in assignment (expression has type "float", variable has type "int")  [assignment]
resync\core\siem_integrator.py:370: error: Return type "Coroutine[Any, Any, dict[str, Any]]" of "health_check" incompatible with return type "dict[str, Any]" in supertype "SIEMConnector"  [override]
resync\core\siem_integrator.py:399: error: Return type "Coroutine[Any, Any, bool]" of "connect" incompatible with return type "bool" in supertype "SIEMConnector"  [override]
resync\core\siem_integrator.py:413: error: Incompatible types in assignment (expression has type "float", variable has type "int")  [assignment]
resync\core\siem_integrator.py:447: error: Return type "Coroutine[Any, Any, None]" of "disconnect" incompatible with return type "None" in supertype "SIEMConnector"  [override]
resync\core\siem_integrator.py:454: error: Return type "Coroutine[Any, Any, bool]" of "send_event" incompatible with return type "bool" in supertype "SIEMConnector"  [override]
resync\core\siem_integrator.py:458: error: Return type "Coroutine[Any, Any, int]" of "send_events_batch" incompatible with return type "int" in supertype "SIEMConnector"  [override]
resync\core\siem_integrator.py:485: error: Incompatible types in assignment (expression has type "float", variable has type "int")  [assignment]
resync\core\siem_integrator.py:504: error: Return type "Coroutine[Any, Any, dict[str, Any]]" of "health_check" incompatible with return type "dict[str, Any]" in supertype "SIEMConnector"  [override]
resync\core\siem_integrator.py:602: error: Incompatible types in "await" (actual type "None", expected type "Awaitable[Any]")  [misc]
resync\core\siem_integrator.py:612: error: Incompatible types in assignment (expression has type "ELKConnector", variable has type "SplunkConnector")  [assignment]
resync\core\siem_integrator.py:806: error: Incompatible types in "await" (actual type "int", expected type "Awaitable[Any]")  [misc]
resync\core\siem_integrator.py:842: error: Incompatible types in "await" (actual type "bool", expected type "Awaitable[Any]")  [misc]
resync\core\siem_integrator.py:871: note: By default the bodies of untyped functions are not checked, consider using --check-untyped-defs  [annotation-unchecked]
resync\core\siem_integrator.py:929: note: By default the bodies of untyped functions are not checked, consider using --check-untyped-defs  [annotation-unchecked]
resync\core\skill_manager.py:209: error: Incompatible types in assignment (expression has type "str", target has type "list[str]")  [assignment]
resync\core\skill_manager.py:215: error: "list[str]" has no attribute "lower"  [attr-defined]
resync\core\skill_manager.py:496: error: Function "builtins.any" is not valid as a type  [valid-type]
resync\core\skill_manager.py:496: note: Perhaps you meant "typing.Any" instead of "any"?
resync\core\smart_cache_validator.py:219: error: Argument 3 to "_handle_invalid_cache" of "SmartCacheValidator" has incompatible type "dict[str, set[Any]] | None"; expected "dict[Any, Any]"  [arg-type]
resync\core\smart_cache_validator.py:25: error: Library stubs not installed for "toml"  [import-untyped]
resync\core\smart_cache_validator.py:346: error: Dict entry 0 has incompatible type "str": "bool"; expected "str": "set[Any]"  [dict-item]
resync\core\smart_pooling.py:175: error: Cannot determine type of "_running"  [has-type]
resync\core\smart_pooling.py:178: error: Cannot determine type of "_running"  [has-type]
resync\core\smart_pooling.py:196: error: Cannot determine type of "_running"  [has-type]
resync\core\smart_pooling.py:199: error: Cannot determine type of "_running"  [has-type]
resync\core\smart_pooling.py:224: error: "CircuitBreaker" has no attribute "can_execute"  [attr-defined]
resync\core\smart_pooling.py:239: error: Cannot determine type of "_lock"  [has-type]
resync\core\smart_pooling.py:240: error: Cannot determine type of "metrics"  [has-type]
resync\core\smart_pooling.py:241: error: Cannot determine type of "metrics"  [has-type]
resync\core\smart_pooling.py:257: error: Cannot determine type of "_lock"  [has-type]
resync\core\smart_pooling.py:258: error: Cannot determine type of "metrics"  [has-type]
resync\core\smart_pooling.py:262: error: Cannot determine type of "_lock"  [has-type]
resync\core\smart_pooling.py:268: error: Cannot determine type of "metrics"  [has-type]
resync\core\smart_pooling.py:280: error: Cannot determine type of "_connection_counter"  [has-type]
resync\core\smart_pooling.py:281: error: Cannot determine type of "_connection_counter"  [has-type]
resync\core\smart_pooling.py:298: error: Cannot determine type of "metrics"  [has-type]
resync\core\smart_pooling.py:299: error: Cannot determine type of "metrics"  [has-type]
resync\core\smart_pooling.py:311: error: Need type annotation for "future"  [var-annotated]
resync\core\smart_pooling.py:323: error: Cannot determine type of "metrics"  [has-type]
resync\core\smart_pooling.py:349: error: Cannot determine type of "metrics"  [has-type]
resync\core\smart_pooling.py:352: error: Cannot determine type of "metrics"  [has-type]
resync\core\smart_pooling.py:361: error: Cannot determine type of "_lock"  [has-type]
resync\core\smart_pooling.py:362: error: Cannot determine type of "metrics"  [has-type]
resync\core\smart_pooling.py:363: error: Cannot determine type of "metrics"  [has-type]
resync\core\smart_pooling.py:364: error: Cannot determine type of "metrics"  [has-type]
resync\core\smart_pooling.py:370: error: Cannot determine type of "_lock"  [has-type]
resync\core\smart_pooling.py:373: error: Cannot determine type of "metrics"  [has-type]
resync\core\smart_pooling.py:380: error: Cannot determine type of "metrics"  [has-type]
resync\core\smart_pooling.py:395: error: Cannot determine type of "metrics"  [has-type]
resync\core\smart_pooling.py:396: error: Cannot determine type of "metrics"  [has-type]
resync\core\smart_pooling.py:406: error: Cannot determine type of "_connection_counter"  [has-type]
resync\core\smart_pooling.py:419: error: Cannot determine type of "_running"  [has-type]
resync\core\smart_pooling.py:454: error: Cannot determine type of "metrics"  [has-type]
resync\core\smart_pooling.py:455: error: Cannot determine type of "metrics"  [has-type]
resync\core\smart_pooling.py:472: error: Cannot determine type of "metrics"  [has-type]
resync\core\smart_pooling.py:473: error: Cannot determine type of "metrics"  [has-type]
resync\core\smart_pooling.py:474: error: Cannot determine type of "metrics"  [has-type]
resync\core\smart_pooling.py:475: error: Cannot determine type of "metrics"  [has-type]
resync\core\smart_pooling.py:478: error: Cannot determine type of "metrics"  [has-type]
resync\core\smart_pooling.py:479: error: Cannot determine type of "metrics"  [has-type]
resync\core\smart_pooling.py:480: error: Cannot determine type of "metrics"  [has-type]
resync\core\smart_pooling.py:483: error: Cannot determine type of "metrics"  [has-type]
resync\core\smart_pooling.py:484: error: Cannot determine type of "metrics"  [has-type]
resync\core\smart_pooling.py:485: error: Cannot determine type of "metrics"  [has-type]
resync\core\smart_pooling.py:486: error: Cannot determine type of "metrics"  [has-type]
resync\core\smart_pooling.py:489: error: Cannot determine type of "metrics"  [has-type]
resync\core\smart_pooling.py:490: error: Cannot determine type of "metrics"  [has-type]
resync\core\smart_pooling.py:493: error: Cannot determine type of "metrics"  [has-type]
resync\core\smart_pooling.py:495: error: Cannot determine type of "metrics"  [has-type]
resync\core\smart_pooling.py:497: error: Cannot determine type of "metrics"  [has-type]
resync\core\smart_pooling.py:513: error: Cannot determine type of "metrics"  [has-type]
resync\core\smart_pooling.py:514: error: Cannot determine type of "metrics"  [has-type]
resync\core\smart_pooling.py:515: error: Cannot determine type of "metrics"  [has-type]
resync\core\smart_pooling.py:516: error: Cannot determine type of "metrics"  [has-type]
resync\core\soc2_compliance.py:497: error: Argument 1 to "SOC2Control" has incompatible type "**dict[str, object]"; expected "ControlCategory"  [arg-type]
resync\core\soc2_compliance.py:497: error: Argument 1 to "SOC2Control" has incompatible type "**dict[str, object]"; expected "ControlStatus"  [arg-type]
resync\core\soc2_compliance.py:497: error: Argument 1 to "SOC2Control" has incompatible type "**dict[str, object]"; expected "bool | None"  [arg-type]
resync\core\soc2_compliance.py:497: error: Argument 1 to "SOC2Control" has incompatible type "**dict[str, object]"; expected "bool"  [arg-type]
resync\core\soc2_compliance.py:497: error: Argument 1 to "SOC2Control" has incompatible type "**dict[str, object]"; expected "float | None"  [arg-type]
resync\core\soc2_compliance.py:497: error: Argument 1 to "SOC2Control" has incompatible type "**dict[str, object]"; expected "int"  [arg-type]
resync\core\soc2_compliance.py:497: error: Argument 1 to "SOC2Control" has incompatible type "**dict[str, object]"; expected "list[SOC2TrustServiceCriteria]"  [arg-type]
resync\core\soc2_compliance.py:497: error: Argument 1 to "SOC2Control" has incompatible type "**dict[str, object]"; expected "list[str]"  [arg-type]
resync\core\soc2_compliance.py:497: error: Argument 1 to "SOC2Control" has incompatible type "**dict[str, object]"; expected "str"  [arg-type]
resync\core\soc2_compliance.py:729: error: List comprehension has incompatible type List[dict[str, Any] | list[dict[str, Any]]]; expected List[dict[str, Any]]  [misc]
resync\core\specialists\agents.py:209: error: Need type annotation for "entities"  [var-annotated]
resync\core\specialists\agents.py:294: error: Incompatible types in "await" (actual type "str", expected type "Awaitable[Any]")  [misc]
resync\core\specialists\agents.py:374: error: "ErrorCodeTool" has no attribute "lookup_error"  [attr-defined]
resync\core\specialists\agents.py:377: error: Return type "Coroutine[Any, Any, str]" of "_execute_tools" incompatible with return type "str" in supertype "BaseSpecialist"  [override]
resync\core\specialists\agents.py:385: error: Incompatible types in "await" (actual type "dict[str, Any]", expected type "Awaitable[Any]")  [misc]
resync\core\specialists\agents.py:394: error: "ErrorCodeTool" has no attribute "lookup_error"  [attr-defined]
resync\core\specialists\agents.py:423: error: Return type "Coroutine[Any, Any, str]" of "_execute_tools" incompatible with return type "str" in supertype "BaseSpecialist"  [override]
resync\core\specialists\agents.py:430: error: Incompatible types in "await" (actual type "dict[str, Any]", expected type "Awaitable[Any]")  [misc]
resync\core\specialists\agents.py:431: error: Incompatible types in "await" (actual type "dict[str, Any]", expected type "Awaitable[Any]")  [misc]
resync\core\specialists\agents.py:464: error: Return type "Coroutine[Any, Any, str]" of "_execute_tools" incompatible with return type "str" in supertype "BaseSpecialist"  [override]
resync\core\specialists\agents.py:471: error: Incompatible types in "await" (actual type "dict[str, Any]", expected type "Awaitable[Any]")  [misc]
resync\core\specialists\agents.py:501: error: Return type "Coroutine[Any, Any, str]" of "_execute_tools" incompatible with return type "str" in supertype "BaseSpecialist"  [override]
resync\core\specialists\agents.py:532: note: "TWSSpecialistTeam" defined here
resync\core\specialists\agents.py:674: error: Argument 1 to "append" of "list" has incompatible type "SpecialistResponse | BaseException"; expected "SpecialistResponse"  [arg-type]
resync\core\specialists\agents.py:777: error: Missing named argument "specialist_type" for "SpecialistConfig"  [call-arg]
resync\core\specialists\agents.py:779: error: Argument "config" to "TWSSpecialistTeam" has incompatible type "SpecialistConfig"; expected "TeamConfig | None"  [arg-type]
resync\core\specialists\agents.py:779: error: Unexpected keyword argument "llm_client" for "TWSSpecialistTeam"  [call-arg]
resync\core\specialists\parallel_executor.py:223: error: Argument 1 to "append" of "list" has incompatible type "ToolResponse | BaseException"; expected "ToolResponse"  [arg-type]
resync\core\specialists\tools.py:406: error: "ToolCatalog" has no attribute "_tools"  [attr-defined]
resync\core\specialists\tools.py:406: error: Type cannot be declared in assignment to non-self attribute  [misc]
resync\core\specialists\tools.py:407: error: Cannot determine type of "_execution_history"  [has-type]
resync\core\specialists\tools.py:407: error: Type cannot be declared in assignment to non-self attribute  [misc]
resync\core\specialists\tools.py:408: error: "ToolCatalog" has no attribute "_pending_approvals"; maybe "get_pending_approvals"?  [attr-defined]
resync\core\specialists\tools.py:408: error: Type cannot be declared in assignment to non-self attribute  [misc]
resync\core\specialists\tools.py:410: error: "ToolCatalog" has no attribute "_active_runs"; maybe "get_active_runs"?  [attr-defined]
resync\core\specialists\tools.py:410: error: Type cannot be declared in assignment to non-self attribute  [misc]
resync\core\specialists\tools.py:412: error: "ToolCatalog" has no attribute "_undo_registry"  [attr-defined]
resync\core\specialists\tools.py:412: error: Type cannot be declared in assignment to non-self attribute  [misc]
resync\core\specialists\tools.py:417: error: "ToolCatalog" has no attribute "_tools"  [attr-defined]
resync\core\specialists\tools.py:426: error: "ToolCatalog" has no attribute "_tools"  [attr-defined]
resync\core\specialists\tools.py:434: error: "ToolCatalog" has no attribute "_tools"  [attr-defined]
resync\core\specialists\tools.py:448: error: "ToolCatalog" has no attribute "_tools"  [attr-defined]
resync\core\specialists\tools.py:478: error: "ToolCatalog" has no attribute "_active_runs"; maybe "get_active_runs"?  [attr-defined]
resync\core\specialists\tools.py:491: error: "ToolCatalog" has no attribute "_active_runs"; maybe "get_active_runs"?  [attr-defined]
resync\core\specialists\tools.py:515: error: "ToolCatalog" has no attribute "_active_runs"; maybe "get_active_runs"?  [attr-defined]
resync\core\specialists\tools.py:526: error: "ToolCatalog" has no attribute "_active_runs"; maybe "get_active_runs"?  [attr-defined]
resync\core\specialists\tools.py:540: error: "ToolCatalog" has no attribute "_active_runs"; maybe "get_active_runs"?  [attr-defined]
resync\core\specialists\tools.py:547: error: "ToolCatalog" has no attribute "_active_runs"; maybe "get_active_runs"?  [attr-defined]
resync\core\specialists\tools.py:558: error: "ToolCatalog" has no attribute "_undo_registry"  [attr-defined]
resync\core\specialists\tools.py:560: error: "ToolCatalog" has no attribute "_undo_registry"  [attr-defined]
resync\core\specialists\tools.py:561: error: "ToolCatalog" has no attribute "_undo_registry"  [attr-defined]
resync\core\specialists\tools.py:562: error: "ToolCatalog" has no attribute "_undo_registry"  [attr-defined]
resync\core\specialists\tools.py:567: error: "ToolCatalog" has no attribute "_undo_registry"  [attr-defined]
resync\core\specialists\tools.py:575: error: Cannot determine type of "_execution_history"  [has-type]
resync\core\specialists\tools.py:579: error: "ToolCatalog" has no attribute "_undo_registry"  [attr-defined]
resync\core\specialists\tools.py:585: error: "ToolCatalog" has no attribute "_undo_registry"  [attr-defined]
resync\core\specialists\tools.py:605: error: Cannot determine type of "_execution_history"  [has-type]
resync\core\specialists\tools.py:607: error: Cannot determine type of "_execution_history"  [has-type]
resync\core\specialists\tools.py:608: error: Cannot determine type of "_execution_history"  [has-type]
resync\core\specialists\tools.py:614: error: "ToolCatalog" has no attribute "_pending_approvals"; maybe "get_pending_approvals"?  [attr-defined]
resync\core\specialists\tools.py:628: error: "ToolCatalog" has no attribute "_pending_approvals"; maybe "get_pending_approvals"?  [attr-defined]
resync\core\specialists\tools.py:637: error: "ToolCatalog" has no attribute "_pending_approvals"; maybe "get_pending_approvals"?  [attr-defined]
resync\core\specialists\tools.py:647: error: "ToolCatalog" has no attribute "_pending_approvals"; maybe "get_pending_approvals"?  [attr-defined]
resync\core\specialists\tools.py:706: error: "F" has no attribute "_is_tool"  [attr-defined]
resync\core\specialists\tools.py:707: error: "F" has no attribute "_tool_name"  [attr-defined]
resync\core\specialists\tools.py:708: error: "F" has no attribute "_tool_description"  [attr-defined]
resync\core\specialists\tools.py:709: error: "F" has no attribute "_tool_permission"  [attr-defined]
resync\core\specialists\tools.py:710: error: "F" has no attribute "_tool_requires_approval"  [attr-defined]
resync\core\specialists\tools.py:740: error: Incompatible return value type (got "_Wrapped[[VarArg(Any), KwArg(Any)], Any, [VarArg(Any), KwArg(Any)], Any]", expected "F")  [return-value]
resync\core\startup.py:679: error: Argument 3 to "setup_dependencies" has incompatible type "ContextStore"; expected "IKnowledgeGraph"  [arg-type]
resync\core\startup.py:770: error: Module has no attribute "_collector_task"  [attr-defined]
resync\core\startup.py:815: error: Function "get_redis_client" could always be true in boolean context  [truthy-function]
resync\core\structured_logger.py:278: error: Incompatible types in assignment (expression has type "dict[str, Any]", target has type "str")  [assignment]
resync\core\structured_logger.py:280: error: Incompatible types in assignment (expression has type "list[dict[str, Any] | Any]", target has type "str")  [assignment]
resync\core\structured_logger.py:297: error: Argument 1 to "censor_dict" has incompatible type "MutableMapping[str, Any]"; expected "dict[str, Any]"  [arg-type]
resync\core\structured_logger.py:374: error: Incompatible types in assignment (expression has type "JSONRenderer", variable has type "ConsoleRenderer")  [assignment]
resync\core\structured_logger.py:378: error: Argument "processors" to "configure" has incompatible type "list[object]"; expected "Iterable[Callable[[Any, str, MutableMapping[str, Any]], Mapping[str, Any] | str | bytes | bytearray | tuple[Any, ...]]] | None"  [arg-type]
resync\core\structured_logger.py:389: error: Argument "foreign_pre_chain" to "ProcessorFormatter" has incompatible type "list[object]"; expected "Sequence[Callable[[Any, str, MutableMapping[str, Any]], Mapping[str, Any] | str | bytes | bytearray | tuple[Any, ...]]] | None"  [arg-type]
resync\core\structured_logger.py:817: error: Incompatible types in assignment (expression has type "dict[str, str]", target has type "str | None")  [assignment]
resync\core\structured_logger.py:844: error: Unexpected keyword argument "error" for "debug" of "Logger"  [call-arg]
resync\core\task_tracker.py:139: error: Incompatible return value type (got "_Wrapped[[VarArg(Any), KwArg(Any)], Coroutine[Any, Any, T], [VarArg(Any), KwArg(Any)], Coroutine[Any, Any, Task[T]]]", expected "Callable[..., Task[T]]")  [return-value]
resync\core\task_tracker.py:139: note: "_Wrapped[[VarArg(Any), KwArg(Any)], Coroutine[Any, Any, T], [VarArg(Any), KwArg(Any)], Coroutine[Any, Any, Task[T]]].__call__" has type "Callable[[VarArg(Any), KwArg(Any)], Coroutine[Any, Any, Task[T]]]"
resync\core\teams_integration.py:131: error: Incompatible types in assignment (expression has type "float", variable has type "int")  [assignment]
resync\core\teams_integration.py:253: error: Argument 1 to "post" of "ClientSession" has incompatible type "str | None"; expected "str | URL"  [arg-type]
resync\core\teams_integration.py:414: error: Value of type "Collection[str]" is not indexable  [index]
resync\core\teams_integration.py:447: error: Argument 1 to "send_notification" of "TeamsIntegration" has incompatible type "resync.core.shared_utils.TeamsNotification"; expected "resync.core.teams_integration.TeamsNotification"  [arg-type]
resync\core\teams_integration.py:469: error: Incompatible types in "await" (actual type "KnowledgeGraphWrapper", expected type "Awaitable[Any]")  [misc]
resync\core\teams_notifier.py:152: error: Argument 1 to "_is_quiet_hours" of "TeamsNotificationManager" has incompatible type "Column[str]"; expected "str"  [arg-type]
resync\core\teams_notifier.py:152: error: Argument 2 to "_is_quiet_hours" of "TeamsNotificationManager" has incompatible type "Column[str]"; expected "str"  [arg-type]
resync\core\teams_notifier.py:162: error: Argument 2 to "_check_rate_limit" of "TeamsNotificationManager" has incompatible type "Column[int]"; expected "int"  [arg-type]
resync\core\teams_notifier.py:163: error: Argument 3 to "_check_rate_limit" of "TeamsNotificationManager" has incompatible type "Column[int]"; expected "int"  [arg-type]
resync\core\teams_notifier.py:263: error: Argument 1 to "_send_to_teams" of "TeamsNotificationManager" has incompatible type "Column[str]"; expected "str"  [arg-type]
resync\core\teams_notifier.py:283: error: Incompatible types in assignment (expression has type "datetime", variable has type "Column[datetime]")  [assignment]
resync\core\teams_notifier.py:284: error: Incompatible types in assignment (expression has type "ColumnElement[int]", variable has type "Column[int]")  [assignment]
resync\core\teams_notifier.py:370: error: Value of type "Collection[str]" is not indexable  [index]
resync\core\teams_notifier.py:384: error: Value of type "Collection[str]" is not indexable  [index]
resync\core\teams_notifier.py:420: error: Exception type must be derived from BaseException (or be a tuple of exception classes)  [misc]
resync\core\teams_notifier.py:489: error: Argument 1 to "_send_to_teams" of "TeamsNotificationManager" has incompatible type "Column[str]"; expected "str"  [arg-type]
resync\core\teams_notifier.py:72: error: Argument 2 to "_matches_pattern" of "TeamsNotificationManager" has incompatible type "Column[str]"; expected "str"  [arg-type]
resync\core\teams_notifier.py:72: error: Argument 3 to "_matches_pattern" of "TeamsNotificationManager" has incompatible type "Column[str]"; expected "str"  [arg-type]
resync\core\teams_notifier.py:76: error: Incompatible types in assignment (expression has type "ColumnElement[int]", variable has type "Column[int]")  [assignment]
resync\core\teams_permissions.py:111: error: Incompatible types in assignment (expression has type "str", variable has type "Column[str]")  [assignment]
resync\core\teams_permissions.py:113: error: Incompatible types in assignment (expression has type "bool", variable has type "Column[bool]")  [assignment]
resync\core\teams_permissions.py:115: error: Incompatible types in assignment (expression has type "datetime", variable has type "Column[datetime]")  [assignment]
resync\core\teams_permissions.py:50: error: Incompatible types in assignment (expression has type "datetime", variable has type "Column[datetime]")  [assignment]
resync\core\teams_permissions.py:58: error: Incompatible types in assignment (expression has type "bool", variable has type "Column[bool]")  [assignment]
resync\core\teams_webhook_handler.py:117: error: Incompatible return value type (got "Any | None", expected "str")  [return-value]
resync\core\tws_background_poller.py:440: error: Need type annotation for "workstations" (hint: "workstations: list[<type>] = ...")  [var-annotated]
resync\core\tws_background_poller.py:462: error: Need type annotation for "jobs" (hint: "jobs: list[<type>] = ...")  [var-annotated]
resync\core\tws_history_rag.py:224: error: Need type annotation for "entities"  [var-annotated]
resync\core\tws_history_rag.py:266: error: Need type annotation for "context"  [var-annotated]
resync\core\tws_history_rag.py:302: error: Unsupported target for indexed assignment ("Collection[Any]")  [index]
resync\core\tws_history_rag.py:574: error: "TWSHistoryRAG" has no attribute "retrieve_context"  [attr-defined]
resync\core\tws_history_rag.py:657: error: Module "resync.core.audit_db" has no attribute "log_audit_event"  [attr-defined]
resync\core\tws_monitor.py:182: error: Incompatible types in "await" (actual type "bool", expected type "Awaitable[Any]")  [misc]
resync\core\tws_monitor.py:211: error: Library stubs not installed for "psutil"  [import-untyped]
resync\core\tws_monitor.py:317: error: Argument 1 to "send_notification" of "TeamsIntegration" has incompatible type "resync.core.shared_utils.TeamsNotification"; expected "resync.core.teams_integration.TeamsNotification"  [arg-type]
resync\core\tws_monitor.py:370: error: Argument 1 to "send_notification" of "TeamsIntegration" has incompatible type "resync.core.shared_utils.TeamsNotification"; expected "resync.core.teams_integration.TeamsNotification"  [arg-type]
resync\core\tws_monitor.py:571: error: Incompatible types in assignment (expression has type "TWSMonitorInterface", variable has type "None")  [assignment]
resync\core\tws_monitor.py:572: error: Incompatible return value type (got "None", expected "TWSMonitorInterface")  [return-value]
resync\core\tws_multi\manager.py:161: error: Too many arguments for "TWSLearningStore"  [call-arg]
resync\core\tws_multi\session.py:94: note: By default the bodies of untyped functions are not checked, consider using --check-untyped-defs  [annotation-unchecked]
resync\core\tws_multi\session.py:95: note: By default the bodies of untyped functions are not checked, consider using --check-untyped-defs  [annotation-unchecked]
resync\core\tws_multi\session.py:96: note: By default the bodies of untyped functions are not checked, consider using --check-untyped-defs  [annotation-unchecked]
resync\core\tws_rag_queries.py:260: error: Need type annotation for "event_counts" (hint: "event_counts: dict[<type>, <type>] = ...")  [var-annotated]
resync\core\tws_rag_queries.py:335: error: Need type annotation for "jobs_failed" (hint: "jobs_failed: dict[<type>, <type>] = ...")  [var-annotated]
resync\core\tws_rag_queries.py:566: error: Need type annotation for "ws_issues" (hint: "ws_issues: dict[<type>, <type>] = ...")  [var-annotated]
resync\core\tws_rag_queries.py:773: error: Module "resync.core.tws_status_store" has no attribute "get_status_store"; maybe "get_tws_status_store"?  [attr-defined]
resync\core\unified_config.py:106: note: By default the bodies of untyped functions are not checked, consider using --check-untyped-defs  [annotation-unchecked]
resync\core\unified_config.py:107: note: By default the bodies of untyped functions are not checked, consider using --check-untyped-defs  [annotation-unchecked]
resync\core\unified_config.py:108: note: By default the bodies of untyped functions are not checked, consider using --check-untyped-defs  [annotation-unchecked]
resync\core\unified_config.py:109: note: By default the bodies of untyped functions are not checked, consider using --check-untyped-defs  [annotation-unchecked]
resync\core\unified_config.py:113: note: By default the bodies of untyped functions are not checked, consider using --check-untyped-defs  [annotation-unchecked]
resync\core\unified_config.py:22: error: Library stubs not installed for "toml"  [import-untyped]
resync\core\unified_config.py:25: error: Cannot find implementation or library stub for module named "watchdog.events"  [import-not-found]
resync\core\unified_config.py:26: error: Cannot find implementation or library stub for module named "watchdog.observers"  [import-not-found]
resync\core\unified_config.py:53: error: Need type annotation for "last_modified" (hint: "last_modified: dict[<type>, <type>] = ...")  [var-annotated]
resync\core\utils\correlation.py:265: note: By default the bodies of untyped functions are not checked, consider using --check-untyped-defs  [annotation-unchecked]
resync\core\utils\error_factories.py:103: error: Argument 3 to "create_response" of "EnhancedResyncExceptionFactory" has incompatible type "Any | bool | str"; expected "bool"  [arg-type]
resync\core\utils\error_factories.py:107: error: Argument 3 to "create_response" of "TWSConnectionExceptionFactory" has incompatible type "Any | bool | str"; expected "bool"  [arg-type]
resync\core\utils\error_factories.py:111: error: Argument 3 to "create_response" of "LLMExceptionFactory" has incompatible type "Any | bool | str"; expected "bool"  [arg-type]
resync\core\utils\error_factories.py:115: error: Argument 3 to "create_response" of "DatabaseExceptionFactory" has incompatible type "Any | bool | str"; expected "bool"  [arg-type]
resync\core\utils\error_factories.py:119: error: Argument 3 to "create_response" of "NotFoundExceptionHandler" has incompatible type "Any | bool | str"; expected "bool"  [arg-type]
resync\core\utils\error_factories.py:123: error: Argument 3 to "create_response" of "BaseResyncExceptionFactory" has incompatible type "Any | bool | str"; expected "bool"  [arg-type]
resync\core\utils\error_factories.py:126: error: Argument 3 to "create_response" of "UnknownExceptionFactory" has incompatible type "Any | bool | str"; expected "bool"  [arg-type]
resync\core\utils\error_factories.py:142: error: "BaseAppException" has no attribute "user_friendly_message"  [attr-defined]
resync\core\utils\error_factories.py:158: error: "BaseAppException" has no attribute "error_category"  [attr-defined]
resync\core\utils\error_factories.py:169: error: "BaseAppException" has no attribute "error_category"  [attr-defined]
resync\core\utils\error_factories.py:178: error: "BaseAppException" has no attribute "error_category"  [attr-defined]
resync\core\utils\error_factories.py:189: error: "BaseAppException" has no attribute "error_category"  [attr-defined]
resync\core\utils\error_utils.py:101: error: Argument "correlation_id" to "AuthenticationErrorResponse" has incompatible type "str | None"; expected "str"  [arg-type]
resync\core\utils\error_utils.py:140: error: "type[BusinessLogicErrorResponse]" has no attribute "resource_already_exists"  [attr-defined]
resync\core\utils\error_utils.py:149: error: "type[BusinessLogicErrorResponse]" has no attribute "invalid_operation"  [attr-defined]
resync\core\utils\error_utils.py:161: error: Argument "correlation_id" to "BusinessLogicErrorResponse" has incompatible type "str | None"; expected "str"  [arg-type]
resync\core\utils\error_utils.py:190: error: "type[SystemErrorResponse]" has no attribute "database_error"  [attr-defined]
resync\core\utils\error_utils.py:200: error: Argument "correlation_id" to "SystemErrorResponse" has incompatible type "str | None"; expected "str"  [arg-type]
resync\core\utils\error_utils.py:211: error: "type[ExternalServiceErrorResponse]" has no attribute "timeout"  [attr-defined]
resync\core\utils\error_utils.py:218: error: "type[ExternalServiceErrorResponse]" has no attribute "service_error"  [attr-defined]
resync\core\utils\error_utils.py:451: error: Incompatible types in assignment (expression has type "AuthenticationErrorResponse", variable has type "BusinessLogicErrorResponse")  [assignment]
resync\core\utils\error_utils.py:453: error: Incompatible types in assignment (expression has type "AuthorizationErrorResponse", variable has type "BusinessLogicErrorResponse")  [assignment]
resync\core\utils\error_utils.py:455: error: Incompatible types in assignment (expression has type "RateLimitErrorResponse", variable has type "BusinessLogicErrorResponse")  [assignment]
resync\core\utils\error_utils.py:459: error: Incompatible types in assignment (expression has type "SystemErrorResponse", variable has type "BusinessLogicErrorResponse")  [assignment]
resync\core\utils\error_utils.py:91: error: "type[AuthenticationErrorResponse]" has no attribute "token_expired"  [attr-defined]
resync\core\utils\json_commands.py:43: error: Incompatible return value type (got "None", expected "dict[str, Any]")  [return-value]
resync\core\utils\json_commands.py:87: error: Unsupported right operand type for in ("None")  [operator]
resync\core\utils\json_commands.py:93: error: "None" has no attribute "__iter__" (not iterable)  [attr-defined]
resync\core\utils\llm.py:30: error: Argument "exceptions" to "retry_on_exception" has incompatible type "Callable[[], tuple[type, ...]]"; expected "tuple[Any, ...]"  [arg-type]
resync\core\utils\llm.py:46: error: Incompatible default for argument "api_base" (default has type "None", argument has type "str")  [assignment]
resync\core\utils\llm.py:46: note: PEP 484 prohibits implicit Optional. Accordingly, mypy has changed its default to no_implicit_optional=True
resync\core\utils\llm.py:46: note: Use https://github.com/hauntsaninja/no_implicit_optional to automatically upgrade your codebase
resync\core\utils\llm.py:47: error: Incompatible default for argument "api_key" (default has type "None", argument has type "str")  [assignment]
resync\core\utils\llm.py:47: note: PEP 484 prohibits implicit Optional. Accordingly, mypy has changed its default to no_implicit_optional=True
resync\core\utils\llm.py:47: note: Use https://github.com/hauntsaninja/no_implicit_optional to automatically upgrade your codebase
resync\core\utils\llm_deps.py:49: error: Module "litellm" has no attribute "get_available_models"  [attr-defined]
resync\core\utils\llm_factories.py:141: error: Incompatible default for argument "model" (default has type "None", argument has type "str")  [assignment]
resync\core\utils\llm_factories.py:141: note: PEP 484 prohibits implicit Optional. Accordingly, mypy has changed its default to no_implicit_optional=True
resync\core\utils\llm_factories.py:141: note: Use https://github.com/hauntsaninja/no_implicit_optional to automatically upgrade your codebase
resync\core\utils\llm_factories.py:148: error: Cannot find implementation or library stub for module named "langchain_community.chat_models"  [import-not-found]
resync\core\utils\llm_factories.py:29: error: Incompatible default for argument "api_base" (default has type "None", argument has type "str")  [assignment]
resync\core\utils\llm_factories.py:29: note: PEP 484 prohibits implicit Optional. Accordingly, mypy has changed its default to no_implicit_optional=True
resync\core\utils\llm_factories.py:29: note: Use https://github.com/hauntsaninja/no_implicit_optional to automatically upgrade your codebase
resync\core\utils\llm_factories.py:30: error: Incompatible default for argument "api_key" (default has type "None", argument has type "str")  [assignment]
resync\core\utils\llm_factories.py:30: note: PEP 484 prohibits implicit Optional. Accordingly, mypy has changed its default to no_implicit_optional=True
resync\core\utils\llm_factories.py:30: note: Use https://github.com/hauntsaninja/no_implicit_optional to automatically upgrade your codebase
resync\core\utils\llm_factories.py:58: error: "RouterLike" has no attribute "model_list"  [attr-defined]
resync\core\websocket_pool_manager.py:72: note: By default the bodies of untyped functions are not checked, consider using --check-untyped-defs  [annotation-unchecked]
resync\core\websocket_pool_manager.py:75: note: By default the bodies of untyped functions are not checked, consider using --check-untyped-defs  [annotation-unchecked]
resync\core\wiring.py:180: error: Incompatible types in assignment (expression has type "UnifiedTWSClient", variable has type "MockTWSClient")  [assignment]
resync\core\wiring.py:187: error: Incompatible types in assignment (expression has type "OptimizedTWSClient", variable has type "MockTWSClient")  [assignment]
resync\core\wiring.py:230: error: Cannot instantiate abstract class "PgVectorStore" with abstract attribute "exists_by_sha256"  [abstract]
resync\core\wiring.py:241: error: Argument "tws_client" to "EnterpriseState" has incompatible type "MockTWSClient"; expected "ITWSClient"  [arg-type]
resync\core\write_ahead_log.py:207: error: "None" has no attribute "write"  [attr-defined]
resync\core\write_ahead_log.py:208: error: "None" has no attribute "flush"  [attr-defined]
resync\core\write_ahead_log.py:216: error: "None" has no attribute "_file"  [attr-defined]
resync\core\write_ahead_log.py:218: error: "None" has no attribute "_file"  [attr-defined]
resync\core\write_ahead_log.py:220: error: "None" has no attribute "fileno"  [attr-defined]
resync\csp_validation.py:338: error: Incompatible types in assignment (expression has type "dict[str, str | int | float | None]", target has type "str | int | float | None")  [assignment]
resync\csp_validation.py:343: error: Argument 1 to "asynccontextmanager" has incompatible type "Callable[[Request], Request]"; expected "Callable[[Request], AsyncIterator[Never]]"  [arg-type]
resync\csp_validation.py:344: error: The return type of a generator function should be "Generator" or one of its supertypes  [misc]
resync\knowledge\ingestion\advanced_chunking.py:1501: error: Need type annotation for "current" (hint: "current: list[<type>] = ...")  [var-annotated]
resync\knowledge\ingestion\advanced_chunking.py:46: error: Incompatible types in assignment (expression has type "None", variable has type "Encoding")  [assignment]
resync\knowledge\ingestion\advanced_chunking.py:55: error: Cannot assign to a type  [misc]
resync\knowledge\ingestion\advanced_chunking.py:55: error: Incompatible types in assignment (expression has type "None", variable has type "type[SentenceTransformer]")  [assignment]
resync\knowledge\ingestion\advanced_chunking.py:56: error: Incompatible types in assignment (expression has type "None", variable has type Module)  [assignment]
resync\knowledge\ingestion\advanced_chunking.py:767: error: "str" has no attribute "content"  [attr-defined]
resync\knowledge\ingestion\advanced_chunking.py:783: error: Incompatible return value type (got "ndarray[tuple[Any, ...], dtype[Any]]", expected "list[Any]")  [return-value]
resync\knowledge\ingestion\chunking.py:38: error: Incompatible types in assignment (expression has type "None", variable has type "Encoding")  [assignment]
resync\knowledge\ingestion\chunking.py:69: error: No return value expected  [return-value]
resync\knowledge\ingestion\document_converter.py:103: error: Cannot find implementation or library stub for module named "docling.datamodel.base_models"  [import-not-found]
resync\knowledge\ingestion\document_converter.py:104: error: Cannot find implementation or library stub for module named "docling.datamodel.pipeline_options"  [import-not-found]
resync\knowledge\ingestion\document_converter.py:105: error: Cannot find implementation or library stub for module named "docling.document_converter"  [import-not-found]
resync\knowledge\ingestion\embedding_service.py:166: error: Argument 1 to "_detect_provider" of "MultiProviderEmbeddingService" has incompatible type "str | None"; expected "str"  [arg-type]
resync\knowledge\ingestion\embedding_service.py:171: error: Argument 1 to "_infer_dimension" of "MultiProviderEmbeddingService" has incompatible type "str | None"; expected "str"  [arg-type]
resync\knowledge\ingestion\embedding_service.py:311: error: Return type "Coroutine[Any, Any, list[float]]" of "embed" incompatible with return type "list[float]" in supertype "resync.knowledge.interfaces.Embedder"  [override]
resync\knowledge\ingestion\embedding_service.py:324: error: Return type "Coroutine[Any, Any, list[list[float]]]" of "embed_batch" incompatible with return type "list[list[float]]" in supertype "resync.knowledge.interfaces.Embedder"  [override]
resync\knowledge\ingestion\embedding_service.py:394: error: Argument 1 to "to_thread" has incompatible type overloaded function; expected "Callable[[KwArg(Any)], Coroutine[Any, Any, EmbeddingResponse]]"  [arg-type]
resync\knowledge\ingestion\embedding_service.py:397: error: "Coroutine[Any, Any, EmbeddingResponse]" has no attribute "data"  [attr-defined]
resync\knowledge\ingestion\embedding_service.py:397: note: Maybe you forgot to use "await"?
resync\knowledge\ingestion\embedding_service.py:450: error: Incompatible return value type (got "str | None", expected "str")  [return-value]
resync\knowledge\ingestion\embedding_service.py:61: error: Incompatible types in assignment (expression has type "None", variable has type "dict[str, Any]")  [assignment]
resync\knowledge\ingestion\embeddings.py:108: error: Return type "Coroutine[Any, Any, list[float]]" of "embed" incompatible with return type "list[float]" in supertype "EmbeddingProvider"  [override]
resync\knowledge\ingestion\embeddings.py:121: error: Return type "Coroutine[Any, Any, list[list[float]]]" of "embed_batch" incompatible with return type "list[list[float]]" in supertype "EmbeddingProvider"  [override]
resync\knowledge\ingestion\embeddings.py:197: error: Need type annotation for "embedding" (hint: "embedding: list[<type>] = ...")  [var-annotated]
resync\knowledge\ingestion\embeddings.py:208: error: Return type "Coroutine[Any, Any, list[list[float]]]" of "embed_batch" incompatible with return type "list[list[float]]" in supertype "EmbeddingProvider"  [override]
resync\knowledge\ingestion\ingest.py:104: error: Incompatible types in "await" (actual type "list[list[float]]", expected type "Awaitable[Any]")  [misc]
resync\knowledge\ingestion\ingest.py:106: error: "upsert_batch" of "VectorStore" does not return a value (it only ever returns None)  [func-returns-value]
resync\knowledge\ingestion\ingest.py:238: error: Incompatible types in "await" (actual type "bool", expected type "Awaitable[Any]")  [misc]
resync\knowledge\ingestion\ingest.py:290: error: Incompatible types in "await" (actual type "list[list[float]]", expected type "Awaitable[Any]")  [misc]
resync\knowledge\ingestion\ingest.py:292: error: "upsert_batch" of "VectorStore" does not return a value (it only ever returns None)  [func-returns-value]
resync\knowledge\ingestion\ingest.py:352: error: Need type annotation for "chunk_types" (hint: "chunk_types: dict[<type>, <type>] = ...")  [var-annotated]
resync\knowledge\ingestion\ingest.py:400: error: "VectorStore" has no attribute "delete_by_doc_id"  [attr-defined]
resync\knowledge\ingestion\ingest.py:74: error: Incompatible types in "await" (actual type "bool", expected type "Awaitable[Any]")  [misc]
resync\knowledge\kg_store\store.py:22: error: Skipping analyzing "asyncpg": module is installed, but missing library stubs or py.typed marker  [import-untyped]
resync\knowledge\kg_store\store.py:230: note: "get_subgraph" of "PostgresGraphStore" defined here
resync\knowledge\ontology\provenance.py:247: note: By default the bodies of untyped functions are not checked, consider using --check-untyped-defs  [annotation-unchecked]
resync\knowledge\ontology\provenance.py:248: note: By default the bodies of untyped functions are not checked, consider using --check-untyped-defs  [annotation-unchecked]
resync\knowledge\ontology\provenance.py:249: note: By default the bodies of untyped functions are not checked, consider using --check-untyped-defs  [annotation-unchecked]
resync\knowledge\retrieval\cache_manager.py:105: note: By default the bodies of untyped functions are not checked, consider using --check-untyped-defs  [annotation-unchecked]
resync\knowledge\retrieval\cache_manager.py:106: note: By default the bodies of untyped functions are not checked, consider using --check-untyped-defs  [annotation-unchecked]
resync\knowledge\retrieval\cache_manager.py:107: note: By default the bodies of untyped functions are not checked, consider using --check-untyped-defs  [annotation-unchecked]
resync\knowledge\retrieval\cache_manager.py:110: note: By default the bodies of untyped functions are not checked, consider using --check-untyped-defs  [annotation-unchecked]
resync\knowledge\retrieval\feedback_retriever.py:102: error: Signature of "retrieve" incompatible with supertype "resync.knowledge.interfaces.Retriever"  [override]
resync\knowledge\retrieval\feedback_retriever.py:102: note:          def retrieve(self, query: str, top_k: int = ..., filters: dict[str, Any] | None = ...) -> list[dict[str, Any]]
resync\knowledge\retrieval\feedback_retriever.py:102: note:          def retrieve(self, query: str, top_k: int = ..., filters: dict[str, Any] | None = ..., apply_feedback: bool = ..., user_id: str | None = ...) -> Coroutine[Any, Any, list[dict[str, Any]]]
resync\knowledge\retrieval\feedback_retriever.py:102: note:      Subclass:
resync\knowledge\retrieval\feedback_retriever.py:102: note:      Superclass:
resync\knowledge\retrieval\feedback_retriever.py:127: error: Incompatible types in "await" (actual type "list[float]", expected type "Awaitable[Any]")  [misc]
resync\knowledge\retrieval\feedback_retriever.py:137: error: Incompatible types in "await" (actual type "list[dict[str, Any]]", expected type "Awaitable[Any]")  [misc]
resync\knowledge\retrieval\feedback_retriever.py:179: error: "RAGFeedbackStore" has no attribute "get_document_scores_batch"  [attr-defined]
resync\knowledge\retrieval\feedback_retriever.py:187: error: "RAGFeedbackStore" has no attribute "get_query_feedback_score"  [attr-defined]
resync\knowledge\retrieval\feedback_retriever.py:273: error: Incompatible types in "await" (actual type "list[float]", expected type "Awaitable[Any]")  [misc]
resync\knowledge\retrieval\feedback_retriever.py:274: error: "RAGFeedbackStore" has no attribute "record_feedback"  [attr-defined]
resync\knowledge\retrieval\feedback_retriever.py:305: error: Incompatible types in "await" (actual type "list[float]", expected type "Awaitable[Any]")  [misc]
resync\knowledge\retrieval\feedback_retriever.py:317: error: "RAGFeedbackStore" has no attribute "record_batch_feedback"  [attr-defined]
resync\knowledge\retrieval\feedback_retriever.py:344: error: "RAGFeedbackStore" has no attribute "get_statistics"  [attr-defined]
resync\knowledge\retrieval\feedback_retriever.py:383: error: "RAGFeedbackStore" has no attribute "get_statistics"  [attr-defined]
resync\knowledge\retrieval\graph.py:67: error: Incompatible types in "await" (actual type "list[dict[str, Any]]", expected type "Awaitable[Any]")  [misc]
resync\knowledge\retrieval\hybrid.py:423: error: Need type annotation for "found" (hint: "found: set[<type>] = ...")  [var-annotated]
resync\knowledge\retrieval\hybrid.py:658: error: "ActiveLearningDecision" object is not iterable  [misc]
resync\knowledge\retrieval\hybrid.py:658: error: Unexpected keyword argument "entities_found" for "check_for_review"  [call-arg]
resync\knowledge\retrieval\hybrid.py:666: error: Cannot determine type of "needs_review"  [has-type]
resync\knowledge\retrieval\hybrid.py:666: error: Unsupported target for indexed assignment ("dict[str, object] | dict[str, dict[str, list[str]] | float | str] | str | None")  [index]
resync\knowledge\retrieval\hybrid.py:667: error: Cannot determine type of "warning"  [has-type]
resync\knowledge\retrieval\hybrid.py:668: error: Cannot determine type of "warning"  [has-type]
resync\knowledge\retrieval\hybrid.py:668: error: Unsupported target for indexed assignment ("dict[str, object] | dict[str, dict[str, list[str]] | float | str] | str | None")  [index]
resync\knowledge\retrieval\hybrid_retriever.py:102: error: If x = b'abc' then f"{x}" or "{}".format(x) produces "b'abc'", not "abc". If this is desired behavior, use f"{x!r}" or "{!r}".format(x). Otherwise, decode the bytes  [str-bytes-safe]
resync\knowledge\retrieval\hybrid_retriever.py:107: error: If x = b'abc' then f"{x}" or "{}".format(x) produces "b'abc'", not "abc". If this is desired behavior, use f"{x!r}" or "{!r}".format(x). Otherwise, decode the bytes  [str-bytes-safe]
resync\knowledge\retrieval\hybrid_retriever.py:111: error: Name "json" is not defined  [name-defined]
resync\knowledge\retrieval\hybrid_retriever.py:139: error: Name "json" is not defined  [name-defined]
resync\knowledge\retrieval\hybrid_retriever.py:272: error: Incompatible types in assignment (expression has type "float | int", variable has type "int")  [assignment]
resync\knowledge\retrieval\hybrid_retriever.py:322: error: Need type annotation for "scores"  [var-annotated]
resync\knowledge\retrieval\hybrid_retriever.py:368: error: Name "json" is not defined  [name-defined]
resync\knowledge\retrieval\hybrid_retriever.py:58: error: Skipping analyzing "joblib": module is installed, but missing library stubs or py.typed marker  [import-untyped]
resync\knowledge\retrieval\hybrid_retriever.py:985: error: Incompatible types in "await" (actual type "list[dict[str, Any]]", expected type "Awaitable[Any]")  [misc]
resync\knowledge\retrieval\retriever.py:18: error: Return type "Coroutine[Any, Any, list[dict[str, Any]]]" of "retrieve" incompatible with return type "list[dict[str, Any]]" in supertype "resync.knowledge.interfaces.Retriever"  [override]
resync\knowledge\retrieval\retriever.py:22: error: Incompatible types in "await" (actual type "list[float]", expected type "Awaitable[Any]")  [misc]
resync\knowledge\retrieval\retriever.py:26: error: Incompatible types in "await" (actual type "list[dict[str, Any]]", expected type "Awaitable[Any]")  [misc]
resync\knowledge\store\pgvector.py:307: error: Skipping analyzing "asyncpg": module is installed, but missing library stubs or py.typed marker  [import-untyped]
resync\knowledge\store\pgvector_store.py:121: error: Signature of "query" incompatible with supertype "resync.knowledge.interfaces.VectorStore"  [override]
resync\knowledge\store\pgvector_store.py:121: note:          def query(self, vector: list[float], top_k: int, collection: str | None = ..., filters: dict[str, Any] | None = ..., ef_search: int | None = ..., with_vectors: bool = ...) -> list[dict[str, Any]]
resync\knowledge\store\pgvector_store.py:121: note:          def query(self, vector: list[float], top_k: int, collection: str | None = ..., filters: dict[str, Any] | None = ..., with_vectors: bool = ...) -> Coroutine[Any, Any, list[dict[str, Any]]]
resync\knowledge\store\pgvector_store.py:121: note:      Subclass:
resync\knowledge\store\pgvector_store.py:121: note:      Superclass:
resync\knowledge\store\pgvector_store.py:214: error: Return type "Coroutine[Any, Any, int]" of "count" incompatible with return type "int" in supertype "resync.knowledge.interfaces.VectorStore"  [override]
resync\knowledge\store\pgvector_store.py:25: error: Skipping analyzing "asyncpg": module is installed, but missing library stubs or py.typed marker  [import-untyped]
resync\knowledge\store\pgvector_store.py:283: error: Return type "Coroutine[Any, Any, list[dict[str, Any]]]" of "get_all_documents" incompatible with return type "list[dict[str, Any]]" in supertype "resync.knowledge.interfaces.VectorStore"  [override]
resync\knowledge\store\pgvector_store.py:333: error: Cannot instantiate abstract class "PgVectorStore" with abstract attribute "exists_by_sha256"  [abstract]
resync\knowledge\store\pgvector_store.py:83: error: Return type "Coroutine[Any, Any, None]" of "upsert_batch" incompatible with return type "None" in supertype "resync.knowledge.interfaces.VectorStore"  [override]
resync\models\a2a.py:43: error: No overload variant of "Field" matches argument types "list[str]", "str"  [call-overload]
resync\models\a2a.py:43: note:     def Field(*, alias: str | None = ..., alias_priority: int | None = ..., validation_alias: str | AliasPath | AliasChoices | None = ..., serialization_alias: str | None = ..., title: str | None = ..., field_title_generator: Callable[[str, FieldInfo], str] | None = ..., description: str | None = ..., examples: list[Any] | None = ..., exclude: bool | None = ..., discriminator: str | Discriminator | None = ..., deprecated: deprecated | str | bool | None = ..., json_schema_extra: JsonDict | Callable[[JsonDict], None] | None = ..., frozen: bool | None = ..., validate_default: bool | None = ..., repr: bool = ..., init: bool | None = ..., init_var: bool | None = ..., kw_only: bool | None = ..., pattern: str | Pattern[str] | None = ..., strict: bool | None = ..., coerce_numbers_to_str: bool | None = ..., gt: SupportsGt | None = ..., ge: SupportsGe | None = ..., lt: SupportsLt | None = ..., le: SupportsLe | None = ..., multiple_of: float | None = ..., allow_inf_nan: bool | None = ..., max_digits: int | None = ..., decimal_places: int | None = ..., min_length: int | None = ..., max_length: int | None = ..., union_mode: Literal['smart', 'left_to_right'] = ..., fail_fast: bool | None = ...) -> Any
resync\models\a2a.py:43: note:     def Field(default: EllipsisType, *, alias: str | None = ..., alias_priority: int | None = ..., validation_alias: str | AliasPath | AliasChoices | None = ..., serialization_alias: str | None = ..., title: str | None = ..., field_title_generator: Callable[[str, FieldInfo], str] | None = ..., description: str | None = ..., examples: list[Any] | None = ..., exclude: bool | None = ..., discriminator: str | Discriminator | None = ..., deprecated: deprecated | str | bool | None = ..., json_schema_extra: JsonDict | Callable[[JsonDict], None] | None = ..., frozen: bool | None = ..., validate_default: bool | None = ..., repr: bool = ..., init: bool | None = ..., init_var: bool | None = ..., kw_only: bool | None = ..., pattern: str | Pattern[str] | None = ..., strict: bool | None = ..., coerce_numbers_to_str: bool | None = ..., gt: SupportsGt | None = ..., ge: SupportsGe | None = ..., lt: SupportsLt | None = ..., le: SupportsLe | None = ..., multiple_of: float | None = ..., allow_inf_nan: bool | None = ..., max_digits: int | None = ..., decimal_places: int | None = ..., min_length: int | None = ..., max_length: int | None = ..., union_mode: Literal['smart', 'left_to_right'] = ..., fail_fast: bool | None = ...) -> Any
resync\models\a2a.py:43: note:     def [_T] Field(*, default_factory: Callable[[], _T] | Callable[[dict[str, Any]], _T], alias: str | None = ..., alias_priority: int | None = ..., validation_alias: str | AliasPath | AliasChoices | None = ..., serialization_alias: str | None = ..., title: str | None = ..., field_title_generator: Callable[[str, FieldInfo], str] | None = ..., description: str | None = ..., examples: list[Any] | None = ..., exclude: bool | None = ..., discriminator: str | Discriminator | None = ..., deprecated: deprecated | str | bool | None = ..., json_schema_extra: JsonDict | Callable[[JsonDict], None] | None = ..., frozen: bool | None = ..., validate_default: bool | None = ..., repr: bool = ..., init: bool | None = ..., init_var: bool | None = ..., kw_only: bool | None = ..., pattern: str | Pattern[str] | None = ..., strict: bool | None = ..., coerce_numbers_to_str: bool | None = ..., gt: SupportsGt | None = ..., ge: SupportsGe | None = ..., lt: SupportsLt | None = ..., le: SupportsLe | None = ..., multiple_of: float | None = ..., allow_inf_nan: bool | None = ..., max_digits: int | None = ..., decimal_places: int | None = ..., min_length: int | None = ..., max_length: int | None = ..., union_mode: Literal['smart', 'left_to_right'] = ..., fail_fast: bool | None = ...) -> _T
resync\models\a2a.py:43: note:     def [_T] Field(default: _T, *, alias: str | None = ..., alias_priority: int | None = ..., validation_alias: str | AliasPath | AliasChoices | None = ..., serialization_alias: str | None = ..., title: str | None = ..., field_title_generator: Callable[[str, FieldInfo], str] | None = ..., description: str | None = ..., examples: list[Any] | None = ..., exclude: bool | None = ..., discriminator: str | Discriminator | None = ..., deprecated: deprecated | str | bool | None = ..., json_schema_extra: JsonDict | Callable[[JsonDict], None] | None = ..., frozen: bool | None = ..., validate_default: bool | None = ..., repr: bool = ..., init: bool | None = ..., init_var: bool | None = ..., kw_only: bool | None = ..., pattern: str | Pattern[str] | None = ..., strict: bool | None = ..., coerce_numbers_to_str: bool | None = ..., gt: SupportsGt | None = ..., ge: SupportsGe | None = ..., lt: SupportsLt | None = ..., le: SupportsLe | None = ..., multiple_of: float | None = ..., allow_inf_nan: bool | None = ..., max_digits: int | None = ..., decimal_places: int | None = ..., min_length: int | None = ..., max_length: int | None = ..., union_mode: Literal['smart', 'left_to_right'] = ..., fail_fast: bool | None = ...) -> _T
resync\models\a2a.py:43: note: Possible overload variants:
resync\scripts\manual_verify.py:129: error: Cannot assign to a method  [method-assign]
resync\scripts\manual_verify.py:130: error: Cannot assign to a method  [method-assign]
resync\scripts\manual_verify.py:131: error: Cannot assign to a method  [method-assign]
resync\scripts\manual_verify.py:41: error: Cannot assign to a type  [misc]
resync\scripts\manual_verify.py:42: error: Cannot assign to a type  [misc]
resync\scripts\manual_verify.py:43: error: Cannot assign to a type  [misc]
resync\scripts\manual_verify.py:43: error: Incompatible types in assignment (expression has type "type[Exception]", variable has type "type[WebSocketDisconnect]")  [assignment]
resync\scripts\manual_verify.py:45: error: Cannot assign to a type  [misc]
resync\services\advanced_graph_queries.py:1048: error: Incompatible types in assignment (expression has type "dict[str, Any]", target has type "str")  [assignment]
resync\services\advanced_graph_queries.py:1051: error: Incompatible types in assignment (expression has type "int", target has type "str")  [assignment]
resync\services\advanced_graph_queries.py:1052: error: Incompatible types in assignment (expression has type "int", target has type "str")  [assignment]
resync\services\advanced_graph_queries.py:1054: error: Incompatible types in assignment (expression has type "int", target has type "str")  [assignment]
resync\services\advanced_graph_queries.py:1057: error: Incompatible types in assignment (expression has type "dict[str, object]", target has type "str")  [assignment]
resync\services\advanced_graph_queries.py:310: error: Argument "key" to "sorted" has incompatible type "Callable[[dict[str, Any]], Any | None]"; expected "Callable[[dict[str, Any]], SupportsDunderLT[Any] | SupportsDunderGT[Any]]"  [arg-type]
resync\services\advanced_graph_queries.py:310: error: Incompatible return value type (got "Any | None", expected "SupportsDunderLT[Any] | SupportsDunderGT[Any]")  [return-value]
resync\services\advanced_graph_queries.py:40: error: Library stubs not installed for "networkx"  [import-untyped]
resync\services\advanced_graph_queries.py:40: note: Hint: "python3 -m pip install types-networkx"
resync\services\advanced_graph_queries.py:704: note: By default the bodies of untyped functions are not checked, consider using --check-untyped-defs  [annotation-unchecked]
resync\services\advanced_graph_queries.py:705: note: By default the bodies of untyped functions are not checked, consider using --check-untyped-defs  [annotation-unchecked]
resync\services\advanced_graph_queries.py:765: error: Invalid index type "tuple[str, ...]" for "dict[tuple[str, str], int]"; expected type "tuple[str, str]"  [index]
resync\services\advanced_graph_queries.py:768: error: Invalid index type "tuple[str, ...]" for "dict[tuple[str, str], int]"; expected type "tuple[str, str]"  [index]
resync\services\advanced_graph_queries.py:808: error: Invalid index type "tuple[str, ...]" for "dict[tuple[str, str], int]"; expected type "tuple[str, str]"  [index]
resync\services\config_manager.py:107: note: By default the bodies of untyped functions are not checked, consider using --check-untyped-defs  [annotation-unchecked]
resync\services\config_manager.py:108: note: By default the bodies of untyped functions are not checked, consider using --check-untyped-defs  [annotation-unchecked]
resync\services\config_manager.py:109: note: By default the bodies of untyped functions are not checked, consider using --check-untyped-defs  [annotation-unchecked]
resync\services\config_manager.py:110: note: By default the bodies of untyped functions are not checked, consider using --check-untyped-defs  [annotation-unchecked]
resync\services\config_manager.py:111: note: By default the bodies of untyped functions are not checked, consider using --check-untyped-defs  [annotation-unchecked]
resync\services\config_manager.py:446: error: Need type annotation for "config" (hint: "config: dict[<type>, <type>] = ...")  [var-annotated]
resync\services\llm_fallback.py:654: error: Incompatible types in assignment (expression has type "LLMRateLimitError", variable has type "LLMTimeoutError | None")  [assignment]
resync\services\llm_fallback.py:668: error: Incompatible types in assignment (expression has type "Exception", variable has type "LLMTimeoutError | None")  [assignment]
resync\services\llm_retry.py:302: error: Exception must be derived from BaseException  [misc]
resync\services\llm_retry.py:76: error: Need type annotation for "state" (hint: "state: dict[<type>, <type>] = ...")  [var-annotated]
resync\services\llm_retry.py:77: error: Need type annotation for "failures"  [var-annotated]
resync\services\llm_retry.py:78: error: Need type annotation for "successes"  [var-annotated]
resync\services\llm_retry.py:79: error: Need type annotation for "last_failure_time" (hint: "last_failure_time: dict[<type>, <type>] = ...")  [var-annotated]
resync\services\llm_service.py:163: error: Argument 1 to "int" has incompatible type "Any | str | None"; expected "str | Buffer | SupportsInt | SupportsIndex | SupportsTrunc"  [arg-type]
resync\services\llm_service.py:384: error: Argument "messages" to "create" of "AsyncCompletions" has incompatible type "list[dict[str, str]] | list[dict[str, Any]]"; expected "Iterable[ChatCompletionDeveloperMessageParam | ChatCompletionSystemMessageParam | ChatCompletionUserMessageParam | ChatCompletionAssistantMessageParam | ChatCompletionToolMessageParam | ChatCompletionFunctionMessageParam]"  [arg-type]
resync\services\llm_service.py:448: error: Dict entry 2 has incompatible type "str": "list[dict[str, Any]]"; expected "str": "str"  [dict-item]
resync\services\llm_service.py:815: error: Name "messages" already defined on line 787  [no-redef]
resync\services\llm_service_new.py:154: error: Argument 1 to "int" has incompatible type "Any | str | None"; expected "str | Buffer | SupportsInt | SupportsIndex | SupportsTrunc"  [arg-type]
resync\services\llm_service_new.py:181: error: Unexpected keyword argument "max_concurrency" for "info" of "Logger"  [call-arg]
resync\services\llm_service_new.py:181: error: Unexpected keyword argument "timeout_s" for "info" of "Logger"  [call-arg]
resync\services\mock_tws_service.py:450: error: Argument 1 to "Event" has incompatible type "**dict[str, object]"; expected "datetime"  [arg-type]
resync\services\mock_tws_service.py:450: error: Argument 1 to "Event" has incompatible type "**dict[str, object]"; expected "str | None"  [arg-type]
resync\services\mock_tws_service.py:450: error: Argument 1 to "Event" has incompatible type "**dict[str, object]"; expected "str"  [arg-type]
resync\services\mock_tws_service.py:520: error: Incompatible default for argument "host" (default has type "None", argument has type "str")  [assignment]
resync\services\mock_tws_service.py:520: note: PEP 484 prohibits implicit Optional. Accordingly, mypy has changed its default to no_implicit_optional=True
resync\services\mock_tws_service.py:520: note: Use https://github.com/hauntsaninja/no_implicit_optional to automatically upgrade your codebase
resync\services\mock_tws_service.py:521: error: Incompatible default for argument "port" (default has type "None", argument has type "int")  [assignment]
resync\services\mock_tws_service.py:521: note: PEP 484 prohibits implicit Optional. Accordingly, mypy has changed its default to no_implicit_optional=True
resync\services\mock_tws_service.py:521: note: Use https://github.com/hauntsaninja/no_implicit_optional to automatically upgrade your codebase
resync\services\mock_tws_service.py:522: error: Incompatible default for argument "user" (default has type "None", argument has type "str")  [assignment]
resync\services\mock_tws_service.py:522: note: PEP 484 prohibits implicit Optional. Accordingly, mypy has changed its default to no_implicit_optional=True
resync\services\mock_tws_service.py:522: note: Use https://github.com/hauntsaninja/no_implicit_optional to automatically upgrade your codebase
resync\services\mock_tws_service.py:523: error: Incompatible default for argument "password" (default has type "None", argument has type "str")  [assignment]
resync\services\mock_tws_service.py:523: note: PEP 484 prohibits implicit Optional. Accordingly, mypy has changed its default to no_implicit_optional=True
resync\services\mock_tws_service.py:523: note: Use https://github.com/hauntsaninja/no_implicit_optional to automatically upgrade your codebase
resync\services\mock_tws_service.py:547: error: Dict entry 1 has incompatible type "str": "str"; expected "str": "bool"  [dict-item]
resync\services\mock_tws_service.py:548: error: Dict entry 2 has incompatible type "str": "str"; expected "str": "bool"  [dict-item]
resync\services\mock_tws_service.py:549: error: Dict entry 3 has incompatible type "str": "int"; expected "str": "bool"  [dict-item]
resync\services\mock_tws_service.py:553: error: Dict entry 1 has incompatible type "str": "str"; expected "str": "bool"  [dict-item]
resync\services\mock_tws_service.py:554: error: Dict entry 2 has incompatible type "str": "str"; expected "str": "bool"  [dict-item]
resync\services\mock_tws_service.py:555: error: Dict entry 3 has incompatible type "str": "int"; expected "str": "bool"  [dict-item]
resync\services\tws_cache.py:152: note: By default the bodies of untyped functions are not checked, consider using --check-untyped-defs  [annotation-unchecked]
resync\services\tws_cache.py:153: note: By default the bodies of untyped functions are not checked, consider using --check-untyped-defs  [annotation-unchecked]
resync\services\tws_cache.py:160: note: By default the bodies of untyped functions are not checked, consider using --check-untyped-defs  [annotation-unchecked]
resync\services\tws_cache.py:410: error: Need type annotation for "category_counts" (hint: "category_counts: dict[<type>, <type>] = ...")  [var-annotated]
resync\services\tws_graph_service.py:135: error: Need type annotation for "visited" (hint: "visited: set[<type>] = ...")  [var-annotated]
resync\services\tws_graph_service.py:44: error: Library stubs not installed for "networkx"  [import-untyped]
resync\services\tws_graph_service.py:466: error: Incompatible types in assignment (expression has type "list[Any]", target has type "str")  [assignment]
resync\services\tws_graph_service.py:467: error: Incompatible types in assignment (expression has type "int", target has type "str")  [assignment]
resync\services\tws_graph_service.py:470: error: Incompatible types in assignment (expression has type "list[Any]", target has type "str")  [assignment]
resync\services\tws_graph_service.py:471: error: Incompatible types in assignment (expression has type "int", target has type "str")  [assignment]
resync\services\tws_service.py:390: error: Incompatible types in assignment (expression has type "TWSServerError", variable has type "TWSRateLimitError | None")  [assignment]
resync\services\tws_service.py:425: error: Incompatible types in assignment (expression has type "TWSTimeoutError", variable has type "TWSRateLimitError | None")  [assignment]
resync\services\tws_service.py:448: error: Incompatible types in assignment (expression has type "TWSConnectionError", variable has type "TWSRateLimitError | None")  [assignment]
resync\services\tws_unified.py:387: error: Item "None" of "Any | None" has no attribute "get_system_status"  [union-attr]
resync\services\tws_unified.py:394: error: Item "None" of "Any | None" has no attribute "get_engine_info"  [union-attr]
resync\services\tws_unified.py:401: error: Item "None" of "Any | None" has no attribute "get_jobs"  [union-attr]
resync\services\tws_unified.py:409: error: Item "None" of "Any | None" has no attribute "get_job"  [union-attr]
resync\services\tws_unified.py:417: error: Item "None" of "Any | None" has no attribute "get_job_status"  [union-attr]
resync\services\tws_unified.py:425: error: Item "None" of "Any | None" has no attribute "get_workstations"  [union-attr]
resync\services\tws_unified.py:432: error: Item "None" of "Any | None" has no attribute "get_plan"  [union-attr]
resync\services\tws_unified.py:599: error: Return type "None" of "connect" incompatible with return type "Coroutine[Any, Any, None]" in supertype "UnifiedTWSClient"  [override]
resync\services\tws_unified.py:603: error: Return type "None" of "disconnect" incompatible with return type "Coroutine[Any, Any, None]" in supertype "UnifiedTWSClient"  [override]
resync\settings.py:198: error: Incompatible types in assignment (expression has type "str", variable has type "SecretStr")  [assignment]
resync\settings.py:280: error: Incompatible types in assignment (expression has type "str", variable has type "SecretStr")  [assignment]
resync\tests\conftest.py:109: error: Cannot find implementation or library stub for module named "resync.models.base"  [import-not-found]
resync\tests\factories.py:118: error: Name "_get_faker" already defined on line 110  [no-redef]
resync\tests\factories.py:32: error: Cannot find implementation or library stub for module named "polyfactory.factories.pydantic_factory"  [import-not-found]
resync\tests\factories.py:35: error: Name "ModelFactory" already defined (possibly by an import)  [no-redef]
resync\tests\factories.py:63: error: Cannot find implementation or library stub for module named "faker"  [import-not-found]
resync\tests\test_lifespan_smoke.py:33: error: Argument 1 to "enterprise_state_from_app" has incompatible type "Callable[[MutableMapping[str, Any], Callable[[], Awaitable[MutableMapping[str, Any]]], Callable[[MutableMapping[str, Any]], Awaitable[None]]], Awaitable[None]]"; expected "FastAPI"  [arg-type]
resync\tools\definitions\tws.py:44: error: "OptimizedTWSClient" has no attribute "get_system_status"  [attr-defined]
resync\tools\definitions\tws.py:93: error: "OptimizedTWSClient" has no attribute "get_system_status"  [attr-defined]
resync\tools\llm_tools.py:126: error: Incompatible types in "await" (actual type "OptimizedTWSClient", expected type "Awaitable[Any]")  [misc]
resync\tools\llm_tools.py:172: error: Incompatible types in "await" (actual type "OptimizedTWSClient", expected type "Awaitable[Any]")  [misc]
resync\tools\llm_tools.py:198: error: Incompatible types in "await" (actual type "OptimizedTWSClient", expected type "Awaitable[Any]")  [misc]
resync\tools\llm_tools.py:209: error: Cannot determine type of "engine_info"  [has-type]
resync\tools\llm_tools.py:211: error: Cannot determine type of "engine_info"  [has-type]
resync\tools\llm_tools.py:214: error: Cannot determine type of "engine_info"  [has-type]
resync\tools\llm_tools.py:216: error: Cannot determine type of "failed_jobs"  [has-type]
resync\tools\llm_tools.py:250: error: Incompatible types in "await" (actual type "OptimizedTWSClient", expected type "Awaitable[Any]")  [misc]
resync\tools\llm_tools.py:80: error: Incompatible types in "await" (actual type "OptimizedTWSClient", expected type "Awaitable[Any]")  [misc]
resync\tools\registry.py:185: error: "ToolCatalog" has no attribute "_tools"  [attr-defined]
resync\tools\registry.py:185: error: Type cannot be declared in assignment to non-self attribute  [misc]
resync\tools\registry.py:186: error: Cannot determine type of "_execution_history"  [has-type]
resync\tools\registry.py:186: error: Type cannot be declared in assignment to non-self attribute  [misc]
resync\tools\registry.py:187: error: "ToolCatalog" has no attribute "_pending_approvals"  [attr-defined]
resync\tools\registry.py:187: error: Type cannot be declared in assignment to non-self attribute  [misc]
resync\tools\registry.py:188: error: "ToolCatalog" has no attribute "_active_runs"; maybe "get_active_runs"?  [attr-defined]
resync\tools\registry.py:188: error: Type cannot be declared in assignment to non-self attribute  [misc]
resync\tools\registry.py:189: error: "ToolCatalog" has no attribute "_undo_registry"  [attr-defined]
resync\tools\registry.py:189: error: Type cannot be declared in assignment to non-self attribute  [misc]
resync\tools\registry.py:190: error: "ToolCatalog" has no attribute "_state_lock"  [attr-defined]
resync\tools\registry.py:195: error: "ToolCatalog" has no attribute "_state_lock"  [attr-defined]
resync\tools\registry.py:196: error: "ToolCatalog" has no attribute "_tools"  [attr-defined]
resync\tools\registry.py:205: error: "ToolCatalog" has no attribute "_tools"  [attr-defined]
resync\tools\registry.py:213: error: "ToolCatalog" has no attribute "_tools"  [attr-defined]
resync\tools\registry.py:227: error: "ToolCatalog" has no attribute "_tools"  [attr-defined]
resync\tools\registry.py:258: error: "ToolCatalog" has no attribute "_state_lock"  [attr-defined]
resync\tools\registry.py:259: error: "ToolCatalog" has no attribute "_active_runs"; maybe "get_active_runs"?  [attr-defined]
resync\tools\registry.py:271: error: "ToolCatalog" has no attribute "_state_lock"  [attr-defined]
resync\tools\registry.py:272: error: "ToolCatalog" has no attribute "_active_runs"; maybe "get_active_runs"?  [attr-defined]
resync\tools\registry.py:297: error: "ToolCatalog" has no attribute "_active_runs"; maybe "get_active_runs"?  [attr-defined]
resync\tools\registry.py:303: error: "ToolCatalog" has no attribute "_active_runs"; maybe "get_active_runs"?  [attr-defined]
resync\tools\registry.py:314: error: "ToolCatalog" has no attribute "_state_lock"  [attr-defined]
resync\tools\registry.py:315: error: Cannot determine type of "_execution_history"  [has-type]
resync\tools\registry.py:316: error: Cannot determine type of "_execution_history"  [has-type]
resync\tools\registry.py:317: error: Cannot determine type of "_execution_history"  [has-type]
resync\tools\registry.py:336: error: "ToolCatalog" has no attribute "_state_lock"  [attr-defined]
resync\tools\registry.py:337: error: "ToolCatalog" has no attribute "_pending_approvals"  [attr-defined]
resync\tools\registry.py:347: error: "ToolCatalog" has no attribute "_state_lock"  [attr-defined]
resync\tools\registry.py:348: error: "ToolCatalog" has no attribute "_pending_approvals"  [attr-defined]
resync\tools\registry.py:355: error: "ToolCatalog" has no attribute "_state_lock"  [attr-defined]
resync\tools\registry.py:356: error: "ToolCatalog" has no attribute "_pending_approvals"  [attr-defined]
resync\tools\registry.py:414: error: "F" has no attribute "_is_tool"  [attr-defined]
resync\tools\registry.py:415: error: "F" has no attribute "_tool_name"  [attr-defined]
resync\tools\registry.py:416: error: "F" has no attribute "_tool_description"  [attr-defined]
resync\tools\registry.py:417: error: "F" has no attribute "_tool_permission"  [attr-defined]
resync\tools\registry.py:418: error: "F" has no attribute "_tool_requires_approval"  [attr-defined]
resync\tools\registry.py:448: error: Incompatible return value type (got "_Wrapped[[VarArg(Any), KwArg(Any)], Any, [VarArg(Any), KwArg(Any)], Any]", expected "F")  [return-value]
resync\workflows\nodes.py:81: error: Incompatible import of "notify_operators" (imported name has type "Callable[[NamedArg(str, 'workflow_id'), NamedArg(str, 'job_name'), NamedArg(list[dict[str, Any]], 'recommendations'), NamedArg(float, 'failure_probability'), NamedArg(datetime | None, 'estimated_failure_date'), DefaultNamedArg(AsyncSession | None, 'db'), DefaultNamedArg(str, 'instance_name')], Coroutine[Any, Any, dict[str, Any]]]", local name has type "Callable[[VarArg(Any), KwArg(Any)], Coroutine[Any, Any, None]]")  [assignment]
resync\workflows\nodes_optimized.py:238: error: Incompatible types in "await" (actual type "list[dict[str, Any]]", expected type "Awaitable[Any]")  [misc]
resync\workflows\nodes_optimized.py:398: error: Argument 3 to "getattr" has incompatible type "str"; expected "float"  [arg-type]
resync\workflows\nodes_optimized.py:582: error: Unexpected keyword argument "intercept" for "calculate_confidence_interval"; did you mean "_intercept"?  [call-arg]
resync\workflows\nodes_optimized.py:582: error: Unexpected keyword argument "x_values" for "calculate_confidence_interval"; did you mean "_x_values" or "_y_values"?  [call-arg]
resync\workflows\nodes_optimized.py:582: error: Unexpected keyword argument "y_values" for "calculate_confidence_interval"; did you mean "_y_values" or "_x_values"?  [call-arg]
resync\workflows\nodes_verbose.py:137: note: "fetch_job_execution_history" defined here
resync\workflows\nodes_verbose.py:179: note: "fetch_workstation_metrics_history" defined here
resync\workflows\statistical_analysis.py:24: error: Library stubs not installed for "pandas"  [import-untyped]
resync\workflows\statistical_analysis.py:281: error: Cannot find implementation or library stub for module named "resync.db.models.tws_job_status"  [import-not-found]
resync\workflows\statistical_analysis.py:32: error: Library stubs not installed for "scipy"  [import-untyped]
resync\workflows\statistical_analysis.py:32: error: Library stubs not installed for "scipy.stats"  [import-untyped]
resync\workflows\statistical_analysis.py:32: note: Hint: "python3 -m pip install scipy-stubs"
resync\workflows\statistical_analysis.py:478: note: "calculate_confidence_interval" defined here
resync\workflows\workflow_capacity_forecasting.py:178: error: Unexpected keyword argument "days" for "fetch_workstation_metrics_history"  [call-arg]
resync\workflows\workflow_capacity_forecasting.py:183: error: Unexpected keyword argument "days" for "fetch_job_execution_history"  [call-arg]
resync\workflows\workflow_capacity_forecasting.py:25: error: Library stubs not installed for "pandas"  [import-untyped]
resync\workflows\workflow_capacity_forecasting.py:33: error: Cannot find implementation or library stub for module named "langchain_core.messages"  [import-not-found]
resync\workflows\workflow_capacity_forecasting.py:36: error: Name "HumanMessage" already defined (possibly by an import)  [no-redef]
resync\workflows\workflow_capacity_forecasting.py:39: error: Name "SystemMessage" already defined (possibly by an import)  [no-redef]
resync\workflows\workflow_capacity_forecasting.py:44: error: Cannot find implementation or library stub for module named "langgraph.graph"  [import-not-found]
resync\workflows\workflow_capacity_forecasting.py:54: error: Cannot find implementation or library stub for module named "langgraph.checkpoint.postgres.aio"  [import-not-found]
resync\workflows\workflow_capacity_forecasting.py:591: error: Incompatible types (expression has type "dict[str, int]", TypedDict item "estimated_costs" has type "dict[str, float]")  [typeddict-item]
resync\workflows\workflow_capacity_forecasting.py:591: note: "dict" is invariant -- see https://mypy.readthedocs.io/en/stable/common_issues.html#variance
resync\workflows\workflow_capacity_forecasting.py:591: note: Consider using "Mapping" instead, which is covariant in the value type
resync\workflows\workflow_capacity_forecasting.py:59: error: Cannot find implementation or library stub for module named "langgraph_checkpoint_postgres"  [import-not-found]
resync\workflows\workflow_capacity_forecasting.py:671: error: Argument "model" to "get_langchain_llm" of "LLMFactory" has incompatible type "Any | None"; expected "str"  [arg-type]
resync\workflows\workflow_capacity_forecasting.py:681: error: Cannot find implementation or library stub for module named "langgraph.checkpoint.memory"  [import-not-found]
resync\workflows\workflow_predictive_maintenance.py:44: error: Cannot find implementation or library stub for module named "langchain_core.messages"  [import-not-found]
resync\workflows\workflow_predictive_maintenance.py:45: error: Cannot find implementation or library stub for module named "langgraph.graph"  [import-not-found]
resync\workflows\workflow_predictive_maintenance.py:46: error: Cannot find implementation or library stub for module named "langgraph.checkpoint.postgres"  [import-not-found]
resync\workflows\workflow_predictive_maintenance.py:52: error: Name "HumanMessage" already defined (possibly by an import)  [no-redef]
resync\workflows\workflow_predictive_maintenance.py:546: error: Incompatible types (expression has type "list[Any | None]", TypedDict item "actions_executed" has type "list[str]")  [typeddict-item]
resync\workflows\workflow_predictive_maintenance.py:547: error: Incompatible types (expression has type "dict[Any | None, dict[str, Any]]", TypedDict item "execution_results" has type "dict[str, Any]")  [typeddict-item]
resync\workflows\workflow_predictive_maintenance.py:57: error: Name "SystemMessage" already defined (possibly by an import)  [no-redef]
resync\workflows\workflow_predictive_maintenance.py:792: error: Argument "model" to "get_langchain_llm" of "LLMFactory" has incompatible type "Any | None"; expected "str"  [arg-type]
resync\workflows\workflow_predictive_maintenance.py:918: error: Argument "model" to "get_langchain_llm" of "LLMFactory" has incompatible type "Any | None"; expected "str"  [arg-type]
resync\workflows\workflow_predictive_maintenance.py:98: error: Cannot find implementation or library stub for module named "psycopg_pool"  [import-not-found]


=== 3. PYLINT (Code Smells) === [AGRUPADO POR FICHEIRO/ERRO]

"""
"""
"""
"""
"""
"""
"""
"""
"""
"""
"""
"""
"""
"""
"""
"""
"""
""" (duplicate-code)
""" (duplicate-code)
"""Accept str or pydantic SecretStr; return plain str or None."""
"""Alert severity levels."""
"""Attempt to recover failed components.""" (duplicate-code)
"""Calculate duration in seconds between two timestamps."""
"""Check health of all circuit breakers."""
"""Check health of all connection pools."""
"""Check health of the metrics system."""
"""Check if a user role can execute a tool."""
"""Definition of a tool in the catalog."""
"""Execute tool with guardrails."""
"""Force immediate health check and return results.""" (duplicate-code)
"""Get a specific TWS instance.""" (duplicate-code)
"""Get a tool by name."""
"""Get all circuit breakers managed by this system.""" (duplicate-code)
"""Get current RAG chunking configuration"""
"""Get detailed feedback analysis."""
"""Get events with optional filters.""" (duplicate-code)
"""Get global context enricher instance."""
"""Get interval in seconds based on schedule.""" (duplicate-code)
"""Get only read-only tools (for sub-agents)."""
"""Get summary statistics for all metrics."""
"""Get the global tool catalog instance."""
"""Hash credential for constant-time comparison."""
"""Health check status."""
"""Initialize LLM service with NVIDIA API configuration"""
"""Initialize store if needed."""
"""Initialize the prompt manager."""
"""Input sanitization levels."""
"""Input schema for RAG search."""
"""Input schema for job history retrieval."""
"""Input schema for job log retrieval."""
"""Instala PostgreSQL no Windows via Chocolatey ou manual.""" (duplicate-code)
"""List available tools, optionally filtered by role and tags."""
"""Load validation configuration from TOML file."""
"""Map OpenAI SDK errors into domain exceptions with correct retry semantics.""" (duplicate-code)
"""Observable status for tool execution."""
"""Obtm detalhes completos de um feedback."""
"""Output schema for RAG search."""
"""Output schema for job log retrieval."""
"""Process a data erasure request.""" (duplicate-code)
"""Raised when a tool requires HITL approval."""
"""Risk classification for approval workflow."""
"""Service for interacting with LLM APIs through OpenAI-compatible endpoints."""
"""Severidade dos alertas."""
"""Singleton pattern."""
"""Tool permission levels."""
"""Types of metrics that can be collected."""
"""Uma amostra de mtricas em um ponto no tempo."""
"""User roles for permission checking."""
"""Validate date range."""
"""Validate list fields."""
"""Validate search query.""" (duplicate-code)
"""Verify admin authentication for WebSocket connection.
"/docs",
"/health",
"/metrics",
"/openapi.json", (duplicate-code)
"/redoc",
"123456",
"12345678",
"AIMonitoringService",
"ActionRequest",
"ActiveLearningCandidate",
"AgentQueryParams",
"AgentStateModel", (duplicate-code)
"AgentValidationConfig",
"AggregatedMetric",
"AggregationPeriod",
"AlertQueryParams",
"AlertRequest",
"AlertSeverity",
"ApprovalRequiredError",
"ApprovalResponse",
"ApprovalState",
"AuditEntry",
"AuditQueryParams",
"AuditQueueItem", (duplicate-code)
"CalendarInput",
"CalendarOutput",
"CalendarTool",
"ChatValidationConfig",
"CombinedQueryParams",
"ContextContent",
"Conversation",
"ConversationContext",
"ConversationMemory",
"CustomMetricRequest",
"DEFAULT_MONITORING_CONFIG",
"DateRangeParams",
"DeclarativeCategory",
"DeclarativeMemory",
"DependencyGraphInput",
"DependencyGraphOutput",
"DependencyGraphTool",
"DependencySpecialist",
"DiagnosticSubgraphState",
"DriftAlert",
"DriftDetector",
"DriftType",
"EVIDENTLY_AVAILABLE",
"ErrorCodeInput",
"ErrorCodeOutput",
"ErrorCodeTool",
"ExecuteCommandInput",
"ExecuteCommandOutput",
"Failed authentication attempt",
"Failed to initialize LLM service (OpenAI error): %s",
"FallbackGraph",
"Feedback",
"FileChunkUploadRequest",
"FileInfo",
"FileProcessingRequest",
"FileQueryParams",
"FileType",
"FileUpdateRequest",
"FileUploadRequest",
"FilterOperator",
"FilterParams",
"GradeAnswer",
"GradeDecision",
"GradeHallucinations",
"HallucinationGrade",
"HallucinationGradeResult",
"HallucinationGrader",
"HealthCheckRequest",
"Implement baseline metrics storage for future comparisons"
"InMemoryLongTermStore",
"InMemoryStore",
"IncidentRecord",
"Intent",
"JobAnalystAgent",
"JobHistoryInput",
"JobHistoryOutput",
"JobLogInput",
"JobLogOutput",
"JobLogTool",
"KnowledgeSpecialist",
"LearningThreshold",
"LightweightMetricsStore",
"LogQueryParams",
"LongTermMemoryManager",
"LongTermMemoryStore",
"MemoryExtractor",
"MemoryProvenance",
"MemoryStore",
"MemoryType",
"Message",
"MetricAggregation",
"MetricDataPoint",
"MetricPoint",
"MetricType",
"MetricsInput",
"MetricsOutput",
"MonitoringConfig",
"MonitoringDataCollector",
"MonitoringSchedule",
"OperationContext",
"OpinionBasedPromptFormatter initialized for enhanced RAG accuracy"
"PaginationParams",
"ParallelFetchState",
"ParallelResult",
"PerformanceTestRequest", (duplicate-code)
"ProceduralCategory",
"ProceduralMemory", (duplicate-code)
"ProcessingStatus", (duplicate-code)
"RAGSearchInput",
"RAGSearchOutput",
"RAGUploadRequest",
"ROLE_PERMISSIONS",
"RateLimitConfig",
"RedisLongTermStore",
"RedisMemoryStore",
"ResourceLimits",
"ResourceSpecialist",
"RetrievalMode",
"RiskLevel",
"SanitizationLevel",
"SearchHistoryInput",
"SearchParams",
"SecurityValidationConfig",
"SessionHistory",
"SortOrder",
"SortParams",