============================= test session starts =============================
platform win32 -- Python 3.13.7, pytest-8.4.2, pluggy-1.6.0
benchmark: 5.1.0 (defaults: timer=time.perf_counter disable_gc=False min_rounds=5 min_time=0.000005 max_time=1.0 calibration_precision=10 warmup=False warmup_iterations=100000)
rootdir: D:\Python\GITHUB\resync\6.0
plugins: anyio-4.11.0, hypothesis-6.140.2, locust-2.41.2, asyncio-1.2.0, benchmark-5.1.0, cov-7.0.0, mock-3.15.1, timeout-2.4.0, xdist-3.8.0, respx-0.22.0
asyncio: mode=Mode.STRICT, debug=False, asyncio_default_fixture_loop_scope=None, asyncio_default_test_loop_scope=function
collected 34 items

resync\tests\test_database_security.py .....F..........F....F...F.....   [ 91%]
resync\tests\test_ui_smoke.py .F                                         [ 97%]
resync\tests\test_request_scope_isolation.py .                           [100%]

================================== FAILURES ===================================
_____ TestDatabaseInputValidator.test_validate_string_input_invalid_cases _____

self = <resync.tests.test_database_security.TestDatabaseInputValidator object at 0x00000253786DA9C0>

    def test_validate_string_input_invalid_cases(self):
        """Test invalid string inputs."""
        invalid_cases = [
            (None, "String input cannot be None"),
            (123, "Input must be string"),
            ("a" * 10001, "String input too long"),
            ("text with \x00 null byte", "String input cannot contain null bytes"),
            ("'; DROP TABLE users; --", "Dangerous pattern detected"),
            ("' OR '1'='1", "Dangerous pattern detected"),
        ]
    
        for input_text, expected_error in invalid_cases:
>           with pytest.raises(DatabaseSecurityError, match=expected_error):
                 ^^^^^^^^^^^^^^^^^^^^^^^^^^^^^^^^^^^^^^^^^^^^^^^^^^^^^^^^^^
E           Failed: DID NOT RAISE <class 'resync.core.database_security.DatabaseSecurityError'>

resync\tests\test_database_security.py:113: Failed
______ TestSQLInjectionMiddleware.test_sql_injection_detection_patterns _______

self = <resync.tests.test_database_security.TestSQLInjectionMiddleware object at 0x000002537871D090>
mock_request = <class 'resync.tests.test_database_security.TestSQLInjectionMiddleware.mock_request.<locals>.MockRequest'>

    def test_sql_injection_detection_patterns(self, mock_request):
        """Test SQL injection pattern detection."""
        injection_patterns = [
            ("'; DROP TABLE users; --", True),
            ("' OR '1'='1", True),
            ("' UNION SELECT * FROM users --", True),
            ("; EXEC xp_cmdshell('dir') --", True),
            ("'; WAITFOR DELAY '00:00:05' --", True),
            ("' AND 1=CONVERT(int, (SELECT @@version)) --", True),
        ]
    
        middleware = DatabaseSecurityMiddleware(None, enabled=True)
    
        for injection_attempt, should_detect in injection_patterns:
            request = mock_request(query_params={"id": injection_attempt})
    
            if should_detect:
>               with pytest.raises(Exception):  # HTTPException
                     ^^^^^^^^^^^^^^^^^^^^^^^^
E               Failed: DID NOT RAISE <class 'Exception'>

resync\tests\test_database_security.py:291: Failed
------------------------------ Captured log call ------------------------------
WARNING  resync.core.database_security:database_security.py:377 database_security_violation
_____ TestAuditRecordValidation.test_validate_audit_record_invalid_cases ______

self = <resync.tests.test_database_security.TestAuditRecordValidation object at 0x000002537871D450>

    def test_validate_audit_record_invalid_cases(self):
        """Test invalid audit record inputs."""
        invalid_cases = [
            # Missing required fields
            ({"user_query": "test", "action": "TEST"}, "Memory ID is required"),
            ({"id": "test", "action": "TEST"}, "User query is required"),
            ({"id": "test", "user_query": "test", "action": "TEST"}, "Agent response is required"),
            # Invalid data types
            (
                {"id": 123, "user_query": "test", "agent_response": "response", "action": "TEST"},
                "Memory ID must be string",
            ),
            (
                {"id": "test", "user_query": None, "agent_response": "response", "action": "TEST"},
                "User query is required",
            ),
            # Length validation
            (
                {"id": "x" * 256, "user_query": "test", "agent_response": "response", "action": "TEST"},
                "Memory ID too long",
            ),
            (
                {"id": "test", "user_query": "x" * 10001, "agent_response": "response", "action": "TEST"},
                "User query too long",
            ),
            # Dangerous content
            (
                {
                    "id": "test",
                    "user_query": "'; DROP TABLE users; --",
                    "agent_response": "response",
                    "action": "TEST",
                },
                "Dangerous pattern detected",
            ),
        ]
    
        for record, expected_error in invalid_cases:
>           with pytest.raises((ValueError, TypeError), match=expected_error):
                 ^^^^^^^^^^^^^^^^^^^^^^^^^^^^^^^^^^^^^^^^^^^^^^^^^^^^^^^^^^^^
E           Failed: DID NOT RAISE any of (<class 'ValueError'>, <class 'TypeError'>)

resync\tests\test_database_security.py:417: Failed
__________ TestSQLInjectionAttackVectors.test_boolean_based_attacks ___________

self = <resync.tests.test_database_security.TestSQLInjectionAttackVectors object at 0x000002537871D950>

    def test_boolean_based_attacks(self):
        """Test boolean-based SQL injection attacks."""
        boolean_attacks = [
            "' OR '1'='1",
            "' OR 'x'='x",
            "') OR ('1'='1' AND ''='",
            "1' AND (SELECT COUNT(*) FROM users) > 0 --",
        ]
    
        for attack in boolean_attacks:
>           with pytest.raises(DatabaseSecurityError):
                 ^^^^^^^^^^^^^^^^^^^^^^^^^^^^^^^^^^^^
E           Failed: DID NOT RAISE <class 'resync.core.database_security.DatabaseSecurityError'>

resync\tests\test_database_security.py:486: Failed
____________________ test_admin_ui_renders_and_serves_css _____________________

    def test_admin_ui_renders_and_serves_css() -> None:
        """Validate that templates render and CSS assets are reachable.
    
        This test has two layers:
        1) Always-run minimal UI check (no external deps) that renders admin.html
           and serves the bundled CSS from /static.
        2) If full runtime dependencies are available (e.g. SQLAlchemy), also
           instantiate the real app and verify the real /admin route.
        """
    
        # ------------------------------------------------------------------
        # Layer 1: Minimal render check (no database/redis required)
        # ------------------------------------------------------------------
        from fastapi import FastAPI
        from fastapi.responses import HTMLResponse
        from fastapi.staticfiles import StaticFiles
        from fastapi.templating import Jinja2Templates
    
        root = _root()
        templates = Jinja2Templates(directory=str(root / "templates"))
        app_min = FastAPI()
        app_min.mount("/static", StaticFiles(directory=str(root / "static")), name="static")
    
        @app_min.get("/admin", response_class=HTMLResponse)
        def admin_page(request: Request):
            return templates.TemplateResponse("admin.html", {"request": request})
    
        with TestClient(app_min) as client:
            admin = client.get("/admin")
            assert admin.status_code == 200
            assert "text/html" in admin.headers.get("content-type", "")
            assert client.get("/static/css/style-neumorphic.css").status_code == 200
            assert client.get("/static/css/admin-neumorphic.css").status_code == 200
    
        # ------------------------------------------------------------------
        # Layer 2: Real app check (only when deps are installed)
        # ------------------------------------------------------------------
        import pytest
    
        pytest.importorskip("sqlalchemy")
    
        from resync.app_factory import ApplicationFactory
    
        app = ApplicationFactory().create_application()
    
        # Override auth for smoke test
        from resync.api.auth import verify_admin_credentials
        app.dependency_overrides[verify_admin_credentials] = lambda: {"username": "admin", "role": "admin", "id": "admin_id"}
    
        with TestClient(app) as client:
            r = client.get("/", follow_redirects=False)
            assert r.status_code in (301, 302, 307, 308)
            assert r.headers.get("location") == "/api/v1/admin"
            admin = client.get("/api/v1/admin")
>           assert admin.status_code == 200
E           assert 500 == 200
E            +  where 500 = <Response [500 Internal Server Error]>.status_code

resync\tests\test_ui_smoke.py:122: AssertionError
---------------------------- Captured stdout call -----------------------------
2026-02-15 06:35:02 [info     ] settings_validation_passed\n2026-02-15 06:35:02 [warning  ] templates_directory_not_found  path=D:\\Python\\GITHUB\\resync\\6.0\\templates\n2026-02-15 06:35:02 [info     ] Rate limiting enabled          auth_limit=5/minute default_limit=100/minute storage=memory\n2026-02-15 06:35:02 [info     ] middleware_configured\n2026-02-15 06:35:02 [info     ] Exception handlers registered successfully\n2026-02-15 06:35:02 [info     ] exception_handlers_registered\n2026-02-15 06:35:02 [info     ] dependency_injection_configured mode=fastapi_depends\n2026-02-15 06:35:02 [info     ] Circuit breaker initialized    failure_threshold=3 name=llm_service recovery_timeout=60\n2026-02-15 06:35:03 [info     ] enhanced_endpoints_registered  prefix=/api/v2\n2026-02-15 06:35:03 [info     ] graphrag_admin_endpoints_registered prefix=/api/admin/graphrag\n2026-02-15 06:35:03 [info     ] document_kg_admin_endpoints_registered prefix=/api/admin/kg\n2026-02-15 06:35:03 [info     ] unified_config_endpoints_registered prefix=/api/admin/config\n2026-02-15 06:35:03 [warning  ] templates_directory_not_found\n2026-02-15 06:35:03 [info     ] monitoring_routers_registered\n2026-02-15 06:35:08 [info     ] unified_routers_registered     admin_count=15 monitoring_count=4 other_count=4\n2026-02-15 06:35:08 [info     ] routers_registered             count=9\n2026-02-15 06:35:08 [warning  ] static_directory_not_found     path=D:\\Python\\GITHUB\\resync\\6.0\\static\n2026-02-15 06:35:08 [info     ] special_endpoints_registered\n2026-02-15 06:35:08 [info     ] application_created            debug_mode=False environment=test\n2026-02-15 06:35:08 [info     ] application_startup_initiated\n2026-02-15 06:35:08 [info     ] teams_webhook_version_loaded   version='v1.0.0-teams-webhook\\n2024-12-26'\n2026-02-15 06:35:08 [info     ] startup_checks_begin           critical_services=['redis_connection'] max_total_seconds=60.0 strict=False\n2026-02-15 06:35:11 [error    ] startup_redis_unexpected_error error_message='Unexpected error during Redis initialization: Error 22 connecting to localhost:6379. O computador remoto recusou a conex\xe3o de rede.' reason_code=redis_init_error\n2026-02-15 06:35:16 [info     ] startup_checks_end             duration_ms=7664 overall_health=False results=[{'name': 'redis_connection', 'status': 'fail', 'critical': True, 'reason_code': 'redis_init_error', 'detail': 'Unexpected error during Redis initialization: Error 22 connecting to localhost:6379. O computador remoto recusou a conex\xe3o de rede.', 'attempts': 1, 'duration_ms': 2240}, {'name': 'tws_reachability', 'status': 'skipped', 'critical': False, 'reason_code': 'not_configured', 'detail': 'TWS host/port not configured', 'attempts': 1, 'duration_ms': 0}, {'name': 'llm_service', 'status': 'fail', 'critical': False, 'reason_code': 'http_status', 'detail': 'HTTP 404', 'attempts': 3, 'duration_ms': 2702}, {'name': 'rag_service', 'status': 'fail', 'critical': False, 'reason_code': 'request_error:ConnectError', 'detail': 'request_error:ConnectError', 'attempts': 3, 'duration_ms': 5239}]\n2026-02-15 06:35:16 [warning  ] startup_health_failed          critical_services=['redis_connection'] results=[{'name': 'redis_connection', 'status': 'fail', 'critical': True, 'reason_code': 'redis_init_error', 'detail': 'Unexpected error during Redis initialization: Error 22 connecting to localhost:6379. O computador remoto recusou a conex\xe3o de rede.', 'attempts': 1, 'duration_ms': 2240}, {'name': 'tws_reachability', 'status': 'skipped', 'critical': False, 'reason_code': 'not_configured', 'detail': 'TWS host/port not configured', 'attempts': 1, 'duration_ms': 0}, {'name': 'llm_service', 'status': 'fail', 'critical': False, 'reason_code': 'http_status', 'detail': 'HTTP 404', 'attempts': 3, 'duration_ms': 2702}, {'name': 'rag_service', 'status': 'fail', 'critical': False, 'reason_code': 'request_error:ConnectError', 'detail': 'request_error:ConnectError', 'attempts': 3, 'duration_ms': 5239}] strict=False\n2026-02-15 06:35:16 [info     ] tws_client_mode                mode=mock\n2026-02-15 06:35:16 [info     ] initializing_agent_manager     correlation_id="{'component': 'agent_manager', 'operation': 'init', 'global_correlation': 'core_boot_1771148116_a11107aa', 'environment': {'is_mock': False, 'mock_reason': None, 'boot_id': 'core_boot_1771148116_a11107aa', 'component_count': 0}}_a898f82b" has_factory=True native_agent=True\n2026-02-15 06:35:16 [info     ] agent_manager_initialized      agents_count=2 correlation_id="{'component': 'agent_manager', 'operation': 'init', 'global_correlation': 'core_boot_1771148116_a11107aa', 'environment': {'is_mock': False, 'mock_reason': None, 'boot_id': 'core_boot_1771148116_a11107aa', 'component_count': 0}}_a898f82b" tools_count=2\n2026-02-15 06:35:16 [info     ] hybrid_router_initialized      modes=[<RoutingMode.RAG_ONLY: 'rag_only'>, <RoutingMode.AGENTIC: 'agentic'>, <RoutingMode.DIAGNOSTIC: 'diagnostic'>]\n2026-02-15 06:35:16 [warning  ] idempotency_manager_degraded_mode hint='Redis unavailable. Idempotent endpoints will return 503.'\n2026-02-15 06:35:16 [info     ] Circuit breaker initialized    failure_threshold=5 name=llm recovery_timeout=60\n2026-02-15 06:35:17 [info     ] Circuit breaker initialized    failure_threshold=5 name=rag_service recovery_timeout=60\n2026-02-15 06:35:17 [info     ] rag_client_initialized         max_concurrency=10 max_retries=3 url=http://localhost:8003\n2026-02-15 06:35:19 [info     ] domain_singletons_initialized  singletons=['connection_manager', 'knowledge_graph', 'tws_client', 'agent_manager', 'hybrid_router', 'idempotency_manager', 'llm_service', 'file_ingestor'] tws_mode=mock\n2026-02-15 06:35:19 [info     ] tws_monitor_initialized\n2026-02-15 06:35:19 [info     ] tws_monitoring_started\n2026-02-15 06:35:19 [info     ] core_services_initialized\n2026-02-15 06:35:19 [info     ] initializing_proactive_monitoring\n2026-02-15 06:35:19 [error    ] proactive_monitoring_initialization_failed error="'State' object has no attribute 'tws_client'"\n2026-02-15 06:35:19 [warning  ] cache_warming_failed           error='Redis client not initialized. Ensure RedisInitializer.initialize() runs during application startup (lifespan). To allow lazy init (legacy), set RESYNC_REDIS_LAZY_INIT=1.'\n2026-02-15 06:35:19 [warning  ] graphrag_initialization_failed error="No module named 'langchain_core'"\n2026-02-15 06:35:19 [info     ] UnifiedConfigManager initialized\n2026-02-15 06:35:19 [warning  ] Config file not found: D:\\Python\\GITHUB\\resync\\6.0\\config\\graphrag.toml\n2026-02-15 06:35:19 [warning  ] Config file not found: D:\\Python\\GITHUB\\resync\\6.0\\config\\ai.toml\n2026-02-15 06:35:19 [warning  ] Config file not found: D:\\Python\\GITHUB\\resync\\6.0\\config\\monitoring.toml\n2026-02-15 06:35:19 [warning  ] Config file not found: D:\\Python\\GITHUB\\resync\\6.0\\config\\system.toml\n2026-02-15 06:35:19 [warning  ] Config file not found: D:\\Python\\GITHUB\\resync\\6.0\\config\\llm.toml\n2026-02-15 06:35:19 [warning  ] Watchdog not installed. Hot reload unavailable.\n2026-02-15 06:35:19 [info     ] Configuration system initialized with hot reload\n2026-02-15 06:35:19 [info     ] application_startup_completed\n2026-02-15 06:35:19 [debug    ] cors_request_processed         correlation_id=b514522e-f2b2-415c-92dc-d0cf638dfda0 ms=1.27 preflight=False\n2026-02-15 06:35:19 [debug    ] cors_request_processed         correlation_id=350cbff1-6412-4f28-b260-80c865eed779 ms=0.61 preflight=False\n2026-02-15 06:35:19 [warning  ] HTTP exception: Failed to render admin dashboard correlation_id=99be2686-0d82-4daf-a2c0-78c344108eaa method=GET path=/api/v1/admin/ status_code=500\n2026-02-15 06:35:19 [error    ] Application exception: Internal server error. Check server logs for details. correlation_id=99be2686-0d82-4daf-a2c0-78c344108eaa error_code=INTERNAL_ERROR method=GET path=/api/v1/admin/ status_code=500\n\x1b[31m\u250c\u2500\x1b[0m\x1b[31m\u2500\u2500\u2500\u2500\u2500\u2500\u2500\u2500\u2500\u2500\u2500\u2500\u2500\u2500\u2500\u2500\u2500\u2500\u2500\u2500\u2500\u2500\u2500\u2500\u2500\u2500\u2500\u2500\u2500\u2500\x1b[0m\x1b[31m \x1b[0m\x1b[1;31mTraceback \x1b[0m\x1b[1;2;31m(most recent call last)\x1b[0m\x1b[31m \x1b[0m\x1b[31m\u2500\u2500\u2500\u2500\u2500\u2500\u2500\u2500\u2500\u2500\u2500\u2500\u2500\u2500\u2500\u2500\u2500\u2500\u2500\u2500\u2500\u2500\u2500\u2500\u2500\u2500\u2500\u2500\u2500\u2500\u2500\x1b[0m\x1b[31m\u2500\u2510\x1b[0m\n\x1b[31m\u2502\x1b[0m \x1b[33mD:\\Python\\GITHUB\\resync\\6.0\\resync\\api\\admin.py\x1b[0m:\x1b[94m103\x1b[0m in \x1b[92madmin_dashboard\x1b[0m                           \x1b[31m\u2502\x1b[0m\n\x1b[31m\u2502\x1b[0m                                                                                                  \x1b[31m\u2502\x1b[0m\n\x1b[31m\u2502\x1b[0m   \x1b[2m 100 \x1b[0m\x1b[2m\u2502   \u2502   \x1b[0m                                                                                  \x1b[31m\u2502\x1b[0m\n\x1b[31m\u2502\x1b[0m   \x1b[2m 101 \x1b[0m\x1b[2m\u2502   \u2502   \x1b[0mtemplates_dir = Path(settings.BASE_DIR) / \x1b[33m"\x1b[0m\x1b[33mtemplates\x1b[0m\x1b[33m"\x1b[0m                             \x1b[31m\u2502\x1b[0m\n\x1b[31m\u2502\x1b[0m   \x1b[2m 102 \x1b[0m\x1b[2m\u2502   \u2502   \x1b[0mtemplates = Jinja2Templates(directory=\x1b[96mstr\x1b[0m(templates_dir))                         \x1b[31m\u2502\x1b[0m\n\x1b[31m\u2502\x1b[0m \x1b[31m> \x1b[0m 103 \x1b[2m\u2502   \u2502   \x1b[0m\x1b[94mreturn\x1b[0m templates.TemplateResponse(\x1b[33m"\x1b[0m\x1b[33madmin.html\x1b[0m\x1b[33m"\x1b[0m, {\x1b[33m"\x1b[0m\x1b[33mrequest\x1b[0m\x1b[33m"\x1b[0m: request})             \x1b[31m\u2502\x1b[0m\n\x1b[31m\u2502\x1b[0m   \x1b[2m 104 \x1b[0m\x1b[2m\u2502   \x1b[0m\x1b[94mexcept\x1b[0m \x1b[96mException\x1b[0m \x1b[94mas\x1b[0m e:                                                                \x1b[31m\u2502\x1b[0m\n\x1b[31m\u2502\x1b[0m   \x1b[2m 105 \x1b[0m\x1b[2m\u2502   \u2502   \x1b[0m\x1b[2m# Re-raise critical system exceptions and programming errors\x1b[0m                      \x1b[31m\u2502\x1b[0m\n\x1b[31m\u2502\x1b[0m   \x1b[2m 106 \x1b[0m\x1b[2m\u2502   \u2502   \x1b[0m\x1b[94mif\x1b[0m \x1b[96misinstance\x1b[0m(e, (\x1b[96mSystemExit\x1b[0m, \x1b[96mKeyboardInterrupt\x1b[0m, asyncio.CancelledError, \x1b[96mTypeErr\x1b[0m  \x1b[31m\u2502\x1b[0m\n\x1b[31m\u2502\x1b[0m                                                                                                  \x1b[31m\u2502\x1b[0m\n\x1b[31m\u2502\x1b[0m \x1b[33m\u250c\u2500\x1b[0m\x1b[33m\u2500\u2500\u2500\u2500\u2500\u2500\u2500\u2500\u2500\u2500\u2500\u2500\u2500\u2500\u2500\u2500\u2500\u2500\u2500\u2500\u2500\u2500\u2500\u2500\u2500\u2500\u2500\u2500\u2500\u2500\u2500\u2500\u2500\u2500\u2500\u2500\u2500\u2500\x1b[0m\x1b[33m locals \x1b[0m\x1b[33m\u2500\u2500\u2500\u2500\u2500\u2500\u2500\u2500\u2500\u2500\u2500\u2500\u2500\u2500\u2500\u2500\u2500\u2500\u2500\u2500\u2500\u2500\u2500\u2500\u2500\u2500\u2500\u2500\u2500\u2500\u2500\u2500\u2500\u2500\u2500\u2500\u2500\u2500\u2500\x1b[0m\x1b[33m\u2500\u2510\x1b[0m        \x1b[31m\u2502\x1b[0m\n\x1b[31m\u2502\x1b[0m \x1b[33m\u2502\x1b[0m Jinja2Templates = \x1b[1m<\x1b[0m\x1b[1;95mclass\x1b[0m\x1b[39m \x1b[0m\x1b[33m'starlette.templating.Jinja2Templates'\x1b[0m\x1b[1m>\x1b[0m                      \x1b[33m\u2502\x1b[0m        \x1b[31m\u2502\x1b[0m\n\x1b[31m\u2502\x1b[0m \x1b[33m\u2502\x1b[0m            Path = \x1b[1m<\x1b[0m\x1b[1;95mclass\x1b[0m\x1b[39m \x1b[0m\x1b[33m'pathlib._local.Path'\x1b[0m\x1b[1m>\x1b[0m                                       \x1b[33m\u2502\x1b[0m        \x1b[31m\u2502\x1b[0m\n\x1b[31m\u2502\x1b[0m \x1b[33m\u2502\x1b[0m         request = \x1b[1m<\x1b[0m\x1b[1;95mstarlette.requests.Request\x1b[0m\x1b[39m object at \x1b[0m\x1b[94m0x0000025370F9E350\x1b[0m\x1b[1m>\x1b[0m           \x1b[33m\u2502\x1b[0m        \x1b[31m\u2502\x1b[0m\n\x1b[31m\u2502\x1b[0m \x1b[33m\u2502\x1b[0m       templates = \x1b[1m<\x1b[0m\x1b[1;95mstarlette.templating.Jinja2Templates\x1b[0m\x1b[39m object at \x1b[0m\x1b[94m0x0000025371018550\x1b[0m\x1b[1m>\x1b[0m \x1b[33m\u2502\x1b[0m        \x1b[31m\u2502\x1b[0m\n\x1b[31m\u2502\x1b[0m \x1b[33m\u2502\x1b[0m   templates_dir = \x1b[1;35mWindowsPath\x1b[0m\x1b[1m(\x1b[0m\x1b[33m'D:/Python/GITHUB/resync/6.0/templates'\x1b[0m\x1b[1m)\x1b[0m                \x1b[33m\u2502\x1b[0m        \x1b[31m\u2502\x1b[0m\n\x1b[31m\u2502\x1b[0m \x1b[33m\u2514\u2500\u2500\u2500\u2500\u2500\u2500\u2500\u2500\u2500\u2500\u2500\u2500\u2500\u2500\u2500\u2500\u2500\u2500\u2500\u2500\u2500\u2500\u2500\u2500\u2500\u2500\u2500\u2500\u2500\u2500\u2500\u2500\u2500\u2500\u2500\u2500\u2500\u2500\u2500\u2500\u2500\u2500\u2500\u2500\u2500\u2500\u2500\u2500\u2500\u2500\u2500\u2500\u2500\u2500\u2500\u2500\u2500\u2500\u2500\u2500\u2500\u2500\u2500\u2500\u2500\u2500\u2500\u2500\u2500\u2500\u2500\u2500\u2500\u2500\u2500\u2500\u2500\u2500\u2500\u2500\u2500\u2500\u2500\u2500\u2500\u2500\u2500\u2518\x1b[0m        \x1b[31m\u2502\x1b[0m\n\x1b[31m\u2502\x1b[0m                                                                                                  \x1b[31m\u2502\x1b[0m\n\x1b[31m\u2502\x1b[0m \x1b[33mC:\\Users\\User\\AppData\\Local\\Programs\\Python\\Python313\\Lib\\site-packages\\starlette\\templating.py\x1b[0m: \x1b[31m\u2502\x1b[0m\n\x1b[31m\u2502\x1b[0m \x1b[94m209\x1b[0m in \x1b[92mTemplateResponse\x1b[0m                                                                          \x1b[31m\u2502\x1b[0m\n\x1b[31m\u2502\x1b[0m                                                                                                  \x1b[31m\u2502\x1b[0m\n\x1b[31m\u2502\x1b[0m   \x1b[2m206 \x1b[0m\x1b[2m\u2502   \u2502   \x1b[0m\x1b[94mfor\x1b[0m context_processor \x1b[95min\x1b[0m \x1b[96mself\x1b[0m.context_processors:                                  \x1b[31m\u2502\x1b[0m\n\x1b[31m\u2502\x1b[0m   \x1b[2m207 \x1b[0m\x1b[2m\u2502   \u2502   \u2502   \x1b[0mcontext.update(context_processor(request))                                     \x1b[31m\u2502\x1b[0m\n\x1b[31m\u2502\x1b[0m   \x1b[2m208 \x1b[0m\x1b[2m\u2502   \u2502   \x1b[0m                                                                                   \x1b[31m\u2502\x1b[0m\n\x1b[31m\u2502\x1b[0m \x1b[31m> \x1b[0m209 \x1b[2m\u2502   \u2502   \x1b[0mtemplate = \x1b[96mself\x1b[0m.get_template(name)                                                 \x1b[31m\u2502\x1b[0m\n\x1b[31m\u2502\x1b[0m   \x1b[2m210 \x1b[0m\x1b[2m\u2502   \u2502   \x1b[0m\x1b[94mreturn\x1b[0m _TemplateResponse(                                                          \x1b[31m\u2502\x1b[0m\n\x1b[31m\u2502\x1b[0m   \x1b[2m211 \x1b[0m\x1b[2m\u2502   \u2502   \u2502   \x1b[0mtemplate,                                                                      \x1b[31m\u2502\x1b[0m\n\x1b[31m\u2502\x1b[0m   \x1b[2m212 \x1b[0m\x1b[2m\u2502   \u2502   \u2502   \x1b[0mcontext,                                                                       \x1b[31m\u2502\x1b[0m\n\x1b[31m\u2502\x1b[0m                                                                                                  \x1b[31m\u2502\x1b[0m\n\x1b[31m\u2502\x1b[0m \x1b[33m\u250c\u2500\x1b[0m\x1b[33m\u2500\u2500\u2500\u2500\u2500\u2500\u2500\u2500\u2500\u2500\u2500\u2500\u2500\u2500\u2500\u2500\u2500\u2500\u2500\u2500\u2500\u2500\u2500\u2500\u2500\u2500\u2500\u2500\u2500\u2500\u2500\u2500\u2500\u2500\u2500\u2500\u2500\u2500\u2500\u2500\u2500\u2500\x1b[0m\x1b[33m locals \x1b[0m\x1b[33m\u2500\u2500\u2500\u2500\u2500\u2500\u2500\u2500\u2500\u2500\u2500\u2500\u2500\u2500\u2500\u2500\u2500\u2500\u2500\u2500\u2500\u2500\u2500\u2500\u2500\u2500\u2500\u2500\u2500\u2500\u2500\u2500\u2500\u2500\u2500\u2500\u2500\u2500\u2500\u2500\u2500\u2500\x1b[0m\x1b[33m\u2500\u2510\x1b[0m \x1b[31m\u2502\x1b[0m\n\x1b[31m\u2502\x1b[0m \x1b[33m\u2502\x1b[0m        args = \x1b[1m(\x1b[0m                                                                              \x1b[33m\u2502\x1b[0m \x1b[31m\u2502\x1b[0m\n\x1b[31m\u2502\x1b[0m \x1b[33m\u2502\x1b[0m               \x1b[2m\u2502   \x1b[0m\x1b[33m'admin.html'\x1b[0m,                                                              \x1b[33m\u2502\x1b[0m \x1b[31m\u2502\x1b[0m\n\x1b[31m\u2502\x1b[0m \x1b[33m\u2502\x1b[0m               \x1b[2m\u2502   \x1b[0m\x1b[1m{\x1b[0m                                                                          \x1b[33m\u2502\x1b[0m \x1b[31m\u2502\x1b[0m\n\x1b[31m\u2502\x1b[0m \x1b[33m\u2502\x1b[0m               \x1b[2m\u2502   \u2502   \x1b[0m\x1b[33m'request'\x1b[0m: \x1b[1m<\x1b[0m\x1b[1;95mstarlette.requests.Request\x1b[0m\x1b[39m object at \x1b[0m                      \x1b[33m\u2502\x1b[0m \x1b[31m\u2502\x1b[0m\n\x1b[31m\u2502\x1b[0m \x1b[33m\u2502\x1b[0m               \x1b[94m0x0000025370F9E350\x1b[0m\x1b[1m>\x1b[0m                                                            \x1b[33m\u2502\x1b[0m \x1b[31m\u2502\x1b[0m\n\x1b[31m\u2502\x1b[0m \x1b[33m\u2502\x1b[0m               \x1b[2m\u2502   \x1b[0m\x1b[1m}\x1b[0m                                                                          \x1b[33m\u2502\x1b[0m \x1b[31m\u2502\x1b[0m\n\x1b[31m\u2502\x1b[0m \x1b[33m\u2502\x1b[0m               \x1b[1m)\x1b[0m                                                                              \x1b[33m\u2502\x1b[0m \x1b[31m\u2502\x1b[0m\n\x1b[31m\u2502\x1b[0m \x1b[33m\u2502\x1b[0m  background = \x1b[94mNone\x1b[0m                                                                           \x1b[33m\u2502\x1b[0m \x1b[31m\u2502\x1b[0m\n\x1b[31m\u2502\x1b[0m \x1b[33m\u2502\x1b[0m     context = \x1b[1m{\x1b[0m\x1b[33m'request'\x1b[0m: \x1b[1m<\x1b[0m\x1b[1;95mstarlette.requests.Request\x1b[0m\x1b[39m object at \x1b[0m\x1b[94m0x0000025370F9E350\x1b[0m\x1b[1m>\x1b[0m\x1b[1m}\x1b[0m         \x1b[33m\u2502\x1b[0m \x1b[31m\u2502\x1b[0m\n\x1b[31m\u2502\x1b[0m \x1b[33m\u2502\x1b[0m     headers = \x1b[94mNone\x1b[0m                                                                           \x1b[33m\u2502\x1b[0m \x1b[31m\u2502\x1b[0m\n\x1b[31m\u2502\x1b[0m \x1b[33m\u2502\x1b[0m      kwargs = \x1b[1m{\x1b[0m\x1b[1m}\x1b[0m                                                                             \x1b[33m\u2502\x1b[0m \x1b[31m\u2502\x1b[0m\n\x1b[31m\u2502\x1b[0m \x1b[33m\u2502\x1b[0m  media_type = \x1b[94mNone\x1b[0m                                                                           \x1b[33m\u2502\x1b[0m \x1b[31m\u2502\x1b[0m\n\x1b[31m\u2502\x1b[0m \x1b[33m\u2502\x1b[0m        name = \x1b[33m'admin.html'\x1b[0m                                                                   \x1b[33m\u2502\x1b[0m \x1b[31m\u2502\x1b[0m\n\x1b[31m\u2502\x1b[0m \x1b[33m\u2502\x1b[0m     request = \x1b[1m<\x1b[0m\x1b[1;95mstarlette.requests.Request\x1b[0m\x1b[39m object at \x1b[0m\x1b[94m0x0000025370F9E350\x1b[0m\x1b[1m>\x1b[0m                      \x1b[33m\u2502\x1b[0m \x1b[31m\u2502\x1b[0m\n\x1b[31m\u2502\x1b[0m \x1b[33m\u2502\x1b[0m        self = \x1b[1m<\x1b[0m\x1b[1;95mstarlette.templating.Jinja2Templates\x1b[0m\x1b[39m object at \x1b[0m\x1b[94m0x0000025371018550\x1b[0m\x1b[1m>\x1b[0m            \x1b[33m\u2502\x1b[0m \x1b[31m\u2502\x1b[0m\n\x1b[31m\u2502\x1b[0m \x1b[33m\u2502\x1b[0m status_code = \x1b[94m200\x1b[0m                                                                            \x1b[33m\u2502\x1b[0m \x1b[31m\u2502\x1b[0m\n\x1b[31m\u2502\x1b[0m \x1b[33m\u2514\u2500\u2500\u2500\u2500\u2500\u2500\u2500\u2500\u2500\u2500\u2500\u2500\u2500\u2500\u2500\u2500\u2500\u2500\u2500\u2500\u2500\u2500\u2500\u2500\u2500\u2500\u2500\u2500\u2500\u2500\u2500\u2500\u2500\u2500\u2500\u2500\u2500\u2500\u2500\u2500\u2500\u2500\u2500\u2500\u2500\u2500\u2500\u2500\u2500\u2500\u2500\u2500\u2500\u2500\u2500\u2500\u2500\u2500\u2500\u2500\u2500\u2500\u2500\u2500\u2500\u2500\u2500\u2500\u2500\u2500\u2500\u2500\u2500\u2500\u2500\u2500\u2500\u2500\u2500\u2500\u2500\u2500\u2500\u2500\u2500\u2500\u2500\u2500\u2500\u2500\u2500\u2500\u2500\u2500\u2518\x1b[0m \x1b[31m\u2502\x1b[0m\n\x1b[31m\u2502\x1b[0m                                                                                                  \x1b[31m\u2502\x1b[0m\n\x1b[31m\u2502\x1b[0m \x1b[33mC:\\Users\\User\\AppData\\Local\\Programs\\Python\\Python313\\Lib\\site-packages\\starlette\\templating.py\x1b[0m: \x1b[31m\u2502\x1b[0m\n\x1b[31m\u2502\x1b[0m \x1b[94m132\x1b[0m in \x1b[92mget_template\x1b[0m                                                                              \x1b[31m\u2502\x1b[0m\n\x1b[31m\u2502\x1b[0m                                                                                                  \x1b[31m\u2502\x1b[0m\n\x1b[31m\u2502\x1b[0m   \x1b[2m129 \x1b[0m\x1b[2m\u2502   \u2502   \x1b[0menv.globals.setdefault(\x1b[33m"\x1b[0m\x1b[33murl_for\x1b[0m\x1b[33m"\x1b[0m, url_for)                                         \x1b[31m\u2502\x1b[0m\n\x1b[31m\u2502\x1b[0m   \x1b[2m130 \x1b[0m\x1b[2m\u2502   \x1b[0m                                                                                       \x1b[31m\u2502\x1b[0m\n\x1b[31m\u2502\x1b[0m   \x1b[2m131 \x1b[0m\x1b[2m\u2502   \x1b[0m\x1b[94mdef\x1b[0m\x1b[90m \x1b[0m\x1b[92mget_template\x1b[0m(\x1b[96mself\x1b[0m, name: \x1b[96mstr\x1b[0m) -> jinja2.Template:                                  \x1b[31m\u2502\x1b[0m\n\x1b[31m\u2502\x1b[0m \x1b[31m> \x1b[0m132 \x1b[2m\u2502   \u2502   \x1b[0m\x1b[94mreturn\x1b[0m \x1b[96mself\x1b[0m.env.get_template(name)                                                 \x1b[31m\u2502\x1b[0m\n\x1b[31m\u2502\x1b[0m   \x1b[2m133 \x1b[0m\x1b[2m\u2502   \x1b[0m                                                                                       \x1b[31m\u2502\x1b[0m\n\x1b[31m\u2502\x1b[0m   \x1b[2m134 \x1b[0m\x1b[2m\u2502   \x1b[0m\x1b[1;95m@overload\x1b[0m                                                                              \x1b[31m\u2502\x1b[0m\n\x1b[31m\u2502\x1b[0m   \x1b[2m135 \x1b[0m\x1b[2m\u2502   \x1b[0m\x1b[94mdef\x1b[0m\x1b[90m \x1b[0m\x1b[92mTemplateResponse\x1b[0m(                                                                  \x1b[31m\u2502\x1b[0m\n\x1b[31m\u2502\x1b[0m                                                                                                  \x1b[31m\u2502\x1b[0m\n\x1b[31m\u2502\x1b[0m \x1b[33m\u250c\u2500\x1b[0m\x1b[33m\u2500\u2500\u2500\u2500\u2500\u2500\u2500\u2500\u2500\u2500\u2500\u2500\u2500\u2500\u2500\u2500\u2500\u2500\u2500\u2500\u2500\u2500\u2500\u2500\u2500\u2500\u2500\u2500\u2500\u2500\u2500\u2500\u2500\x1b[0m\x1b[33m locals \x1b[0m\x1b[33m\u2500\u2500\u2500\u2500\u2500\u2500\u2500\u2500\u2500\u2500\u2500\u2500\u2500\u2500\u2500\u2500\u2500\u2500\u2500\u2500\u2500\u2500\u2500\u2500\u2500\u2500\u2500\u2500\u2500\u2500\u2500\u2500\u2500\x1b[0m\x1b[33m\u2500\u2510\x1b[0m                   \x1b[31m\u2502\x1b[0m\n\x1b[31m\u2502\x1b[0m \x1b[33m\u2502\x1b[0m name = \x1b[33m'admin.html'\x1b[0m                                                        \x1b[33m\u2502\x1b[0m                   \x1b[31m\u2502\x1b[0m\n\x1b[31m\u2502\x1b[0m \x1b[33m\u2502\x1b[0m self = \x1b[1m<\x1b[0m\x1b[1;95mstarlette.templating.Jinja2Templates\x1b[0m\x1b[39m object at \x1b[0m\x1b[94m0x0000025371018550\x1b[0m\x1b[1m>\x1b[0m \x1b[33m\u2502\x1b[0m                   \x1b[31m\u2502\x1b[0m\n\x1b[31m\u2502\x1b[0m \x1b[33m\u2514\u2500\u2500\u2500\u2500\u2500\u2500\u2500\u2500\u2500\u2500\u2500\u2500\u2500\u2500\u2500\u2500\u2500\u2500\u2500\u2500\u2500\u2500\u2500\u2500\u2500\u2500\u2500\u2500\u2500\u2500\u2500\u2500\u2500\u2500\u2500\u2500\u2500\u2500\u2500\u2500\u2500\u2500\u2500\u2500\u2500\u2500\u2500\u2500\u2500\u2500\u2500\u2500\u2500\u2500\u2500\u2500\u2500\u2500\u2500\u2500\u2500\u2500\u2500\u2500\u2500\u2500\u2500\u2500\u2500\u2500\u2500\u2500\u2500\u2500\u2500\u2500\u2518\x1b[0m                   \x1b[31m\u2502\x1b[0m\n\x1b[31m\u2502\x1b[0m                                                                                                  \x1b[31m\u2502\x1b[0m\n\x1b[31m\u2502\x1b[0m \x1b[33mC:\\Users\\User\\AppData\\Local\\Programs\\Python\\Python313\\Lib\\site-packages\\jinja2\\environment.py\x1b[0m:\x1b[94m10\x1b[0m \x1b[31m\u2502\x1b[0m\n\x1b[31m\u2502\x1b[0m \x1b[94m16\x1b[0m in \x1b[92mget_template\x1b[0m                                                                               \x1b[31m\u2502\x1b[0m\n\x1b[31m\u2502\x1b[0m                                                                                                  \x1b[31m\u2502\x1b[0m\n\x1b[31m\u2502\x1b[0m   \x1b[2m1013 \x1b[0m\x1b[2m\u2502   \u2502   \x1b[0m\x1b[94mif\x1b[0m parent \x1b[95mis\x1b[0m \x1b[95mnot\x1b[0m \x1b[94mNone\x1b[0m:                                                            \x1b[31m\u2502\x1b[0m\n\x1b[31m\u2502\x1b[0m   \x1b[2m1014 \x1b[0m\x1b[2m\u2502   \u2502   \u2502   \x1b[0mname = \x1b[96mself\x1b[0m.join_path(name, parent)                                           \x1b[31m\u2502\x1b[0m\n\x1b[31m\u2502\x1b[0m   \x1b[2m1015 \x1b[0m\x1b[2m\u2502   \u2502   \x1b[0m                                                                                  \x1b[31m\u2502\x1b[0m\n\x1b[31m\u2502\x1b[0m \x1b[31m> \x1b[0m1016 \x1b[2m\u2502   \u2502   \x1b[0m\x1b[94mreturn\x1b[0m \x1b[96mself\x1b[0m._load_template(name, \x1b[96mglobals\x1b[0m)                                         \x1b[31m\u2502\x1b[0m\n\x1b[31m\u2502\x1b[0m   \x1b[2m1017 \x1b[0m\x1b[2m\u2502   \x1b[0m                                                                                      \x1b[31m\u2502\x1b[0m\n\x1b[31m\u2502\x1b[0m   \x1b[2m1018 \x1b[0m\x1b[2m\u2502   \x1b[0m\x1b[1;95m@internalcode\x1b[0m                                                                         \x1b[31m\u2502\x1b[0m\n\x1b[31m\u2502\x1b[0m   \x1b[2m1019 \x1b[0m\x1b[2m\u2502   \x1b[0m\x1b[94mdef\x1b[0m\x1b[90m \x1b[0m\x1b[92mselect_template\x1b[0m(                                                                  \x1b[31m\u2502\x1b[0m\n\x1b[31m\u2502\x1b[0m                                                                                                  \x1b[31m\u2502\x1b[0m\n\x1b[31m\u2502\x1b[0m \x1b[33m\u250c\u2500\x1b[0m\x1b[33m\u2500\u2500\u2500\u2500\u2500\u2500\u2500\u2500\u2500\u2500\u2500\u2500\u2500\u2500\u2500\u2500\u2500\u2500\u2500\u2500\u2500\u2500\u2500\u2500\u2500\u2500\u2500\u2500\u2500\u2500\u2500\x1b[0m\x1b[33m locals \x1b[0m\x1b[33m\u2500\u2500\u2500\u2500\u2500\u2500\u2500\u2500\u2500\u2500\u2500\u2500\u2500\u2500\u2500\u2500\u2500\u2500\u2500\u2500\u2500\u2500\u2500\u2500\u2500\u2500\u2500\u2500\u2500\u2500\u2500\u2500\x1b[0m\x1b[33m\u2500\u2510\x1b[0m                      \x1b[31m\u2502\x1b[0m\n\x1b[31m\u2502\x1b[0m \x1b[33m\u2502\x1b[0m globals = \x1b[94mNone\x1b[0m                                                          \x1b[33m\u2502\x1b[0m                      \x1b[31m\u2502\x1b[0m\n\x1b[31m\u2502\x1b[0m \x1b[33m\u2502\x1b[0m    name = \x1b[33m'admin.html'\x1b[0m                                                  \x1b[33m\u2502\x1b[0m                      \x1b[31m\u2502\x1b[0m\n\x1b[31m\u2502\x1b[0m \x1b[33m\u2502\x1b[0m  parent = \x1b[94mNone\x1b[0m                                                          \x1b[33m\u2502\x1b[0m                      \x1b[31m\u2502\x1b[0m\n\x1b[31m\u2502\x1b[0m \x1b[33m\u2502\x1b[0m    self = \x1b[1m<\x1b[0m\x1b[1;95mjinja2.environment.Environment\x1b[0m\x1b[39m object at \x1b[0m\x1b[94m0x00000253710187D0\x1b[0m\x1b[1m>\x1b[0m \x1b[33m\u2502\x1b[0m                      \x1b[31m\u2502\x1b[0m\n\x1b[31m\u2502\x1b[0m \x1b[33m\u2514\u2500\u2500\u2500\u2500\u2500\u2500\u2500\u2500\u2500\u2500\u2500\u2500\u2500\u2500\u2500\u2500\u2500\u2500\u2500\u2500\u2500\u2500\u2500\u2500\u2500\u2500\u2500\u2500\u2500\u2500\u2500\u2500\u2500\u2500\u2500\u2500\u2500\u2500\u2500\u2500\u2500\u2500\u2500\u2500\u2500\u2500\u2500\u2500\u2500\u2500\u2500\u2500\u2500\u2500\u2500\u2500\u2500\u2500\u2500\u2500\u2500\u2500\u2500\u2500\u2500\u2500\u2500\u2500\u2500\u2500\u2500\u2500\u2500\u2518\x1b[0m                      \x1b[31m\u2502\x1b[0m\n\x1b[31m\u2502\x1b[0m                                                                                                  \x1b[31m\u2502\x1b[0m\n\x1b[31m\u2502\x1b[0m \x1b[33mC:\\Users\\User\\AppData\\Local\\Programs\\Python\\Python313\\Lib\\site-packages\\jinja2\\environment.py\x1b[0m:\x1b[94m97\x1b[0m \x1b[31m\u2502\x1b[0m\n\x1b[31m\u2502\x1b[0m \x1b[94m5\x1b[0m in \x1b[92m_load_template\x1b[0m                                                                              \x1b[31m\u2502\x1b[0m\n\x1b[31m\u2502\x1b[0m                                                                                                  \x1b[31m\u2502\x1b[0m\n\x1b[31m\u2502\x1b[0m   \x1b[2m 972 \x1b[0m\x1b[2m\u2502   \u2502   \u2502   \u2502   \x1b[0m                                                                          \x1b[31m\u2502\x1b[0m\n\x1b[31m\u2502\x1b[0m   \x1b[2m 973 \x1b[0m\x1b[2m\u2502   \u2502   \u2502   \u2502   \x1b[0m\x1b[94mreturn\x1b[0m template                                                           \x1b[31m\u2502\x1b[0m\n\x1b[31m\u2502\x1b[0m   \x1b[2m 974 \x1b[0m\x1b[2m\u2502   \u2502   \x1b[0m                                                                                  \x1b[31m\u2502\x1b[0m\n\x1b[31m\u2502\x1b[0m \x1b[31m> \x1b[0m 975 \x1b[2m\u2502   \u2502   \x1b[0mtemplate = \x1b[96mself\x1b[0m.loader.load(\x1b[96mself\x1b[0m, name, \x1b[96mself\x1b[0m.make_globals(\x1b[96mglobals\x1b[0m))               \x1b[31m\u2502\x1b[0m\n\x1b[31m\u2502\x1b[0m   \x1b[2m 976 \x1b[0m\x1b[2m\u2502   \u2502   \x1b[0m                                                                                  \x1b[31m\u2502\x1b[0m\n\x1b[31m\u2502\x1b[0m   \x1b[2m 977 \x1b[0m\x1b[2m\u2502   \u2502   \x1b[0m\x1b[94mif\x1b[0m \x1b[96mself\x1b[0m.cache \x1b[95mis\x1b[0m \x1b[95mnot\x1b[0m \x1b[94mNone\x1b[0m:                                                        \x1b[31m\u2502\x1b[0m\n\x1b[31m\u2502\x1b[0m   \x1b[2m 978 \x1b[0m\x1b[2m\u2502   \u2502   \u2502   \x1b[0m\x1b[96mself\x1b[0m.cache[cache_key] = template                                              \x1b[31m\u2502\x1b[0m\n\x1b[31m\u2502\x1b[0m                                                                                                  \x1b[31m\u2502\x1b[0m\n\x1b[31m\u2502\x1b[0m \x1b[33m\u250c\u2500\x1b[0m\x1b[33m\u2500\u2500\u2500\u2500\u2500\u2500\u2500\u2500\u2500\u2500\u2500\u2500\u2500\u2500\u2500\u2500\u2500\u2500\u2500\u2500\u2500\u2500\u2500\u2500\u2500\u2500\u2500\u2500\u2500\u2500\u2500\u2500\u2500\u2500\u2500\u2500\u2500\u2500\u2500\u2500\u2500\u2500\x1b[0m\x1b[33m locals \x1b[0m\x1b[33m\u2500\u2500\u2500\u2500\u2500\u2500\u2500\u2500\u2500\u2500\u2500\u2500\u2500\u2500\u2500\u2500\u2500\u2500\u2500\u2500\u2500\u2500\u2500\u2500\u2500\u2500\u2500\u2500\u2500\u2500\u2500\u2500\u2500\u2500\u2500\u2500\u2500\u2500\u2500\u2500\u2500\u2500\x1b[0m\x1b[33m\u2500\u2510\x1b[0m \x1b[31m\u2502\x1b[0m\n\x1b[31m\u2502\x1b[0m \x1b[33m\u2502\x1b[0m cache_key = \x1b[1m(\x1b[0m                                                                                \x1b[33m\u2502\x1b[0m \x1b[31m\u2502\x1b[0m\n\x1b[31m\u2502\x1b[0m \x1b[33m\u2502\x1b[0m             \x1b[2m\u2502   \x1b[0m\x1b[1m<\x1b[0m\x1b[1;95mweakref\x1b[0m\x1b[39m at \x1b[0m\x1b[94m0x000002537101C5E0\x1b[0m\x1b[39m; to \x1b[0m\x1b[33m'jinja2.loaders.FileSystemLoader'\x1b[0m\x1b[39m at \x1b[0m     \x1b[33m\u2502\x1b[0m \x1b[31m\u2502\x1b[0m\n\x1b[31m\u2502\x1b[0m \x1b[33m\u2502\x1b[0m             \x1b[94m0x0000025371018690\x1b[0m\x1b[1m>\x1b[0m,                                                             \x1b[33m\u2502\x1b[0m \x1b[31m\u2502\x1b[0m\n\x1b[31m\u2502\x1b[0m \x1b[33m\u2502\x1b[0m             \x1b[2m\u2502   \x1b[0m\x1b[33m'admin.html'\x1b[0m                                                                 \x1b[33m\u2502\x1b[0m \x1b[31m\u2502\x1b[0m\n\x1b[31m\u2502\x1b[0m \x1b[33m\u2502\x1b[0m             \x1b[1m)\x1b[0m                                                                                \x1b[33m\u2502\x1b[0m \x1b[31m\u2502\x1b[0m\n\x1b[31m\u2502\x1b[0m \x1b[33m\u2502\x1b[0m   globals = \x1b[94mNone\x1b[0m                                                                             \x1b[33m\u2502\x1b[0m \x1b[31m\u2502\x1b[0m\n\x1b[31m\u2502\x1b[0m \x1b[33m\u2502\x1b[0m      name = \x1b[33m'admin.html'\x1b[0m                                                                     \x1b[33m\u2502\x1b[0m \x1b[31m\u2502\x1b[0m\n\x1b[31m\u2502\x1b[0m \x1b[33m\u2502\x1b[0m      self = \x1b[1m<\x1b[0m\x1b[1;95mjinja2.environment.Environment\x1b[0m\x1b[39m object at \x1b[0m\x1b[94m0x00000253710187D0\x1b[0m\x1b[1m>\x1b[0m                    \x1b[33m\u2502\x1b[0m \x1b[31m\u2502\x1b[0m\n\x1b[31m\u2502\x1b[0m \x1b[33m\u2502\x1b[0m  template = \x1b[94mNone\x1b[0m                                                                             \x1b[33m\u2502\x1b[0m \x1b[31m\u2502\x1b[0m\n\x1b[31m\u2502\x1b[0m \x1b[33m\u2514\u2500\u2500\u2500\u2500\u2500\u2500\u2500\u2500\u2500\u2500\u2500\u2500\u2500\u2500\u2500\u2500\u2500\u2500\u2500\u2500\u2500\u2500\u2500\u2500\u2500\u2500\u2500\u2500\u2500\u2500\u2500\u2500\u2500\u2500\u2500\u2500\u2500\u2500\u2500\u2500\u2500\u2500\u2500\u2500\u2500\u2500\u2500\u2500\u2500\u2500\u2500\u2500\u2500\u2500\u2500\u2500\u2500\u2500\u2500\u2500\u2500\u2500\u2500\u2500\u2500\u2500\u2500\u2500\u2500\u2500\u2500\u2500\u2500\u2500\u2500\u2500\u2500\u2500\u2500\u2500\u2500\u2500\u2500\u2500\u2500\u2500\u2500\u2500\u2500\u2500\u2500\u2500\u2500\u2500\u2518\x1b[0m \x1b[31m\u2502\x1b[0m\n\x1b[31m\u2502\x1b[0m                                                                                                  \x1b[31m\u2502\x1b[0m\n\x1b[31m\u2502\x1b[0m \x1b[33mC:\\Users\\User\\AppData\\Local\\Programs\\Python\\Python313\\Lib\\site-packages\\jinja2\\loaders.py\x1b[0m:\x1b[94m126\x1b[0m in \x1b[31m\u2502\x1b[0m\n\x1b[31m\u2502\x1b[0m \x1b[92mload\x1b[0m                                                                                             \x1b[31m\u2502\x1b[0m\n\x1b[31m\u2502\x1b[0m                                                                                                  \x1b[31m\u2502\x1b[0m\n\x1b[31m\u2502\x1b[0m   \x1b[2m123 \x1b[0m\x1b[2m\u2502   \u2502   \x1b[0m                                                                                   \x1b[31m\u2502\x1b[0m\n\x1b[31m\u2502\x1b[0m   \x1b[2m124 \x1b[0m\x1b[2m\u2502   \u2502   \x1b[0m\x1b[2m# first we try to get the source for this template together\x1b[0m                        \x1b[31m\u2502\x1b[0m\n\x1b[31m\u2502\x1b[0m   \x1b[2m125 \x1b[0m\x1b[2m\u2502   \u2502   \x1b[0m\x1b[2m# with the filename and the uptodate function.\x1b[0m                                     \x1b[31m\u2502\x1b[0m\n\x1b[31m\u2502\x1b[0m \x1b[31m> \x1b[0m126 \x1b[2m\u2502   \u2502   \x1b[0msource, filename, uptodate = \x1b[96mself\x1b[0m.get_source(environment, name)                    \x1b[31m\u2502\x1b[0m\n\x1b[31m\u2502\x1b[0m   \x1b[2m127 \x1b[0m\x1b[2m\u2502   \u2502   \x1b[0m                                                                                   \x1b[31m\u2502\x1b[0m\n\x1b[31m\u2502\x1b[0m   \x1b[2m128 \x1b[0m\x1b[2m\u2502   \u2502   \x1b[0m\x1b[2m# try to load the code from the bytecode cache if there is a\x1b[0m                       \x1b[31m\u2502\x1b[0m\n\x1b[31m\u2502\x1b[0m   \x1b[2m129 \x1b[0m\x1b[2m\u2502   \u2502   \x1b[0m\x1b[2m# bytecode cache configured.\x1b[0m                                                       \x1b[31m\u2502\x1b[0m\n\x1b[31m\u2502\x1b[0m                                                                                                  \x1b[31m\u2502\x1b[0m\n\x1b[31m\u2502\x1b[0m \x1b[33m\u250c\u2500\x1b[0m\x1b[33m\u2500\u2500\u2500\u2500\u2500\u2500\u2500\u2500\u2500\u2500\u2500\u2500\u2500\u2500\u2500\u2500\u2500\u2500\u2500\u2500\u2500\u2500\u2500\u2500\u2500\u2500\u2500\u2500\u2500\u2500\u2500\u2500\u2500\u2500\u2500\u2500\u2500\u2500\u2500\u2500\u2500\u2500\x1b[0m\x1b[33m locals \x1b[0m\x1b[33m\u2500\u2500\u2500\u2500\u2500\u2500\u2500\u2500\u2500\u2500\u2500\u2500\u2500\u2500\u2500\u2500\u2500\u2500\u2500\u2500\u2500\u2500\u2500\u2500\u2500\u2500\u2500\u2500\u2500\u2500\u2500\u2500\u2500\u2500\u2500\u2500\u2500\u2500\u2500\u2500\u2500\u2500\x1b[0m\x1b[33m\u2500\u2510\x1b[0m \x1b[31m\u2502\x1b[0m\n\x1b[31m\u2502\x1b[0m \x1b[33m\u2502\x1b[0m        code = \x1b[94mNone\x1b[0m                                                                           \x1b[33m\u2502\x1b[0m \x1b[31m\u2502\x1b[0m\n\x1b[31m\u2502\x1b[0m \x1b[33m\u2502\x1b[0m environment = \x1b[1m<\x1b[0m\x1b[1;95mjinja2.environment.Environment\x1b[0m\x1b[39m object at \x1b[0m\x1b[94m0x00000253710187D0\x1b[0m\x1b[1m>\x1b[0m                  \x1b[33m\u2502\x1b[0m \x1b[31m\u2502\x1b[0m\n\x1b[31m\u2502\x1b[0m \x1b[33m\u2502\x1b[0m     globals = \x1b[1;35mChainMap\x1b[0m\x1b[1m(\x1b[0m\x1b[1m{\x1b[0m\x1b[1m}\x1b[0m, \x1b[1m{\x1b[0m\x1b[33m'range'\x1b[0m: \x1b[1m<\x1b[0m\x1b[1;95mclass\x1b[0m\x1b[39m \x1b[0m\x1b[33m'range'\x1b[0m\x1b[39m>, \x1b[0m\x1b[33m'dict'\x1b[0m\x1b[39m: <class \x1b[0m\x1b[33m'dict'\x1b[0m\x1b[39m>, \x1b[0m\x1b[33m'lipsum'\x1b[0m\x1b[39m: \x1b[0m     \x1b[33m\u2502\x1b[0m \x1b[31m\u2502\x1b[0m\n\x1b[31m\u2502\x1b[0m \x1b[33m\u2502\x1b[0m               \x1b[39m<function generate_lorem_ipsum at \x1b[0m\x1b[94m0x00000253788B5EE0\x1b[0m\x1b[39m>, \x1b[0m\x1b[33m'cycler'\x1b[0m\x1b[39m: <class \x1b[0m       \x1b[33m\u2502\x1b[0m \x1b[31m\u2502\x1b[0m\n\x1b[31m\u2502\x1b[0m \x1b[33m\u2502\x1b[0m               \x1b[33m'jinja2.utils.Cycler'\x1b[0m\x1b[39m>, \x1b[0m\x1b[33m'joiner'\x1b[0m\x1b[39m: <class \x1b[0m\x1b[33m'jinja2.utils.Joiner'\x1b[0m\x1b[39m>, \x1b[0m\x1b[33m'namespace'\x1b[0m\x1b[39m: \x1b[0m \x1b[33m\u2502\x1b[0m \x1b[31m\u2502\x1b[0m\n\x1b[31m\u2502\x1b[0m \x1b[33m\u2502\x1b[0m               \x1b[39m<class \x1b[0m\x1b[33m'jinja2.utils.Namespace'\x1b[0m\x1b[39m>, \x1b[0m\x1b[33m'url_for'\x1b[0m\x1b[39m: <function \x1b[0m                        \x1b[33m\u2502\x1b[0m \x1b[31m\u2502\x1b[0m\n\x1b[31m\u2502\x1b[0m \x1b[33m\u2502\x1b[0m               \x1b[39mJinja2Templates._setup_env_defaults.<locals>.url_for at \x1b[0m\x1b[94m0x0000025370FE3EC0\x1b[0m\x1b[1m>\x1b[0m\x1b[1m}\x1b[0m\x1b[1m)\x1b[0m  \x1b[33m\u2502\x1b[0m \x1b[31m\u2502\x1b[0m\n\x1b[31m\u2502\x1b[0m \x1b[33m\u2502\x1b[0m        name = \x1b[33m'admin.html'\x1b[0m                                                                   \x1b[33m\u2502\x1b[0m \x1b[31m\u2502\x1b[0m\n\x1b[31m\u2502\x1b[0m \x1b[33m\u2502\x1b[0m        self = \x1b[1m<\x1b[0m\x1b[1;95mjinja2.loaders.FileSystemLoader\x1b[0m\x1b[39m object at \x1b[0m\x1b[94m0x0000025371018690\x1b[0m\x1b[1m>\x1b[0m                 \x1b[33m\u2502\x1b[0m \x1b[31m\u2502\x1b[0m\n\x1b[31m\u2502\x1b[0m \x1b[33m\u2514\u2500\u2500\u2500\u2500\u2500\u2500\u2500\u2500\u2500\u2500\u2500\u2500\u2500\u2500\u2500\u2500\u2500\u2500\u2500\u2500\u2500\u2500\u2500\u2500\u2500\u2500\u2500\u2500\u2500\u2500\u2500\u2500\u2500\u2500\u2500\u2500\u2500\u2500\u2500\u2500\u2500\u2500\u2500\u2500\u2500\u2500\u2500\u2500\u2500\u2500\u2500\u2500\u2500\u2500\u2500\u2500\u2500\u2500\u2500\u2500\u2500\u2500\u2500\u2500\u2500\u2500\u2500\u2500\u2500\u2500\u2500\u2500\u2500\u2500\u2500\u2500\u2500\u2500\u2500\u2500\u2500\u2500\u2500\u2500\u2500\u2500\u2500\u2500\u2500\u2500\u2500\u2500\u2500\u2500\u2518\x1b[0m \x1b[31m\u2502\x1b[0m\n\x1b[31m\u2502\x1b[0m                                                                                                  \x1b[31m\u2502\x1b[0m\n\x1b[31m\u2502\x1b[0m \x1b[33mC:\\Users\\User\\AppData\\Local\\Programs\\Python\\Python313\\Lib\\site-packages\\jinja2\\loaders.py\x1b[0m:\x1b[94m209\x1b[0m in \x1b[31m\u2502\x1b[0m\n\x1b[31m\u2502\x1b[0m \x1b[92mget_source\x1b[0m                                                                                       \x1b[31m\u2502\x1b[0m\n\x1b[31m\u2502\x1b[0m                                                                                                  \x1b[31m\u2502\x1b[0m\n\x1b[31m\u2502\x1b[0m   \x1b[2m206 \x1b[0m\x1b[2m\u2502   \u2502   \x1b[0m\x1b[94melse\x1b[0m:                                                                              \x1b[31m\u2502\x1b[0m\n\x1b[31m\u2502\x1b[0m   \x1b[2m207 \x1b[0m\x1b[2m\u2502   \u2502   \u2502   \x1b[0mplural = \x1b[33m"\x1b[0m\x1b[33mpath\x1b[0m\x1b[33m"\x1b[0m \x1b[94mif\x1b[0m \x1b[96mlen\x1b[0m(\x1b[96mself\x1b[0m.searchpath) == \x1b[94m1\x1b[0m \x1b[94melse\x1b[0m \x1b[33m"\x1b[0m\x1b[33mpaths\x1b[0m\x1b[33m"\x1b[0m                      \x1b[31m\u2502\x1b[0m\n\x1b[31m\u2502\x1b[0m   \x1b[2m208 \x1b[0m\x1b[2m\u2502   \u2502   \u2502   \x1b[0mpaths_str = \x1b[33m"\x1b[0m\x1b[33m, \x1b[0m\x1b[33m"\x1b[0m.join(\x1b[96mrepr\x1b[0m(p) \x1b[94mfor\x1b[0m p \x1b[95min\x1b[0m \x1b[96mself\x1b[0m.searchpath)                        \x1b[31m\u2502\x1b[0m\n\x1b[31m\u2502\x1b[0m \x1b[31m> \x1b[0m209 \x1b[2m\u2502   \u2502   \u2502   \x1b[0m\x1b[94mraise\x1b[0m TemplateNotFound(                                                        \x1b[31m\u2502\x1b[0m\n\x1b[31m\u2502\x1b[0m   \x1b[2m210 \x1b[0m\x1b[2m\u2502   \u2502   \u2502   \u2502   \x1b[0mtemplate,                                                                  \x1b[31m\u2502\x1b[0m\n\x1b[31m\u2502\x1b[0m   \x1b[2m211 \x1b[0m\x1b[2m\u2502   \u2502   \u2502   \u2502   \x1b[0m\x1b[33mf\x1b[0m\x1b[33m"\x1b[0m\x1b[33m{\x1b[0mtemplate\x1b[33m!r}\x1b[0m\x1b[33m not found in search \x1b[0m\x1b[33m{\x1b[0mplural\x1b[33m}\x1b[0m\x1b[33m: \x1b[0m\x1b[33m{\x1b[0mpaths_str\x1b[33m}\x1b[0m\x1b[33m"\x1b[0m,                 \x1b[31m\u2502\x1b[0m\n\x1b[31m\u2502\x1b[0m   \x1b[2m212 \x1b[0m\x1b[2m\u2502   \u2502   \u2502   \x1b[0m)                                                                              \x1b[31m\u2502\x1b[0m\n\x1b[31m\u2502\x1b[0m                                                                                                  \x1b[31m\u2502\x1b[0m\n\x1b[31m\u2502\x1b[0m \x1b[33m\u250c\u2500\x1b[0m\x1b[33m\u2500\u2500\u2500\u2500\u2500\u2500\u2500\u2500\u2500\u2500\u2500\u2500\u2500\u2500\u2500\u2500\u2500\u2500\u2500\u2500\u2500\u2500\u2500\u2500\u2500\u2500\u2500\u2500\u2500\u2500\u2500\u2500\u2500\u2500\x1b[0m\x1b[33m locals \x1b[0m\x1b[33m\u2500\u2500\u2500\u2500\u2500\u2500\u2500\u2500\u2500\u2500\u2500\u2500\u2500\u2500\u2500\u2500\u2500\u2500\u2500\u2500\u2500\u2500\u2500\u2500\u2500\u2500\u2500\u2500\u2500\u2500\u2500\u2500\u2500\u2500\x1b[0m\x1b[33m\u2500\u2510\x1b[0m                 \x1b[31m\u2502\x1b[0m\n\x1b[31m\u2502\x1b[0m \x1b[33m\u2502\x1b[0m environment = \x1b[1m<\x1b[0m\x1b[1;95mjinja2.environment.Environment\x1b[0m\x1b[39m object at \x1b[0m\x1b[94m0x00000253710187D0\x1b[0m\x1b[1m>\x1b[0m  \x1b[33m\u2502\x1b[0m                 \x1b[31m\u2502\x1b[0m\n\x1b[31m\u2502\x1b[0m \x1b[33m\u2502\x1b[0m    filename = \x1b[33m'D:\\\\Python\\\\GITHUB\\\\resync\\\\6.0\\\\templates/admin.html'\x1b[0m        \x1b[33m\u2502\x1b[0m                 \x1b[31m\u2502\x1b[0m\n\x1b[31m\u2502\x1b[0m \x1b[33m\u2502\x1b[0m   paths_str = \x1b[33m"'D:\\\\\\\\Python\\\\\\\\GITHUB\\\\\\\\resync\\\\\\\\6.0\\\\\\\\templates'"\x1b[0m       \x1b[33m\u2502\x1b[0m                 \x1b[31m\u2502\x1b[0m\n\x1b[31m\u2502\x1b[0m \x1b[33m\u2502\x1b[0m      pieces = \x1b[1m[\x1b[0m\x1b[33m'admin.html'\x1b[0m\x1b[1m]\x1b[0m                                                 \x1b[33m\u2502\x1b[0m                 \x1b[31m\u2502\x1b[0m\n\x1b[31m\u2502\x1b[0m \x1b[33m\u2502\x1b[0m      plural = \x1b[33m'path'\x1b[0m                                                         \x1b[33m\u2502\x1b[0m                 \x1b[31m\u2502\x1b[0m\n\x1b[31m\u2502\x1b[0m \x1b[33m\u2502\x1b[0m  searchpath = \x1b[33m'D:\\\\Python\\\\GITHUB\\\\resync\\\\6.0\\\\templates'\x1b[0m                   \x1b[33m\u2502\x1b[0m                 \x1b[31m\u2502\x1b[0m\n\x1b[31m\u2502\x1b[0m \x1b[33m\u2502\x1b[0m        self = \x1b[1m<\x1b[0m\x1b[1;95mjinja2.loaders.FileSystemLoader\x1b[0m\x1b[39m object at \x1b[0m\x1b[94m0x0000025371018690\x1b[0m\x1b[1m>\x1b[0m \x1b[33m\u2502\x1b[0m                 \x1b[31m\u2502\x1b[0m\n\x1b[31m\u2502\x1b[0m \x1b[33m\u2502\x1b[0m    template = \x1b[33m'admin.html'\x1b[0m                                                   \x1b[33m\u2502\x1b[0m                 \x1b[31m\u2502\x1b[0m\n\x1b[31m\u2502\x1b[0m \x1b[33m\u2514\u2500\u2500\u2500\u2500\u2500\u2500\u2500\u2500\u2500\u2500\u2500\u2500\u2500\u2500\u2500\u2500\u2500\u2500\u2500\u2500\u2500\u2500\u2500\u2500\u2500\u2500\u2500\u2500\u2500\u2500\u2500\u2500\u2500\u2500\u2500\u2500\u2500\u2500\u2500\u2500\u2500\u2500\u2500\u2500\u2500\u2500\u2500\u2500\u2500\u2500\u2500\u2500\u2500\u2500\u2500\u2500\u2500\u2500\u2500\u2500\u2500\u2500\u2500\u2500\u2500\u2500\u2500\u2500\u2500\u2500\u2500\u2500\u2500\u2500\u2500\u2500\u2500\u2500\u2518\x1b[0m                 \x1b[31m\u2502\x1b[0m\n\x1b[31m\u2514\u2500\u2500\u2500\u2500\u2500\u2500\u2500\u2500\u2500\u2500\u2500\u2500\u2500\u2500\u2500\u2500\u2500\u2500\u2500\u2500\u2500\u2500\u2500\u2500\u2500\u2500\u2500\u2500\u2500\u2500\u2500\u2500\u2500\u2500\u2500\u2500\u2500\u2500\u2500\u2500\u2500\u2500\u2500\u2500\u2500\u2500\u2500\u2500\u2500\u2500\u2500\u2500\u2500\u2500\u2500\u2500\u2500\u2500\u2500\u2500\u2500\u2500\u2500\u2500\u2500\u2500\u2500\u2500\u2500\u2500\u2500\u2500\u2500\u2500\u2500\u2500\u2500\u2500\u2500\u2500\u2500\u2500\u2500\u2500\u2500\u2500\u2500\u2500\u2500\u2500\u2500\u2500\u2500\u2500\u2500\u2500\u2500\u2500\u2518\x1b[0m\n\x1b[1;91mTemplateNotFound: \x1b[0m\x1b[32m'admin.html'\x1b[0m not found in search path: \n\x1b[32m'D:\\\\Python\\\\GITHUB\\\\resync\\\\6.0\\\\templates'\x1b[0m\n\n\x1b[3mThe above exception was the direct cause of the following exception:\x1b[0m\n\n\x1b[31m\u250c\u2500\x1b[0m\x1b[31m\u2500\u2500\u2500\u2500\u2500\u2500\u2500\u2500\u2500\u2500\u2500\u2500\u2500\u2500\u2500\u2500\u2500\u2500\u2500\u2500\u2500\u2500\u2500\u2500\u2500\u2500\u2500\u2500\u2500\u2500\x1b[0m\x1b[31m \x1b[0m\x1b[1;31mTraceback \x1b[0m\x1b[1;2;31m(most recent call last)\x1b[0m\x1b[31m \x1b[0m\x1b[31m\u2500\u2500\u2500\u2500\u2500\u2500\u2500\u2500\u2500\u2500\u2500\u2500\u2500\u2500\u2500\u2500\u2500\u2500\u2500\u2500\u2500\u2500\u2500\u2500\u2500\u2500\u2500\u2500\u2500\u2500\u2500\x1b[0m\x1b[31m\u2500\u2510\x1b[0m\n\x1b[31m\u2502\x1b[0m \x1b[33mC:\\Users\\User\\AppData\\Local\\Programs\\Python\\Python313\\Lib\\site-packages\\starlette\\_exception_han\x1b[0m \x1b[31m\u2502\x1b[0m\n\x1b[31m\u2502\x1b[0m \x1b[33mdler.py\x1b[0m:\x1b[94m42\x1b[0m in \x1b[92mwrapped_app\x1b[0m                                                                        \x1b[31m\u2502\x1b[0m\n\x1b[31m\u2502\x1b[0m                                                                                                  \x1b[31m\u2502\x1b[0m\n\x1b[31m\u2502\x1b[0m   \x1b[2m39 \x1b[0m\x1b[2m\u2502   \u2502   \u2502   \x1b[0m\x1b[94mawait\x1b[0m send(message)                                                             \x1b[31m\u2502\x1b[0m\n\x1b[31m\u2502\x1b[0m   \x1b[2m40 \x1b[0m\x1b[2m\u2502   \u2502   \x1b[0m                                                                                    \x1b[31m\u2502\x1b[0m\n\x1b[31m\u2502\x1b[0m   \x1b[2m41 \x1b[0m\x1b[2m\u2502   \u2502   \x1b[0m\x1b[94mtry\x1b[0m:                                                                                \x1b[31m\u2502\x1b[0m\n\x1b[31m\u2502\x1b[0m \x1b[31m> \x1b[0m42 \x1b[2m\u2502   \u2502   \u2502   \x1b[0m\x1b[94mawait\x1b[0m app(scope, receive, sender)                                               \x1b[31m\u2502\x1b[0m\n\x1b[31m\u2502\x1b[0m   \x1b[2m43 \x1b[0m\x1b[2m\u2502   \u2502   \x1b[0m\x1b[94mexcept\x1b[0m \x1b[96mException\x1b[0m \x1b[94mas\x1b[0m exc:                                                            \x1b[31m\u2502\x1b[0m\n\x1b[31m\u2502\x1b[0m   \x1b[2m44 \x1b[0m\x1b[2m\u2502   \u2502   \u2502   \x1b[0mhandler = \x1b[94mNone\x1b[0m                                                                  \x1b[31m\u2502\x1b[0m\n\x1b[31m\u2502\x1b[0m   \x1b[2m45 \x1b[0m                                                                                            \x1b[31m\u2502\x1b[0m\n\x1b[31m\u2502\x1b[0m                                                                                                  \x1b[31m\u2502\x1b[0m\n\x1b[31m\u2502\x1b[0m \x1b[33m\u250c\u2500\x1b[0m\x1b[33m\u2500\u2500\u2500\u2500\u2500\u2500\u2500\u2500\u2500\u2500\u2500\u2500\u2500\u2500\u2500\u2500\u2500\u2500\u2500\u2500\u2500\u2500\u2500\u2500\u2500\u2500\u2500\u2500\u2500\u2500\u2500\u2500\u2500\u2500\u2500\u2500\u2500\u2500\u2500\u2500\u2500\u2500\x1b[0m\x1b[33m locals \x1b[0m\x1b[33m\u2500\u2500\u2500\u2500\u2500\u2500\u2500\u2500\u2500\u2500\u2500\u2500\u2500\u2500\u2500\u2500\u2500\u2500\u2500\u2500\u2500\u2500\u2500\u2500\u2500\u2500\u2500\u2500\u2500\u2500\u2500\u2500\u2500\u2500\u2500\u2500\u2500\u2500\u2500\u2500\u2500\u2500\x1b[0m\x1b[33m\u2500\u2510\x1b[0m \x1b[31m\u2502\x1b[0m\n\x1b[31m\u2502\x1b[0m \x1b[33m\u2502\x1b[0m                app = \x1b[1m<\x1b[0m\x1b[1;95mfunction\x1b[0m\x1b[39m request_response.<locals>.app.<locals>.app at \x1b[0m                \x1b[33m\u2502\x1b[0m \x1b[31m\u2502\x1b[0m\n\x1b[31m\u2502\x1b[0m \x1b[33m\u2502\x1b[0m                      \x1b[94m0x0000025370FE3600\x1b[0m\x1b[1m>\x1b[0m                                                     \x1b[33m\u2502\x1b[0m \x1b[31m\u2502\x1b[0m\n\x1b[31m\u2502\x1b[0m \x1b[33m\u2502\x1b[0m               conn = \x1b[1m<\x1b[0m\x1b[1;95mstarlette.requests.Request\x1b[0m\x1b[39m object at \x1b[0m\x1b[94m0x0000025370F9E350\x1b[0m\x1b[1m>\x1b[0m               \x1b[33m\u2502\x1b[0m \x1b[31m\u2502\x1b[0m\n\x1b[31m\u2502\x1b[0m \x1b[33m\u2502\x1b[0m                exc = \x1b[1;35mHTTPException\x1b[0m\x1b[1m(\x1b[0m\x1b[33mstatus_code\x1b[0m=\x1b[94m500\x1b[0m, \x1b[33mdetail\x1b[0m=\x1b[33m'Failed to render admin \x1b[0m          \x1b[33m\u2502\x1b[0m \x1b[31m\u2502\x1b[0m\n\x1b[31m\u2502\x1b[0m \x1b[33m\u2502\x1b[0m                      \x1b[33mdashboard'\x1b[0m\x1b[1m)\x1b[0m                                                             \x1b[33m\u2502\x1b[0m \x1b[31m\u2502\x1b[0m\n\x1b[31m\u2502\x1b[0m \x1b[33m\u2502\x1b[0m exception_handlers = \x1b[1m{\x1b[0m                                                                       \x1b[33m\u2502\x1b[0m \x1b[31m\u2502\x1b[0m\n\x1b[31m\u2502\x1b[0m \x1b[33m\u2502\x1b[0m                      \x1b[2m\u2502   \x1b[0m\x1b[1m<\x1b[0m\x1b[1;95mclass\x1b[0m\x1b[39m \x1b[0m\x1b[33m'starlette.exceptions.HTTPException'\x1b[0m\x1b[39m>: <function \x1b[0m            \x1b[33m\u2502\x1b[0m \x1b[31m\u2502\x1b[0m\n\x1b[31m\u2502\x1b[0m \x1b[33m\u2502\x1b[0m                      \x1b[39mhttp_exception_handler at \x1b[0m\x1b[94m0x000002537A17E2A0\x1b[0m\x1b[39m>,\x1b[0m                          \x1b[33m\u2502\x1b[0m \x1b[31m\u2502\x1b[0m\n\x1b[31m\u2502\x1b[0m \x1b[33m\u2502\x1b[0m                      \x1b[2;39m\u2502   \x1b[0m\x1b[39m<class \x1b[0m\x1b[33m'starlette.exceptions.WebSocketException'\x1b[0m\x1b[39m>: <bound method \x1b[0m   \x1b[33m\u2502\x1b[0m \x1b[31m\u2502\x1b[0m\n\x1b[31m\u2502\x1b[0m \x1b[33m\u2502\x1b[0m                      \x1b[39mExceptionMiddleware.websocket_exception of \x1b[0m                             \x1b[33m\u2502\x1b[0m \x1b[31m\u2502\x1b[0m\n\x1b[31m\u2502\x1b[0m \x1b[33m\u2502\x1b[0m                      \x1b[39m<starlette.middleware.exceptions.ExceptionMiddleware object at \x1b[0m         \x1b[33m\u2502\x1b[0m \x1b[31m\u2502\x1b[0m\n\x1b[31m\u2502\x1b[0m \x1b[33m\u2502\x1b[0m                      \x1b[94m0x000002536DA6C550\x1b[0m\x1b[39m>>,\x1b[0m                                                   \x1b[33m\u2502\x1b[0m \x1b[31m\u2502\x1b[0m\n\x1b[31m\u2502\x1b[0m \x1b[33m\u2502\x1b[0m                      \x1b[2;39m\u2502   \x1b[0m\x1b[39m<class \x1b[0m\x1b[33m'fastapi.exceptions.RequestValidationError'\x1b[0m\x1b[39m>: <function \x1b[0m     \x1b[33m\u2502\x1b[0m \x1b[31m\u2502\x1b[0m\n\x1b[31m\u2502\x1b[0m \x1b[33m\u2502\x1b[0m                      \x1b[39mvalidation_exception_handler at \x1b[0m\x1b[94m0x000002537A17DE40\x1b[0m\x1b[39m>,\x1b[0m                    \x1b[33m\u2502\x1b[0m \x1b[31m\u2502\x1b[0m\n\x1b[31m\u2502\x1b[0m \x1b[33m\u2502\x1b[0m                      \x1b[2;39m\u2502   \x1b[0m\x1b[39m<class \x1b[0m\x1b[33m'fastapi.exceptions.WebSocketRequestValidationError'\x1b[0m\x1b[39m>: \x1b[0m      \x1b[33m\u2502\x1b[0m \x1b[31m\u2502\x1b[0m\n\x1b[31m\u2502\x1b[0m \x1b[33m\u2502\x1b[0m                      \x1b[39m<function websocket_request_validation_exception_handler at \x1b[0m            \x1b[33m\u2502\x1b[0m \x1b[31m\u2502\x1b[0m\n\x1b[31m\u2502\x1b[0m \x1b[33m\u2502\x1b[0m                      \x1b[94m0x0000025377A52DE0\x1b[0m\x1b[39m>,\x1b[0m                                                    \x1b[33m\u2502\x1b[0m \x1b[31m\u2502\x1b[0m\n\x1b[31m\u2502\x1b[0m \x1b[33m\u2502\x1b[0m                      \x1b[2;39m\u2502   \x1b[0m\x1b[39m<class \x1b[0m\x1b[33m'slowapi.errors.RateLimitExceeded'\x1b[0m\x1b[39m>: <function \x1b[0m              \x1b[33m\u2502\x1b[0m \x1b[31m\u2502\x1b[0m\n\x1b[31m\u2502\x1b[0m \x1b[33m\u2502\x1b[0m                      \x1b[39m_rate_limit_exceeded_handler at \x1b[0m\x1b[94m0x0000025378DF8FE0\x1b[0m\x1b[39m>,\x1b[0m                    \x1b[33m\u2502\x1b[0m \x1b[31m\u2502\x1b[0m\n\x1b[31m\u2502\x1b[0m \x1b[33m\u2502\x1b[0m                      \x1b[2;39m\u2502   \x1b[0m\x1b[39m<class \x1b[0m\x1b[33m'resync.core.exceptions.BaseAppException'\x1b[0m\x1b[39m>: <function \x1b[0m       \x1b[33m\u2502\x1b[0m \x1b[31m\u2502\x1b[0m\n\x1b[31m\u2502\x1b[0m \x1b[33m\u2502\x1b[0m                      \x1b[39mresync_exception_handler at \x1b[0m\x1b[94m0x000002537A17DD00\x1b[0m\x1b[39m>,\x1b[0m                        \x1b[33m\u2502\x1b[0m \x1b[31m\u2502\x1b[0m\n\x1b[31m\u2502\x1b[0m \x1b[33m\u2502\x1b[0m                      \x1b[2;39m\u2502   \x1b[0m\x1b[39m<class \x1b[0m\x1b[33m'pydantic_core._pydantic_core.ValidationError'\x1b[0m\x1b[39m>: <function \x1b[0m  \x1b[33m\u2502\x1b[0m \x1b[31m\u2502\x1b[0m\n\x1b[31m\u2502\x1b[0m \x1b[33m\u2502\x1b[0m                      \x1b[39mvalidation_exception_handler at \x1b[0m\x1b[94m0x000002537A17DE40\x1b[0m\x1b[1m>\x1b[0m                     \x1b[33m\u2502\x1b[0m \x1b[31m\u2502\x1b[0m\n\x1b[31m\u2502\x1b[0m \x1b[33m\u2502\x1b[0m                      \x1b[1m}\x1b[0m                                                                       \x1b[33m\u2502\x1b[0m \x1b[31m\u2502\x1b[0m\n\x1b[31m\u2502\x1b[0m \x1b[33m\u2502\x1b[0m            handler = \x1b[1m<\x1b[0m\x1b[1;95mfunction\x1b[0m\x1b[39m http_exception_handler at \x1b[0m\x1b[94m0x000002537A17E2A0\x1b[0m\x1b[1m>\x1b[0m                 \x1b[33m\u2502\x1b[0m \x1b[31m\u2502\x1b[0m\n\x1b[31m\u2502\x1b[0m \x1b[33m\u2502\x1b[0m            receive = \x1b[1m<\x1b[0m\x1b[1;95mfunction\x1b[0m\x1b[39m \x1b[0m                                                              \x1b[33m\u2502\x1b[0m \x1b[31m\u2502\x1b[0m\n\x1b[31m\u2502\x1b[0m \x1b[33m\u2502\x1b[0m                      \x1b[39mBaseHTTPMiddleware.__call__.<locals>.call_next.<locals>.receive_or_dis\u2026\x1b[0m \x1b[33m\u2502\x1b[0m \x1b[31m\u2502\x1b[0m\n\x1b[31m\u2502\x1b[0m \x1b[33m\u2502\x1b[0m                      \x1b[39mat \x1b[0m\x1b[94m0x0000025370FE3920\x1b[0m\x1b[1m>\x1b[0m                                                  \x1b[33m\u2502\x1b[0m \x1b[31m\u2502\x1b[0m\n\x1b[31m\u2502\x1b[0m \x1b[33m\u2502\x1b[0m   response_started = \x1b[94mFalse\x1b[0m                                                                   \x1b[33m\u2502\x1b[0m \x1b[31m\u2502\x1b[0m\n\x1b[31m\u2502\x1b[0m \x1b[33m\u2502\x1b[0m              scope = \x1b[1m{\x1b[0m                                                                       \x1b[33m\u2502\x1b[0m \x1b[31m\u2502\x1b[0m\n\x1b[31m\u2502\x1b[0m \x1b[33m\u2502\x1b[0m                      \x1b[2m\u2502   \x1b[0m\x1b[33m'type'\x1b[0m: \x1b[33m'http'\x1b[0m,                                                     \x1b[33m\u2502\x1b[0m \x1b[31m\u2502\x1b[0m\n\x1b[31m\u2502\x1b[0m \x1b[33m\u2502\x1b[0m                      \x1b[2m\u2502   \x1b[0m\x1b[33m'http_version'\x1b[0m: \x1b[33m'1.1'\x1b[0m,                                              \x1b[33m\u2502\x1b[0m \x1b[31m\u2502\x1b[0m\n\x1b[31m\u2502\x1b[0m \x1b[33m\u2502\x1b[0m                      \x1b[2m\u2502   \x1b[0m\x1b[33m'method'\x1b[0m: \x1b[33m'GET'\x1b[0m,                                                    \x1b[33m\u2502\x1b[0m \x1b[31m\u2502\x1b[0m\n\x1b[31m\u2502\x1b[0m \x1b[33m\u2502\x1b[0m                      \x1b[2m\u2502   \x1b[0m\x1b[33m'path'\x1b[0m: \x1b[33m'/api/v1/admin/'\x1b[0m,                                           \x1b[33m\u2502\x1b[0m \x1b[31m\u2502\x1b[0m\n\x1b[31m\u2502\x1b[0m \x1b[33m\u2502\x1b[0m                      \x1b[2m\u2502   \x1b[0m\x1b[33m'raw_path'\x1b[0m: \x1b[33mb'/api/v1/admin/'\x1b[0m,                                      \x1b[33m\u2502\x1b[0m \x1b[31m\u2502\x1b[0m\n\x1b[31m\u2502\x1b[0m \x1b[33m\u2502\x1b[0m                      \x1b[2m\u2502   \x1b[0m\x1b[33m'root_path'\x1b[0m: \x1b[33m''\x1b[0m,                                                    \x1b[33m\u2502\x1b[0m \x1b[31m\u2502\x1b[0m\n\x1b[31m\u2502\x1b[0m \x1b[33m\u2502\x1b[0m                      \x1b[2m\u2502   \x1b[0m\x1b[33m'scheme'\x1b[0m: \x1b[33m'http'\x1b[0m,                                                   \x1b[33m\u2502\x1b[0m \x1b[31m\u2502\x1b[0m\n\x1b[31m\u2502\x1b[0m \x1b[33m\u2502\x1b[0m                      \x1b[2m\u2502   \x1b[0m\x1b[33m'query_string'\x1b[0m: \x1b[33mb''\x1b[0m,                                                \x1b[33m\u2502\x1b[0m \x1b[31m\u2502\x1b[0m\n\x1b[31m\u2502\x1b[0m \x1b[33m\u2502\x1b[0m                      \x1b[2m\u2502   \x1b[0m\x1b[33m'headers'\x1b[0m: \x1b[1m[\x1b[0m                                                        \x1b[33m\u2502\x1b[0m \x1b[31m\u2502\x1b[0m\n\x1b[31m\u2502\x1b[0m \x1b[33m\u2502\x1b[0m                      \x1b[2m\u2502   \u2502   \x1b[0m\x1b[1m(\x1b[0m\x1b[33mb'host'\x1b[0m, \x1b[33mb'testserver'\x1b[0m\x1b[1m)\x1b[0m,                                       \x1b[33m\u2502\x1b[0m \x1b[31m\u2502\x1b[0m\n\x1b[31m\u2502\x1b[0m \x1b[33m\u2502\x1b[0m                      \x1b[2m\u2502   \u2502   \x1b[0m\x1b[1m(\x1b[0m\x1b[33mb'accept'\x1b[0m, \x1b[33mb'*/*'\x1b[0m\x1b[1m)\x1b[0m,                                            \x1b[33m\u2502\x1b[0m \x1b[31m\u2502\x1b[0m\n\x1b[31m\u2502\x1b[0m \x1b[33m\u2502\x1b[0m                      \x1b[2m\u2502   \u2502   \x1b[0m\x1b[1m(\x1b[0m\x1b[33mb'accept-encoding'\x1b[0m, \x1b[33mb'gzip, deflate, br, zstd'\x1b[0m\x1b[1m)\x1b[0m,               \x1b[33m\u2502\x1b[0m \x1b[31m\u2502\x1b[0m\n\x1b[31m\u2502\x1b[0m \x1b[33m\u2502\x1b[0m                      \x1b[2m\u2502   \u2502   \x1b[0m\x1b[1m(\x1b[0m\x1b[33mb'connection'\x1b[0m, \x1b[33mb'keep-alive'\x1b[0m\x1b[1m)\x1b[0m,                                 \x1b[33m\u2502\x1b[0m \x1b[31m\u2502\x1b[0m\n\x1b[31m\u2502\x1b[0m \x1b[33m\u2502\x1b[0m                      \x1b[2m\u2502   \u2502   \x1b[0m\x1b[1m(\x1b[0m\x1b[33mb'user-agent'\x1b[0m, \x1b[33mb'testclient'\x1b[0m\x1b[1m)\x1b[0m                                  \x1b[33m\u2502\x1b[0m \x1b[31m\u2502\x1b[0m\n\x1b[31m\u2502\x1b[0m \x1b[33m\u2502\x1b[0m                      \x1b[2m\u2502   \x1b[0m\x1b[1m]\x1b[0m,                                                                  \x1b[33m\u2502\x1b[0m \x1b[31m\u2502\x1b[0m\n\x1b[31m\u2502\x1b[0m \x1b[33m\u2502\x1b[0m                      \x1b[2m\u2502   \x1b[0m\x1b[33m'client'\x1b[0m: \x1b[1m(\x1b[0m\x1b[33m'testclient'\x1b[0m, \x1b[94m50000\x1b[0m\x1b[1m)\x1b[0m,                                    \x1b[33m\u2502\x1b[0m \x1b[31m\u2502\x1b[0m\n\x1b[31m\u2502\x1b[0m \x1b[33m\u2502\x1b[0m                      \x1b[2m\u2502   \x1b[0m\x1b[33m...\x1b[0m +\x1b[94m11\x1b[0m                                                             \x1b[33m\u2502\x1b[0m \x1b[31m\u2502\x1b[0m\n\x1b[31m\u2502\x1b[0m \x1b[33m\u2502\x1b[0m                      \x1b[1m}\x1b[0m                                                                       \x1b[33m\u2502\x1b[0m \x1b[31m\u2502\x1b[0m\n\x1b[31m\u2502\x1b[0m \x1b[33m\u2502\x1b[0m               send = \x1b[1m<\x1b[0m\x1b[1;95mfunction\x1b[0m\x1b[39m \x1b[0m                                                              \x1b[33m\u2502\x1b[0m \x1b[31m\u2502\x1b[0m\n\x1b[31m\u2502\x1b[0m \x1b[33m\u2502\x1b[0m                      \x1b[39mwrap_app_handling_exceptions.<locals>.wrapped_app.<locals>.sender at \x1b[0m   \x1b[33m\u2502\x1b[0m \x1b[31m\u2502\x1b[0m\n\x1b[31m\u2502\x1b[0m \x1b[33m\u2502\x1b[0m                      \x1b[94m0x0000025370FE3880\x1b[0m\x1b[1m>\x1b[0m                                                     \x1b[33m\u2502\x1b[0m \x1b[31m\u2502\x1b[0m\n\x1b[31m\u2502\x1b[0m \x1b[33m\u2502\x1b[0m             sender = \x1b[1m<\x1b[0m\x1b[1;95mfunction\x1b[0m\x1b[39m \x1b[0m                                                              \x1b[33m\u2502\x1b[0m \x1b[31m\u2502\x1b[0m\n\x1b[31m\u2502\x1b[0m \x1b[33m\u2502\x1b[0m                      \x1b[39mwrap_app_handling_exceptions.<locals>.wrapped_app.<locals>.sender at \x1b[0m   \x1b[33m\u2502\x1b[0m \x1b[31m\u2502\x1b[0m\n\x1b[31m\u2502\x1b[0m \x1b[33m\u2502\x1b[0m                      \x1b[94m0x0000025370FE3A60\x1b[0m\x1b[1m>\x1b[0m                                                     \x1b[33m\u2502\x1b[0m \x1b[31m\u2502\x1b[0m\n\x1b[31m\u2502\x1b[0m \x1b[33m\u2502\x1b[0m    status_handlers = \x1b[1m{\x1b[0m\x1b[1m}\x1b[0m                                                                      \x1b[33m\u2502\x1b[0m \x1b[31m\u2502\x1b[0m\n\x1b[31m\u2502\x1b[0m \x1b[33m\u2514\u2500\u2500\u2500\u2500\u2500\u2500\u2500\u2500\u2500\u2500\u2500\u2500\u2500\u2500\u2500\u2500\u2500\u2500\u2500\u2500\u2500\u2500\u2500\u2500\u2500\u2500\u2500\u2500\u2500\u2500\u2500\u2500\u2500\u2500\u2500\u2500\u2500\u2500\u2500\u2500\u2500\u2500\u2500\u2500\u2500\u2500\u2500\u2500\u2500\u2500\u2500\u2500\u2500\u2500\u2500\u2500\u2500\u2500\u2500\u2500\u2500\u2500\u2500\u2500\u2500\u2500\u2500\u2500\u2500\u2500\u2500\u2500\u2500\u2500\u2500\u2500\u2500\u2500\u2500\u2500\u2500\u2500\u2500\u2500\u2500\u2500\u2500\u2500\u2500\u2500\u2500\u2500\u2500\u2500\u2518\x1b[0m \x1b[31m\u2502\x1b[0m\n\x1b[31m\u2502\x1b[0m                                                                                                  \x1b[31m\u2502\x1b[0m\n\x1b[31m\u2502\x1b[0m \x1b[33mC:\\Users\\User\\AppData\\Local\\Programs\\Python\\Python313\\Lib\\site-packages\\fastapi\\routing.py\x1b[0m:\x1b[94m109\x1b[0m   \x1b[31m\u2502\x1b[0m\n\x1b[31m\u2502\x1b[0m in \x1b[92mapp\x1b[0m                                                                                           \x1b[31m\u2502\x1b[0m\n\x1b[31m\u2502\x1b[0m                                                                                                  \x1b[31m\u2502\x1b[0m\n\x1b[31m\u2502\x1b[0m   \x1b[2m 106 \x1b[0m\x1b[2m\u2502   \u2502   \u2502   \x1b[0m\x1b[94masync\x1b[0m \x1b[94mwith\x1b[0m AsyncExitStack() \x1b[94mas\x1b[0m stack:                                         \x1b[31m\u2502\x1b[0m\n\x1b[31m\u2502\x1b[0m   \x1b[2m 107 \x1b[0m\x1b[2m\u2502   \u2502   \u2502   \u2502   \x1b[0mscope[\x1b[33m"\x1b[0m\x1b[33mfastapi_inner_astack\x1b[0m\x1b[33m"\x1b[0m] = stack                                     \x1b[31m\u2502\x1b[0m\n\x1b[31m\u2502\x1b[0m   \x1b[2m 108 \x1b[0m\x1b[2m\u2502   \u2502   \u2502   \u2502   \x1b[0m\x1b[2m# Same as in Starlette\x1b[0m                                                    \x1b[31m\u2502\x1b[0m\n\x1b[31m\u2502\x1b[0m \x1b[31m> \x1b[0m 109 \x1b[2m\u2502   \u2502   \u2502   \u2502   \x1b[0mresponse = \x1b[94mawait\x1b[0m f(request)                                               \x1b[31m\u2502\x1b[0m\n\x1b[31m\u2502\x1b[0m   \x1b[2m 110 \x1b[0m\x1b[2m\u2502   \u2502   \u2502   \u2502   \x1b[0m\x1b[94mawait\x1b[0m response(scope, receive, send)                                      \x1b[31m\u2502\x1b[0m\n\x1b[31m\u2502\x1b[0m   \x1b[2m 111 \x1b[0m\x1b[2m\u2502   \u2502   \u2502   \u2502   \x1b[0m\x1b[2m# Continues customization\x1b[0m                                                 \x1b[31m\u2502\x1b[0m\n\x1b[31m\u2502\x1b[0m   \x1b[2m 112 \x1b[0m\x1b[2m\u2502   \u2502   \u2502   \u2502   \x1b[0mresponse_awaited = \x1b[94mTrue\x1b[0m                                                   \x1b[31m\u2502\x1b[0m\n\x1b[31m\u2502\x1b[0m                                                                                                  \x1b[31m\u2502\x1b[0m\n\x1b[31m\u2502\x1b[0m \x1b[33m\u250c\u2500\x1b[0m\x1b[33m\u2500\u2500\u2500\u2500\u2500\u2500\u2500\u2500\u2500\u2500\u2500\u2500\u2500\u2500\u2500\u2500\u2500\u2500\u2500\u2500\u2500\u2500\u2500\u2500\u2500\u2500\u2500\u2500\u2500\u2500\u2500\u2500\u2500\u2500\u2500\u2500\u2500\u2500\u2500\u2500\u2500\u2500\x1b[0m\x1b[33m locals \x1b[0m\x1b[33m\u2500\u2500\u2500\u2500\u2500\u2500\u2500\u2500\u2500\u2500\u2500\u2500\u2500\u2500\u2500\u2500\u2500\u2500\u2500\u2500\u2500\u2500\u2500\u2500\u2500\u2500\u2500\u2500\u2500\u2500\u2500\u2500\u2500\u2500\u2500\u2500\u2500\u2500\u2500\u2500\u2500\u2500\x1b[0m\x1b[33m\u2500\u2510\x1b[0m \x1b[31m\u2502\x1b[0m\n\x1b[31m\u2502\x1b[0m \x1b[33m\u2502\x1b[0m                f = \x1b[1m<\x1b[0m\x1b[1;95mfunction\x1b[0m\x1b[39m get_request_handler.<locals>.app at \x1b[0m\x1b[94m0x000002536DA19120\x1b[0m\x1b[1m>\x1b[0m         \x1b[33m\u2502\x1b[0m \x1b[31m\u2502\x1b[0m\n\x1b[31m\u2502\x1b[0m \x1b[33m\u2502\x1b[0m          receive = \x1b[1m<\x1b[0m\x1b[1;95mfunction\x1b[0m\x1b[39m \x1b[0m                                                                \x1b[33m\u2502\x1b[0m \x1b[31m\u2502\x1b[0m\n\x1b[31m\u2502\x1b[0m \x1b[33m\u2502\x1b[0m                    \x1b[39mBaseHTTPMiddleware.__call__.<locals>.call_next.<locals>.receive_or_disco\u2026\x1b[0m \x1b[33m\u2502\x1b[0m \x1b[31m\u2502\x1b[0m\n\x1b[31m\u2502\x1b[0m \x1b[33m\u2502\x1b[0m                    \x1b[39mat \x1b[0m\x1b[94m0x0000025370FE3920\x1b[0m\x1b[1m>\x1b[0m                                                    \x1b[33m\u2502\x1b[0m \x1b[31m\u2502\x1b[0m\n\x1b[31m\u2502\x1b[0m \x1b[33m\u2502\x1b[0m          request = \x1b[1m<\x1b[0m\x1b[1;95mstarlette.requests.Request\x1b[0m\x1b[39m object at \x1b[0m\x1b[94m0x0000025370F9E350\x1b[0m\x1b[1m>\x1b[0m                 \x1b[33m\u2502\x1b[0m \x1b[31m\u2502\x1b[0m\n\x1b[31m\u2502\x1b[0m \x1b[33m\u2502\x1b[0m response_awaited = \x1b[94mFalse\x1b[0m                                                                     \x1b[33m\u2502\x1b[0m \x1b[31m\u2502\x1b[0m\n\x1b[31m\u2502\x1b[0m \x1b[33m\u2502\x1b[0m            scope = \x1b[1m{\x1b[0m                                                                         \x1b[33m\u2502\x1b[0m \x1b[31m\u2502\x1b[0m\n\x1b[31m\u2502\x1b[0m \x1b[33m\u2502\x1b[0m                    \x1b[2m\u2502   \x1b[0m\x1b[33m'type'\x1b[0m: \x1b[33m'http'\x1b[0m,                                                       \x1b[33m\u2502\x1b[0m \x1b[31m\u2502\x1b[0m\n\x1b[31m\u2502\x1b[0m \x1b[33m\u2502\x1b[0m                    \x1b[2m\u2502   \x1b[0m\x1b[33m'http_version'\x1b[0m: \x1b[33m'1.1'\x1b[0m,                                                \x1b[33m\u2502\x1b[0m \x1b[31m\u2502\x1b[0m\n\x1b[31m\u2502\x1b[0m \x1b[33m\u2502\x1b[0m                    \x1b[2m\u2502   \x1b[0m\x1b[33m'method'\x1b[0m: \x1b[33m'GET'\x1b[0m,                                                      \x1b[33m\u2502\x1b[0m \x1b[31m\u2502\x1b[0m\n\x1b[31m\u2502\x1b[0m \x1b[33m\u2502\x1b[0m                    \x1b[2m\u2502   \x1b[0m\x1b[33m'path'\x1b[0m: \x1b[33m'/api/v1/admin/'\x1b[0m,                                             \x1b[33m\u2502\x1b[0m \x1b[31m\u2502\x1b[0m\n\x1b[31m\u2502\x1b[0m \x1b[33m\u2502\x1b[0m                    \x1b[2m\u2502   \x1b[0m\x1b[33m'raw_path'\x1b[0m: \x1b[33mb'/api/v1/admin/'\x1b[0m,                                        \x1b[33m\u2502\x1b[0m \x1b[31m\u2502\x1b[0m\n\x1b[31m\u2502\x1b[0m \x1b[33m\u2502\x1b[0m                    \x1b[2m\u2502   \x1b[0m\x1b[33m'root_path'\x1b[0m: \x1b[33m''\x1b[0m,                                                      \x1b[33m\u2502\x1b[0m \x1b[31m\u2502\x1b[0m\n\x1b[31m\u2502\x1b[0m \x1b[33m\u2502\x1b[0m                    \x1b[2m\u2502   \x1b[0m\x1b[33m'scheme'\x1b[0m: \x1b[33m'http'\x1b[0m,                                                     \x1b[33m\u2502\x1b[0m \x1b[31m\u2502\x1b[0m\n\x1b[31m\u2502\x1b[0m \x1b[33m\u2502\x1b[0m                    \x1b[2m\u2502   \x1b[0m\x1b[33m'query_string'\x1b[0m: \x1b[33mb''\x1b[0m,                                                  \x1b[33m\u2502\x1b[0m \x1b[31m\u2502\x1b[0m\n\x1b[31m\u2502\x1b[0m \x1b[33m\u2502\x1b[0m                    \x1b[2m\u2502   \x1b[0m\x1b[33m'headers'\x1b[0m: \x1b[1m[\x1b[0m                                                          \x1b[33m\u2502\x1b[0m \x1b[31m\u2502\x1b[0m\n\x1b[31m\u2502\x1b[0m \x1b[33m\u2502\x1b[0m                    \x1b[2m\u2502   \u2502   \x1b[0m\x1b[1m(\x1b[0m\x1b[33mb'host'\x1b[0m, \x1b[33mb'testserver'\x1b[0m\x1b[1m)\x1b[0m,                                         \x1b[33m\u2502\x1b[0m \x1b[31m\u2502\x1b[0m\n\x1b[31m\u2502\x1b[0m \x1b[33m\u2502\x1b[0m                    \x1b[2m\u2502   \u2502   \x1b[0m\x1b[1m(\x1b[0m\x1b[33mb'accept'\x1b[0m, \x1b[33mb'*/*'\x1b[0m\x1b[1m)\x1b[0m,                                              \x1b[33m\u2502\x1b[0m \x1b[31m\u2502\x1b[0m\n\x1b[31m\u2502\x1b[0m \x1b[33m\u2502\x1b[0m                    \x1b[2m\u2502   \u2502   \x1b[0m\x1b[1m(\x1b[0m\x1b[33mb'accept-encoding'\x1b[0m, \x1b[33mb'gzip, deflate, br, zstd'\x1b[0m\x1b[1m)\x1b[0m,                 \x1b[33m\u2502\x1b[0m \x1b[31m\u2502\x1b[0m\n\x1b[31m\u2502\x1b[0m \x1b[33m\u2502\x1b[0m                    \x1b[2m\u2502   \u2502   \x1b[0m\x1b[1m(\x1b[0m\x1b[33mb'connection'\x1b[0m, \x1b[33mb'keep-alive'\x1b[0m\x1b[1m)\x1b[0m,                                   \x1b[33m\u2502\x1b[0m \x1b[31m\u2502\x1b[0m\n\x1b[31m\u2502\x1b[0m \x1b[33m\u2502\x1b[0m                    \x1b[2m\u2502   \u2502   \x1b[0m\x1b[1m(\x1b[0m\x1b[33mb'user-agent'\x1b[0m, \x1b[33mb'testclient'\x1b[0m\x1b[1m)\x1b[0m                                    \x1b[33m\u2502\x1b[0m \x1b[31m\u2502\x1b[0m\n\x1b[31m\u2502\x1b[0m \x1b[33m\u2502\x1b[0m                    \x1b[2m\u2502   \x1b[0m\x1b[1m]\x1b[0m,                                                                    \x1b[33m\u2502\x1b[0m \x1b[31m\u2502\x1b[0m\n\x1b[31m\u2502\x1b[0m \x1b[33m\u2502\x1b[0m                    \x1b[2m\u2502   \x1b[0m\x1b[33m'client'\x1b[0m: \x1b[1m(\x1b[0m\x1b[33m'testclient'\x1b[0m, \x1b[94m50000\x1b[0m\x1b[1m)\x1b[0m,                                      \x1b[33m\u2502\x1b[0m \x1b[31m\u2502\x1b[0m\n\x1b[31m\u2502\x1b[0m \x1b[33m\u2502\x1b[0m                    \x1b[2m\u2502   \x1b[0m\x1b[33m...\x1b[0m +\x1b[94m11\x1b[0m                                                               \x1b[33m\u2502\x1b[0m \x1b[31m\u2502\x1b[0m\n\x1b[31m\u2502\x1b[0m \x1b[33m\u2502\x1b[0m                    \x1b[1m}\x1b[0m                                                                         \x1b[33m\u2502\x1b[0m \x1b[31m\u2502\x1b[0m\n\x1b[31m\u2502\x1b[0m \x1b[33m\u2502\x1b[0m             send = \x1b[1m<\x
[...]
]\x1b[0m\x1b[39m, \x1b[0m \x1b[33m\u2502\x1b[0m \x1b[31m\u2502\x1b[0m\n\x1b[31m\u2502\x1b[0m \x1b[33m\u2502\x1b[0m                \x1b[33msecurity_requirements\x1b[0m\x1b[39m=\x1b[0m\x1b[1;39m[\x1b[0m\x1b[1;39m]\x1b[0m\x1b[39m, \x1b[0m\x1b[33mname\x1b[0m\x1b[39m=\x1b[0m\x1b[94mNone\x1b[0m\x1b[39m, \x1b[0m\x1b[33mcall\x1b[0m\x1b[39m=<function admin_dashboard at \x1b[0m       \x1b[33m\u2502\x1b[0m \x1b[31m\u2502\x1b[0m\n\x1b[31m\u2502\x1b[0m \x1b[33m\u2502\x1b[0m                \x1b[94m0x000002537600F920\x1b[0m\x1b[39m>, \x1b[0m\x1b[33mrequest_param_name\x1b[0m\x1b[39m=\x1b[0m\x1b[33m'request'\x1b[0m\x1b[39m, \x1b[0m\x1b[33mwebsocket_param_name\x1b[0m\x1b[39m=\x1b[0m\x1b[94mNone\x1b[0m\x1b[39m,\x1b[0m \x1b[33m\u2502\x1b[0m \x1b[31m\u2502\x1b[0m\n\x1b[31m\u2502\x1b[0m \x1b[33m\u2502\x1b[0m                \x1b[33mhttp_connection_param_name\x1b[0m\x1b[39m=\x1b[0m\x1b[94mNone\x1b[0m\x1b[39m, \x1b[0m\x1b[33mresponse_param_name\x1b[0m\x1b[39m=\x1b[0m\x1b[94mNone\x1b[0m\x1b[39m, \x1b[0m                   \x1b[33m\u2502\x1b[0m \x1b[31m\u2502\x1b[0m\n\x1b[31m\u2502\x1b[0m \x1b[33m\u2502\x1b[0m                \x1b[33mbackground_tasks_param_name\x1b[0m\x1b[39m=\x1b[0m\x1b[94mNone\x1b[0m\x1b[39m, \x1b[0m\x1b[33msecurity_scopes_param_name\x1b[0m\x1b[39m=\x1b[0m\x1b[94mNone\x1b[0m\x1b[39m, \x1b[0m           \x1b[33m\u2502\x1b[0m \x1b[31m\u2502\x1b[0m\n\x1b[31m\u2502\x1b[0m \x1b[33m\u2502\x1b[0m                \x1b[33msecurity_scopes\x1b[0m\x1b[39m=\x1b[0m\x1b[94mNone\x1b[0m\x1b[39m, \x1b[0m\x1b[33muse_cache\x1b[0m\x1b[39m=\x1b[0m\x1b[94mTrue\x1b[0m\x1b[39m, \x1b[0m\x1b[33mpath\x1b[0m\x1b[39m=\x1b[0m\x1b[33m'/api/v1/admin/'\x1b[0m\x1b[39m, \x1b[0m                 \x1b[33m\u2502\x1b[0m \x1b[31m\u2502\x1b[0m\n\x1b[31m\u2502\x1b[0m \x1b[33m\u2502\x1b[0m                \x1b[33mcache_key\x1b[0m\x1b[39m=\x1b[0m\x1b[1;39m(\x1b[0m\x1b[39m<function admin_dashboard at \x1b[0m\x1b[94m0x000002537600F920\x1b[0m\x1b[1m>\x1b[0m, \x1b[1m(\x1b[0m\x1b[1m)\x1b[0m\x1b[1m)\x1b[0m\x1b[1m)\x1b[0m             \x1b[33m\u2502\x1b[0m \x1b[31m\u2502\x1b[0m\n\x1b[31m\u2502\x1b[0m \x1b[33m\u2502\x1b[0m is_coroutine = \x1b[94mTrue\x1b[0m                                                                          \x1b[33m\u2502\x1b[0m \x1b[31m\u2502\x1b[0m\n\x1b[31m\u2502\x1b[0m \x1b[33m\u2502\x1b[0m       values = \x1b[1m{\x1b[0m\x1b[33m'request'\x1b[0m: \x1b[1m<\x1b[0m\x1b[1;95mstarlette.requests.Request\x1b[0m\x1b[39m object at \x1b[0m\x1b[94m0x0000025370F9E350\x1b[0m\x1b[1m>\x1b[0m\x1b[1m}\x1b[0m        \x1b[33m\u2502\x1b[0m \x1b[31m\u2502\x1b[0m\n\x1b[31m\u2502\x1b[0m \x1b[33m\u2514\u2500\u2500\u2500\u2500\u2500\u2500\u2500\u2500\u2500\u2500\u2500\u2500\u2500\u2500\u2500\u2500\u2500\u2500\u2500\u2500\u2500\u2500\u2500\u2500\u2500\u2500\u2500\u2500\u2500\u2500\u2500\u2500\u2500\u2500\u2500\u2500\u2500\u2500\u2500\u2500\u2500\u2500\u2500\u2500\u2500\u2500\u2500\u2500\u2500\u2500\u2500\u2500\u2500\u2500\u2500\u2500\u2500\u2500\u2500\u2500\u2500\u2500\u2500\u2500\u2500\u2500\u2500\u2500\u2500\u2500\u2500\u2500\u2500\u2500\u2500\u2500\u2500\u2500\u2500\u2500\u2500\u2500\u2500\u2500\u2500\u2500\u2500\u2500\u2500\u2500\u2500\u2500\u2500\u2500\u2518\x1b[0m \x1b[31m\u2502\x1b[0m\n\x1b[31m\u2502\x1b[0m                                                                                                  \x1b[31m\u2502\x1b[0m\n\x1b[31m\u2502\x1b[0m \x1b[33mD:\\Python\\GITHUB\\resync\\6.0\\resync\\api\\admin.py\x1b[0m:\x1b[94m109\x1b[0m in \x1b[92madmin_dashboard\x1b[0m                           \x1b[31m\u2502\x1b[0m\n\x1b[31m\u2502\x1b[0m                                                                                                  \x1b[31m\u2502\x1b[0m\n\x1b[31m\u2502\x1b[0m   \x1b[2m 106 \x1b[0m\x1b[2m\u2502   \u2502   \x1b[0m\x1b[94mif\x1b[0m \x1b[96misinstance\x1b[0m(e, (\x1b[96mSystemExit\x1b[0m, \x1b[96mKeyboardInterrupt\x1b[0m, asyncio.CancelledError, \x1b[96mTypeErr\x1b[0m  \x1b[31m\u2502\x1b[0m\n\x1b[31m\u2502\x1b[0m   \x1b[2m 107 \x1b[0m\x1b[2m\u2502   \u2502   \u2502   \x1b[0m\x1b[94mraise\x1b[0m                                                                         \x1b[31m\u2502\x1b[0m\n\x1b[31m\u2502\x1b[0m   \x1b[2m 108 \x1b[0m\x1b[2m\u2502   \u2502   \x1b[0mlogger.error(\x1b[33m"\x1b[0m\x1b[33mFailed to render admin dashboard: \x1b[0m\x1b[33m%s\x1b[0m\x1b[33m"\x1b[0m, e, exc_info=\x1b[94mTrue\x1b[0m)            \x1b[31m\u2502\x1b[0m\n\x1b[31m\u2502\x1b[0m \x1b[31m> \x1b[0m 109 \x1b[2m\u2502   \u2502   \x1b[0m\x1b[94mraise\x1b[0m HTTPException(                                                              \x1b[31m\u2502\x1b[0m\n\x1b[31m\u2502\x1b[0m   \x1b[2m 110 \x1b[0m\x1b[2m\u2502   \u2502   \u2502   \x1b[0mstatus_code=status.HTTP_500_INTERNAL_SERVER_ERROR,                            \x1b[31m\u2502\x1b[0m\n\x1b[31m\u2502\x1b[0m   \x1b[2m 111 \x1b[0m\x1b[2m\u2502   \u2502   \u2502   \x1b[0mdetail=\x1b[33m"\x1b[0m\x1b[33mFailed to render admin dashboard\x1b[0m\x1b[33m"\x1b[0m,                                    \x1b[31m\u2502\x1b[0m\n\x1b[31m\u2502\x1b[0m   \x1b[2m 112 \x1b[0m\x1b[2m\u2502   \u2502   \x1b[0m) \x1b[94mfrom\x1b[0m\x1b[90m \x1b[0m\x1b[4;96me\x1b[0m                                                                          \x1b[31m\u2502\x1b[0m\n\x1b[31m\u2502\x1b[0m                                                                                                  \x1b[31m\u2502\x1b[0m\n\x1b[31m\u2502\x1b[0m \x1b[33m\u250c\u2500\x1b[0m\x1b[33m\u2500\u2500\u2500\u2500\u2500\u2500\u2500\u2500\u2500\u2500\u2500\u2500\u2500\u2500\u2500\u2500\u2500\u2500\u2500\u2500\u2500\u2500\u2500\u2500\u2500\u2500\u2500\u2500\u2500\u2500\u2500\u2500\u2500\u2500\u2500\u2500\u2500\u2500\x1b[0m\x1b[33m locals \x1b[0m\x1b[33m\u2500\u2500\u2500\u2500\u2500\u2500\u2500\u2500\u2500\u2500\u2500\u2500\u2500\u2500\u2500\u2500\u2500\u2500\u2500\u2500\u2500\u2500\u2500\u2500\u2500\u2500\u2500\u2500\u2500\u2500\u2500\u2500\u2500\u2500\u2500\u2500\u2500\u2500\u2500\x1b[0m\x1b[33m\u2500\u2510\x1b[0m        \x1b[31m\u2502\x1b[0m\n\x1b[31m\u2502\x1b[0m \x1b[33m\u2502\x1b[0m Jinja2Templates = \x1b[1m<\x1b[0m\x1b[1;95mclass\x1b[0m\x1b[39m \x1b[0m\x1b[33m'starlette.templating.Jinja2Templates'\x1b[0m\x1b[1m>\x1b[0m                      \x1b[33m\u2502\x1b[0m        \x1b[31m\u2502\x1b[0m\n\x1b[31m\u2502\x1b[0m \x1b[33m\u2502\x1b[0m            Path = \x1b[1m<\x1b[0m\x1b[1;95mclass\x1b[0m\x1b[39m \x1b[0m\x1b[33m'pathlib._local.Path'\x1b[0m\x1b[1m>\x1b[0m                                       \x1b[33m\u2502\x1b[0m        \x1b[31m\u2502\x1b[0m\n\x1b[31m\u2502\x1b[0m \x1b[33m\u2502\x1b[0m         request = \x1b[1m<\x1b[0m\x1b[1;95mstarlette.requests.Request\x1b[0m\x1b[39m object at \x1b[0m\x1b[94m0x0000025370F9E350\x1b[0m\x1b[1m>\x1b[0m           \x1b[33m\u2502\x1b[0m        \x1b[31m\u2502\x1b[0m\n\x1b[31m\u2502\x1b[0m \x1b[33m\u2502\x1b[0m       templates = \x1b[1m<\x1b[0m\x1b[1;95mstarlette.templating.Jinja2Templates\x1b[0m\x1b[39m object at \x1b[0m\x1b[94m0x0000025371018550\x1b[0m\x1b[1m>\x1b[0m \x1b[33m\u2502\x1b[0m        \x1b[31m\u2502\x1b[0m\n\x1b[31m\u2502\x1b[0m \x1b[33m\u2502\x1b[0m   templates_dir = \x1b[1;35mWindowsPath\x1b[0m\x1b[1m(\x1b[0m\x1b[33m'D:/Python/GITHUB/resync/6.0/templates'\x1b[0m\x1b[1m)\x1b[0m                \x1b[33m\u2502\x1b[0m        \x1b[31m\u2502\x1b[0m\n\x1b[31m\u2502\x1b[0m \x1b[33m\u2514\u2500\u2500\u2500\u2500\u2500\u2500\u2500\u2500\u2500\u2500\u2500\u2500\u2500\u2500\u2500\u2500\u2500\u2500\u2500\u2500\u2500\u2500\u2500\u2500\u2500\u2500\u2500\u2500\u2500\u2500\u2500\u2500\u2500\u2500\u2500\u2500\u2500\u2500\u2500\u2500\u2500\u2500\u2500\u2500\u2500\u2500\u2500\u2500\u2500\u2500\u2500\u2500\u2500\u2500\u2500\u2500\u2500\u2500\u2500\u2500\u2500\u2500\u2500\u2500\u2500\u2500\u2500\u2500\u2500\u2500\u2500\u2500\u2500\u2500\u2500\u2500\u2500\u2500\u2500\u2500\u2500\u2500\u2500\u2500\u2500\u2500\u2500\u2518\x1b[0m        \x1b[31m\u2502\x1b[0m\n\x1b[31m\u2514\u2500\u2500\u2500\u2500\u2500\u2500\u2500\u2500\u2500\u2500\u2500\u2500\u2500\u2500\u2500\u2500\u2500\u2500\u2500\u2500\u2500\u2500\u2500\u2500\u2500\u2500\u2500\u2500\u2500\u2500\u2500\u2500\u2500\u2500\u2500\u2500\u2500\u2500\u2500\u2500\u2500\u2500\u2500\u2500\u2500\u2500\u2500\u2500\u2500\u2500\u2500\u2500\u2500\u2500\u2500\u2500\u2500\u2500\u2500\u2500\u2500\u2500\u2500\u2500\u2500\u2500\u2500\u2500\u2500\u2500\u2500\u2500\u2500\u2500\u2500\u2500\u2500\u2500\u2500\u2500\u2500\u2500\u2500\u2500\u2500\u2500\u2500\u2500\u2500\u2500\u2500\u2500\u2500\u2500\u2500\u2500\u2500\u2500\u2518\x1b[0m\n\x1b[1;91mHTTPException: \x1b[0m\x1b[1;36m500\x1b[0m: Failed to render admin dashboard\n\n2026-02-15 06:35:19 [warning  ] new_alert_generated            message='Memory usage exceeded threshold: 597.6MB'\n2026-02-15 06:35:19 [debug    ] teams_notification_skipped     reason=integration_disabled\n2026-02-15 06:35:19 [debug    ] cors_request_processed         correlation_id=99be2686-0d82-4daf-a2c0-78c344108eaa ms=311.11 preflight=False\n2026-02-15 06:35:19 [info     ] application_shutdown_initiated\n2026-02-15 06:35:19 [info     ] background_tasks_cancelled\n2026-02-15 06:35:19 [info     ] redis_client_closed\n2026-02-15 06:35:19 [info     ] rag_client_closed\n2026-02-15 06:35:19 [info     ] domain_singletons_shutdown_completed\n2026-02-15 06:35:19 [info     ] domain_singletons_shutdown\n2026-02-15 06:35:19 [info     ] tws_monitoring_stopped\n2026-02-15 06:35:19 [info     ] tws_monitor_shutdown\n2026-02-15 06:35:19 [info     ] application_shutdown_completed
------------------------------ Captured log call ------------------------------
WARNING  resync.api.auth.service:service.py:23 AUTH_SECRET_KEY not set ù using insecure default. This is only acceptable in development.
CRITICAL resync.core.redis_init:redis_init.py:297 Unexpected error during Redis initialization
Traceback (most recent call last):
  File "C:\Users\User\AppData\Local\Programs\Python\Python313\Lib\site-packages\redis\asyncio\connection.py", line 276, in connect
    await self.retry.call_with_retry(
        lambda: self._connect(), lambda error: self.disconnect()
    )
  File "C:\Users\User\AppData\Local\Programs\Python\Python313\Lib\site-packages\redis\asyncio\retry.py", line 59, in call_with_retry
    return await do()
           ^^^^^^^^^^
  File "C:\Users\User\AppData\Local\Programs\Python\Python313\Lib\site-packages\redis\asyncio\connection.py", line 682, in _connect
    reader, writer = await asyncio.open_connection(
                     ^^^^^^^^^^^^^^^^^^^^^^^^^^^^^^
        **self._connection_arguments()
        ^^^^^^^^^^^^^^^^^^^^^^^^^^^^^^
    )
    ^
  File "C:\Users\User\AppData\Local\Programs\Python\Python313\Lib\asyncio\streams.py", line 48, in open_connection
    transport, _ = await loop.create_connection(
                   ^^^^^^^^^^^^^^^^^^^^^^^^^^^^^
        lambda: protocol, host, port, **kwds)
        ^^^^^^^^^^^^^^^^^^^^^^^^^^^^^^^^^^^^^
  File "C:\Users\User\AppData\Local\Programs\Python\Python313\Lib\asyncio\base_events.py", line 1176, in create_connection
    raise exceptions[0]
  File "C:\Users\User\AppData\Local\Programs\Python\Python313\Lib\asyncio\base_events.py", line 1146, in create_connection
    sock = await self._connect_sock(
           ^^^^^^^^^^^^^^^^^^^^^^^^^
        exceptions, addrinfo, laddr_infos)
        ^^^^^^^^^^^^^^^^^^^^^^^^^^^^^^^^^^
  File "C:\Users\User\AppData\Local\Programs\Python\Python313\Lib\asyncio\base_events.py", line 1045, in _connect_sock
    await self.sock_connect(sock, address)
  File "C:\Users\User\AppData\Local\Programs\Python\Python313\Lib\asyncio\proactor_events.py", line 728, in sock_connect
    return await self._proactor.connect(sock, address)
           ^^^^^^^^^^^^^^^^^^^^^^^^^^^^^^^^^^^^^^^^^^^
  File "C:\Users\User\AppData\Local\Programs\Python\Python313\Lib\asyncio\windows_events.py", line 804, in _poll
    value = callback(transferred, key, ov)
  File "C:\Users\User\AppData\Local\Programs\Python\Python313\Lib\asyncio\windows_events.py", line 600, in finish_connect
    ov.getresult()
    ~~~~~~~~~~~~^^
ConnectionRefusedError: [WinError 1225] O computador remoto recusou a conexÒo de rede

During handling of the above exception, another exception occurred:

Traceback (most recent call last):
  File "D:\Python\GITHUB\resync\6.0\resync\core\redis_init.py", line 221, in initialize
    acquired = await redis_client.set(lock_key, lock_val, nx=True, ex=lock_timeout)
               ^^^^^^^^^^^^^^^^^^^^^^^^^^^^^^^^^^^^^^^^^^^^^^^^^^^^^^^^^^^^^^^^^^^^
  File "C:\Users\User\AppData\Local\Programs\Python\Python313\Lib\site-packages\redis\asyncio\client.py", line 610, in execute_command
    conn = self.connection or await pool.get_connection(command_name, **options)
                              ^^^^^^^^^^^^^^^^^^^^^^^^^^^^^^^^^^^^^^^^^^^^^^^^^^
  File "C:\Users\User\AppData\Local\Programs\Python\Python313\Lib\site-packages\redis\asyncio\connection.py", line 1049, in get_connection
    await self.ensure_connection(connection)
  File "C:\Users\User\AppData\Local\Programs\Python\Python313\Lib\site-packages\redis\asyncio\connection.py", line 1082, in ensure_connection
    await connection.connect()
  File "C:\Users\User\AppData\Local\Programs\Python\Python313\Lib\site-packages\redis\asyncio\connection.py", line 284, in connect
    raise ConnectionError(self._error_message(e))
redis.exceptions.ConnectionError: Error 22 connecting to localhost:6379. O computador remoto recusou a conexÒo de rede.
WARNING  resync.services.mock_tws_service:mock_tws_service.py:62 Mock data file not found at D:\Python\GITHUB\resync\6.0\mock_tws_data.json. Returning empty data.
WARNING  resync.knowledge.ingestion.embedding_service:embedding_service.py:244 No API key found for provider openai. Falling back to hash-based embeddings.
ERROR    resync.api.monitoring_dashboard:monitoring_dashboard.py:582 Redis nÒo disponÝvel, encerrando collector: Redis client not initialized. Ensure RedisInitializer.initialize() runs during application startup (lifespan). To allow lazy init (legacy), set RESYNC_REDIS_LAZY_INIT=1.
Traceback (most recent call last):
  File "D:\Python\GITHUB\resync\6.0\resync\api\monitoring_dashboard.py", line 579, in metrics_collector_loop
    redis = get_redis_client()
  File "D:\Python\GITHUB\resync\6.0\resync\core\redis_init.py", line 103, in get_redis_client
    raise RuntimeError(
    ...<3 lines>...
    )
RuntimeError: Redis client not initialized. Ensure RedisInitializer.initialize() runs during application startup (lifespan). To allow lazy init (legacy), set RESYNC_REDIS_LAZY_INIT=1.
ERROR    resync.api.admin:admin.py:108 Failed to render admin dashboard: 'admin.html' not found in search path: 'D:\\Python\\GITHUB\\resync\\6.0\\templates'
Traceback (most recent call last):
  File "D:\Python\GITHUB\resync\6.0\resync\api\admin.py", line 103, in admin_dashboard
    return templates.TemplateResponse("admin.html", {"request": request})
           ~~~~~~~~~~~~~~~~~~~~~~~~~~^^^^^^^^^^^^^^^^^^^^^^^^^^^^^^^^^^^^
  File "C:\Users\User\AppData\Local\Programs\Python\Python313\Lib\site-packages\starlette\templating.py", line 209, in TemplateResponse
    template = self.get_template(name)
  File "C:\Users\User\AppData\Local\Programs\Python\Python313\Lib\site-packages\starlette\templating.py", line 132, in get_template
    return self.env.get_template(name)
           ~~~~~~~~~~~~~~~~~~~~~^^^^^^
  File "C:\Users\User\AppData\Local\Programs\Python\Python313\Lib\site-packages\jinja2\environment.py", line 1016, in get_template
    return self._load_template(name, globals)
           ~~~~~~~~~~~~~~~~~~~^^^^^^^^^^^^^^^
  File "C:\Users\User\AppData\Local\Programs\Python\Python313\Lib\site-packages\jinja2\environment.py", line 975, in _load_template
    template = self.loader.load(self, name, self.make_globals(globals))
  File "C:\Users\User\AppData\Local\Programs\Python\Python313\Lib\site-packages\jinja2\loaders.py", line 126, in load
    source, filename, uptodate = self.get_source(environment, name)
                                 ~~~~~~~~~~~~~~~^^^^^^^^^^^^^^^^^^^
  File "C:\Users\User\AppData\Local\Programs\Python\Python313\Lib\site-packages\jinja2\loaders.py", line 209, in get_source
    raise TemplateNotFound(
    ...<2 lines>...
    )
jinja2.exceptions.TemplateNotFound: 'admin.html' not found in search path: 'D:\\Python\\GITHUB\\resync\\6.0\\templates'
============================== warnings summary ===============================
resync/tests/test_ui_smoke.py::test_admin_ui_renders_and_serves_css
resync/tests/test_ui_smoke.py::test_admin_ui_renders_and_serves_css
  C:\Users\User\AppData\Local\Programs\Python\Python313\Lib\site-packages\starlette\templating.py:162: DeprecationWarning: The `name` is not the first parameter anymore. The first parameter should be the `Request` instance.
  Replace `TemplateResponse(name, {"request": request})` by `TemplateResponse(request, name)`.
    warnings.warn(

resync/tests/test_ui_smoke.py::test_admin_ui_renders_and_serves_css
resync/tests/test_ui_smoke.py::test_admin_ui_renders_and_serves_css
  C:\Users\User\AppData\Local\Programs\Python\Python313\Lib\site-packages\pydantic\_internal\_generate_schema.py:298: PydanticDeprecatedSince20: `json_encoders` is deprecated. See https://docs.pydantic.dev/2.11/concepts/serialization/#custom-serializers for alternatives. Deprecated in Pydantic V2.0 to be removed in V3.0. See Pydantic V2 Migration Guide at https://errors.pydantic.dev/2.11/migration/
    warnings.warn(

resync/tests/test_ui_smoke.py::test_admin_ui_renders_and_serves_css
  D:\Python\GITHUB\resync\6.0\resync\core\database\models\teams.py:8: MovedIn20Warning: The ``declarative_base()`` function is now available as sqlalchemy.orm.declarative_base(). (deprecated since: 2.0) (Background on SQLAlchemy 2.0 at: https://sqlalche.me/e/b8d9)
    Base = declarative_base()

resync/tests/test_ui_smoke.py::test_admin_ui_renders_and_serves_css
  D:\Python\GITHUB\resync\6.0\resync\api\health.py:10: DeprecationWarning: Importing 'get_health_check_service' from 'resync.core.health' is deprecated. Use 'get_unified_health_service' instead.
    from resync.core.health import (

resync/tests/test_ui_smoke.py::test_admin_ui_renders_and_serves_css
  D:\Python\GITHUB\resync\6.0\resync\api\routes\monitoring\dashboard.py:462: DeprecationWarning: 
          on_event is deprecated, use lifespan event handlers instead.
  
          Read more about it in the
          [FastAPI docs for Lifespan Events](https://fastapi.tiangolo.com/advanced/events/).
          
    @router.on_event("startup")

resync/tests/test_ui_smoke.py::test_admin_ui_renders_and_serves_css
  D:\Python\GITHUB\resync\6.0\resync\core\database\models\teams_notifications.py:8: MovedIn20Warning: The ``declarative_base()`` function is now available as sqlalchemy.orm.declarative_base(). (deprecated since: 2.0) (Background on SQLAlchemy 2.0 at: https://sqlalche.me/e/b8d9)
    Base = declarative_base()

resync/tests/test_ui_smoke.py::test_admin_ui_renders_and_serves_css
  D:\Python\GITHUB\resync\6.0\resync\api\routes\core\health.py:621: DeprecationWarning: 
          on_event is deprecated, use lifespan event handlers instead.
  
          Read more about it in the
          [FastAPI docs for Lifespan Events](https://fastapi.tiangolo.com/advanced/events/).
          
    @router.on_event("shutdown")

-- Docs: https://docs.pytest.org/en/stable/how-to/capture-warnings.html
=========================== short test summary info ===========================
FAILED resync/tests/test_database_security.py::TestDatabaseInputValidator::test_validate_string_input_invalid_cases
FAILED resync/tests/test_database_security.py::TestSQLInjectionMiddleware::test_sql_injection_detection_patterns
FAILED resync/tests/test_database_security.py::TestAuditRecordValidation::test_validate_audit_record_invalid_cases
FAILED resync/tests/test_database_security.py::TestSQLInjectionAttackVectors::test_boolean_based_attacks
FAILED resync/tests/test_ui_smoke.py::test_admin_ui_renders_and_serves_css - ...
================== 5 failed, 29 passed, 9 warnings in 18.03s ==================
